<?xml version="1.0" encoding="UTF-8"?>
<testsuites name="SPRINT 2" time="500.593" tests="6" failures="0" errors="0">
   <testsuite name="SPRINT 2" tests="6" failures="0" errors="0" time="500.593" skipped="0" timestamp="03-01-2025T15:10:54" hostname="henri - Henri" id="Test Suites/SPRINT 2">
      <properties>
         <property name="deviceName" value=""/>
         <property name="devicePlatform"/>
         <property name="logFolder" value="C:\\Users\\henri\\Videos\\school-payment-automation-testing\\Reports\\20250103_151048\\SPRINT 2\\20250103_151048"/>
         <property name="logFiles" value="C:\\Users\\henri\\Videos\\school-payment-automation-testing\\Reports\\20250103_151048\\SPRINT 2\\20250103_151048\\execution0.log"/>
         <property name="attachments" value="C:\\Users\\henri\\Videos\\school-payment-automation-testing\\Reports\\20250103_151048\\SPRINT 2\\20250103_151048\\1735891936847.png, C:\\Users\\henri\\Videos\\school-payment-automation-testing\\Reports\\20250103_151048\\SPRINT 2\\20250103_151048\\1735891939286.png, C:\\Users\\henri\\Videos\\school-payment-automation-testing\\Reports\\20250103_151048\\SPRINT 2\\20250103_151048\\1735891999697.png"/>
         <property name="hostName" value="henri - Henri"/>
         <property name="os" value="Windows 11 64bit"/>
         <property name="katalonVersion" value="10.0.0.223"/>
         <property name="browser" value="Chrome 131.0.0.0"/>
         <property name="hostAddress" value="192.168.0.116"/>
         <property name="sessionId" value="fe1e892a75ab3a23189e87c22a63041f"/>
         <property name="seleniumVersion" value="4.22.0"/>
         <property name="proxyInformation" value="ProxyInformation { proxyOption=NO_PROXY, proxyServerType=HTTP, username=, password=********, proxyServerAddress=, proxyServerPort=0, executionList=&quot;&quot;, isApplyToDesiredCapabilities=true }"/>
         <property name="platform" value="Windows 11"/>
      </properties>
      <testcase name="Test Cases/Regresi Feature/Sprint 2/Regresi Informasi Sekolah" time="91.191" classname="Test Cases/Regresi Feature/Sprint 2/Regresi Informasi Sekolah" status="PASSED">
         <system-out><![CDATA[03-01-2025T15:10:54 - [TEST_CASE][PASSED] - Test Cases/Regresi Feature/Sprint 2/Regresi Informasi Sekolah: Test Cases/Regresi Feature/Sprint 2/Regresi Informasi Sekolah

03-01-2025T15:10:55 - [TEST_STEP][PASSED] - for ([i = 1, i <= maxLoop, (i++)]): null

03-01-2025T15:10:55 - [TEST_STEP][PASSED] - callTestCase(findTestCase("Test Cases/Pengaturan Sistem/Admin Sekolah/Master Informasi Sekolah/Edit Informasi Sekolah"), [:], CONTINUE_ON_FAILURE): Call Test Case 'Test Cases/Pengaturan Sistem/Admin Sekolah/Master Informasi Sekolah/Edit Informasi Sekolah' successfully

03-01-2025T15:10:55 - [TEST_CASE][PASSED] - Test Cases/Pengaturan Sistem/Admin Sekolah/Master Informasi Sekolah/Edit Informasi Sekolah: Test Cases/Pengaturan Sistem/Admin Sekolah/Master Informasi Sekolah/Edit Informasi Sekolah

03-01-2025T15:10:55 - [TEST_STEP][PASSED] - openBrowser("", OPTIONAL): Browser is opened with url: ''

03-01-2025T15:10:55 - [MESSAGE][INFO] - Starting 'Chrome' driver

03-01-2025T15:10:55 - [MESSAGE][INFO] - Action delay is set to 0 milliseconds

03-01-2025T15:10:57 - [MESSAGE][PASSED] - Browser is opened with url: ''

03-01-2025T15:10:57 - [TEST_STEP][PASSED] - maximizeWindow(OPTIONAL): Current window maximized

03-01-2025T15:10:57 - [MESSAGE][PASSED] - Current window maximized

03-01-2025T15:10:57 - [TEST_STEP][PASSED] - navigateToUrl("https://sit.siprusedu.com/login", OPTIONAL): Navigate to 'https://sit.siprusedu.com/login' successfully

03-01-2025T15:10:58 - [MESSAGE][PASSED] - Navigate to 'https://sit.siprusedu.com/login' successfully

03-01-2025T15:10:58 - [TEST_STEP][PASSED] - setText(findTestObject("Object Repository/Master Data/Admin Sekolah/Login/Field Email"), "admin.gudangsolusi@digiform.co.id", OPTIONAL): Text 'admin.gudangsolusi@digiform.co.id' is set on object 'Object Repository/Master Data/Admin Sekolah/Login/Field Email'

03-01-2025T15:10:59 - [MESSAGE][PASSED] - Text 'admin.gudangsolusi@digiform.co.id' is set on object 'Object Repository/Master Data/Admin Sekolah/Login/Field Email'

03-01-2025T15:10:59 - [TEST_STEP][PASSED] - setText(findTestObject("Object Repository/Master Data/Admin Sekolah/Login/Input Password"), "Test1234", OPTIONAL): Text 'Test1234' is set on object 'Object Repository/Master Data/Admin Sekolah/Login/Input Password'

03-01-2025T15:11:00 - [MESSAGE][PASSED] - Text 'Test1234' is set on object 'Object Repository/Master Data/Admin Sekolah/Login/Input Password'

03-01-2025T15:11:00 - [TEST_STEP][PASSED] - click(findTestObject("Object Repository/Master Data/Admin Sekolah/Login/Button Submit"), OPTIONAL): Object: 'Object Repository/Master Data/Admin Sekolah/Login/Button Submit' is clicked on

03-01-2025T15:11:00 - [MESSAGE][PASSED] - Object: 'Object Repository/Master Data/Admin Sekolah/Login/Button Submit' is clicked on

03-01-2025T15:11:00 - [TEST_STEP][PASSED] - delay(1, OPTIONAL): Delayed 1 second(s)

03-01-2025T15:11:01 - [MESSAGE][PASSED] - Delayed 1 second(s)

03-01-2025T15:11:01 - [TEST_STEP][PASSED] - click(findTestObject("Object Repository/Pengaturan Sistem/Admin Sekolah/Page_Beranda/Menu Pengaturan sistem"), OPTIONAL): Object: 'Object Repository/Pengaturan Sistem/Admin Sekolah/Page_Beranda/Menu Pengaturan sistem' is clicked on

03-01-2025T15:11:02 - [MESSAGE][PASSED] - Object: 'Object Repository/Pengaturan Sistem/Admin Sekolah/Page_Beranda/Menu Pengaturan sistem' is clicked on

03-01-2025T15:11:02 - [TEST_STEP][PASSED] - click(findTestObject("Object Repository/Pengaturan Sistem/Admin Sekolah/Page_Pengaturan Sistem - Pengaturan Sistem/Menu Informasi Sekolah"), OPTIONAL): Object: 'Object Repository/Pengaturan Sistem/Admin Sekolah/Page_Pengaturan Sistem - Pengaturan Sistem/Menu Informasi Sekolah' is clicked on

03-01-2025T15:11:02 - [MESSAGE][PASSED] - Object: 'Object Repository/Pengaturan Sistem/Admin Sekolah/Page_Pengaturan Sistem - Pengaturan Sistem/Menu Informasi Sekolah' is clicked on

03-01-2025T15:11:02 - [TEST_STEP][PASSED] - click(findTestObject("Object Repository/Pengaturan Sistem/Admin Sekolah/NPSN (Nomor Pokok Sekolah Nasional)/input_Edit Sekolah_npsn"), OPTIONAL): Object: 'Object Repository/Pengaturan Sistem/Admin Sekolah/NPSN (Nomor Pokok Sekolah Nasional)/input_Edit Sekolah_npsn' is clicked on

03-01-2025T15:11:03 - [MESSAGE][PASSED] - Object: 'Object Repository/Pengaturan Sistem/Admin Sekolah/NPSN (Nomor Pokok Sekolah Nasional)/input_Edit Sekolah_npsn' is clicked on

03-01-2025T15:11:03 - [TEST_STEP][PASSED] - executeJavaScript("document.querySelector('input[name="npsn"]').value=''", null, OPTIONAL): Execute JavaScript 'document.querySelector('input[name="npsn"]').value=''' successfully

03-01-2025T15:11:03 - [MESSAGE][PASSED] - Execute JavaScript 'document.querySelector('input[name="npsn"]').value=''' successfully

03-01-2025T15:11:03 - [TEST_STEP][PASSED] - delay(1, OPTIONAL): Delayed 1 second(s)

03-01-2025T15:11:04 - [MESSAGE][PASSED] - Delayed 1 second(s)

03-01-2025T15:11:04 - [TEST_STEP][PASSED] - setText(findTestObject("Object Repository/Pengaturan Sistem/Admin Sekolah/NPSN (Nomor Pokok Sekolah Nasional)/input_Edit Sekolah_npsn"), "20025002", OPTIONAL): Text '20025002' is set on object 'Object Repository/Pengaturan Sistem/Admin Sekolah/NPSN (Nomor Pokok Sekolah Nasional)/input_Edit Sekolah_npsn'

03-01-2025T15:11:05 - [MESSAGE][PASSED] - Text '20025002' is set on object 'Object Repository/Pengaturan Sistem/Admin Sekolah/NPSN (Nomor Pokok Sekolah Nasional)/input_Edit Sekolah_npsn'

03-01-2025T15:11:05 - [TEST_STEP][PASSED] - click(findTestObject("Object Repository/Pengaturan Sistem/Admin Sekolah/Nama Sekolah/input_Edit Sekolah_schoolName"), OPTIONAL): Object: 'Object Repository/Pengaturan Sistem/Admin Sekolah/Nama Sekolah/input_Edit Sekolah_schoolName' is clicked on

03-01-2025T15:11:05 - [MESSAGE][PASSED] - Object: 'Object Repository/Pengaturan Sistem/Admin Sekolah/Nama Sekolah/input_Edit Sekolah_schoolName' is clicked on

03-01-2025T15:11:05 - [TEST_STEP][PASSED] - executeJavaScript("document.querySelector('input[name="schoolName"]').value=''", null, OPTIONAL): Execute JavaScript 'document.querySelector('input[name="schoolName"]').value=''' successfully

03-01-2025T15:11:05 - [MESSAGE][PASSED] - Execute JavaScript 'document.querySelector('input[name="schoolName"]').value=''' successfully

03-01-2025T15:11:05 - [TEST_STEP][PASSED] - setText(findTestObject("Pengaturan Sistem/Admin Sekolah/Nama Sekolah/input_Edit Sekolah_schoolName"), "PT Aigen Global Teknologi", OPTIONAL): Text 'PT Aigen Global Teknologi' is set on object 'Object Repository/Pengaturan Sistem/Admin Sekolah/Nama Sekolah/input_Edit Sekolah_schoolName'

03-01-2025T15:11:06 - [MESSAGE][PASSED] - Text 'PT Aigen Global Teknologi' is set on object 'Object Repository/Pengaturan Sistem/Admin Sekolah/Nama Sekolah/input_Edit Sekolah_schoolName'

03-01-2025T15:11:06 - [TEST_STEP][PASSED] - click(findTestObject("Pengaturan Sistem/Admin Sekolah/Dropdown_Provinsi/dropdown_provinsi"), OPTIONAL): Object: 'Object Repository/Pengaturan Sistem/Admin Sekolah/Dropdown_Provinsi/dropdown_provinsi' is clicked on

03-01-2025T15:11:06 - [MESSAGE][PASSED] - Object: 'Object Repository/Pengaturan Sistem/Admin Sekolah/Dropdown_Provinsi/dropdown_provinsi' is clicked on

03-01-2025T15:11:06 - [TEST_STEP][PASSED] - click(findTestObject("Pengaturan Sistem/Admin Sekolah/Isi_Provinsi/p_BANTEN"), OPTIONAL): Object: 'Object Repository/Pengaturan Sistem/Admin Sekolah/Isi_Provinsi/p_BANTEN' is clicked on

03-01-2025T15:11:37 - [MESSAGE][INFO] - Unable to find the element located by 'By.xpath: (.//*[normalize-space(text()) and normalize-space(.)='Simpan'])[1]/following::p[18]'. Please recheck the objects properties to make sure the desired element is located. 

03-01-2025T15:11:37 - [MESSAGE][WARNING] - [SELF-HEALING] Failed to find element with id 'Object Repository/Pengaturan Sistem/Admin Sekolah/Isi_Provinsi/p_BANTEN'. Try using Self-healing.

03-01-2025T15:11:37 - [MESSAGE][WARNING] - [SELF-HEALING] The current locator of test object 'Object Repository/Pengaturan Sistem/Admin Sekolah/Isi_Provinsi/p_BANTEN' was broken. Propose an alternative one: '//*/text()[normalize-space(.)='BANTEN']/parent::*'.

03-01-2025T15:11:37 - [MESSAGE][PASSED] - Object: 'Object Repository/Pengaturan Sistem/Admin Sekolah/Isi_Provinsi/p_BANTEN' is clicked on

03-01-2025T15:11:37 - [TEST_STEP][PASSED] - click(findTestObject("Pengaturan Sistem/Admin Sekolah/Dropdown_Kota/dropdown_kota"), OPTIONAL): Object: 'Object Repository/Pengaturan Sistem/Admin Sekolah/Dropdown_Kota/dropdown_kota' is clicked on

03-01-2025T15:11:37 - [MESSAGE][PASSED] - Object: 'Object Repository/Pengaturan Sistem/Admin Sekolah/Dropdown_Kota/dropdown_kota' is clicked on

03-01-2025T15:11:37 - [TEST_STEP][PASSED] - click(findTestObject("Pengaturan Sistem/Admin Sekolah/Isi_Kota/p_KOTA TANGERANG SELATAN"), OPTIONAL): Object: 'Object Repository/Pengaturan Sistem/Admin Sekolah/Isi_Kota/p_KOTA TANGERANG SELATAN' is clicked on

03-01-2025T15:12:09 - [MESSAGE][INFO] - Unable to find the element located by 'By.xpath: (.//*[normalize-space(text()) and normalize-space(.)='Simpan'])[1]/following::p[10]'. Please recheck the objects properties to make sure the desired element is located. 

03-01-2025T15:12:09 - [MESSAGE][WARNING] - [SELF-HEALING] Failed to find element with id 'Object Repository/Pengaturan Sistem/Admin Sekolah/Isi_Kota/p_KOTA TANGERANG SELATAN'. Try using Self-healing.

03-01-2025T15:12:09 - [MESSAGE][WARNING] - [SELF-HEALING] The current locator of test object 'Object Repository/Pengaturan Sistem/Admin Sekolah/Isi_Kota/p_KOTA TANGERANG SELATAN' was broken. Propose an alternative one: '//*/text()[normalize-space(.)='KOTA TANGERANG SELATAN']/parent::*'.

03-01-2025T15:12:09 - [MESSAGE][PASSED] - Object: 'Object Repository/Pengaturan Sistem/Admin Sekolah/Isi_Kota/p_KOTA TANGERANG SELATAN' is clicked on

03-01-2025T15:12:09 - [TEST_STEP][PASSED] - click(findTestObject("Object Repository/Pengaturan Sistem/Admin Sekolah/Alamat Sekolah/TextArea Alamat sekolah"), OPTIONAL): Object: 'Object Repository/Pengaturan Sistem/Admin Sekolah/Alamat Sekolah/TextArea Alamat sekolah' is clicked on

03-01-2025T15:12:09 - [MESSAGE][PASSED] - Object: 'Object Repository/Pengaturan Sistem/Admin Sekolah/Alamat Sekolah/TextArea Alamat sekolah' is clicked on

03-01-2025T15:12:09 - [TEST_STEP][PASSED] - executeJavaScript("document.querySelector('textarea[name="schoolAddress"]').value=''", null, OPTIONAL): Execute JavaScript 'document.querySelector('textarea[name="schoolAddress"]').value=''' successfully

03-01-2025T15:12:09 - [MESSAGE][PASSED] - Execute JavaScript 'document.querySelector('textarea[name="schoolAddress"]').value=''' successfully

03-01-2025T15:12:09 - [TEST_STEP][PASSED] - setText(findTestObject("Object Repository/Pengaturan Sistem/Admin Sekolah/Alamat Sekolah/TextArea Alamat sekolah"), "Jl. Raya Rawa Buntu No 18D", OPTIONAL): Text 'Jl. Raya Rawa Buntu No 18D' is set on object 'Object Repository/Pengaturan Sistem/Admin Sekolah/Alamat Sekolah/TextArea Alamat sekolah'

03-01-2025T15:12:10 - [MESSAGE][PASSED] - Text 'Jl. Raya Rawa Buntu No 18D' is set on object 'Object Repository/Pengaturan Sistem/Admin Sekolah/Alamat Sekolah/TextArea Alamat sekolah'

03-01-2025T15:12:10 - [TEST_STEP][PASSED] - click(findTestObject("Object Repository/Pengaturan Sistem/Admin Sekolah/Phone/input_Edit Sekolah_schoolPhone"), OPTIONAL): Object: 'Object Repository/Pengaturan Sistem/Admin Sekolah/Phone/input_Edit Sekolah_schoolPhone' is clicked on

03-01-2025T15:12:10 - [MESSAGE][PASSED] - Object: 'Object Repository/Pengaturan Sistem/Admin Sekolah/Phone/input_Edit Sekolah_schoolPhone' is clicked on

03-01-2025T15:12:10 - [TEST_STEP][PASSED] - executeJavaScript("document.querySelector('input[name="schoolPhone"]').value=''", null, OPTIONAL): Execute JavaScript 'document.querySelector('input[name="schoolPhone"]').value=''' successfully

03-01-2025T15:12:10 - [MESSAGE][PASSED] - Execute JavaScript 'document.querySelector('input[name="schoolPhone"]').value=''' successfully

03-01-2025T15:12:10 - [TEST_STEP][PASSED] - setText(findTestObject("Object Repository/Pengaturan Sistem/Admin Sekolah/Phone/input_Edit Sekolah_schoolPhone"), "081332924555", OPTIONAL): Text '081332924555' is set on object 'Object Repository/Pengaturan Sistem/Admin Sekolah/Phone/input_Edit Sekolah_schoolPhone'

03-01-2025T15:12:11 - [MESSAGE][PASSED] - Text '081332924555' is set on object 'Object Repository/Pengaturan Sistem/Admin Sekolah/Phone/input_Edit Sekolah_schoolPhone'

03-01-2025T15:12:11 - [TEST_STEP][PASSED] - click(findTestObject("Pengaturan Sistem/Admin Sekolah/Email/input_Edit Sekolah_schoolMail"), OPTIONAL): Object: 'Object Repository/Pengaturan Sistem/Admin Sekolah/Email/input_Edit Sekolah_schoolMail' is clicked on

03-01-2025T15:12:11 - [MESSAGE][PASSED] - Object: 'Object Repository/Pengaturan Sistem/Admin Sekolah/Email/input_Edit Sekolah_schoolMail' is clicked on

03-01-2025T15:12:11 - [TEST_STEP][PASSED] - executeJavaScript("document.querySelector('input[name="schoolMail"]').value=''", null, OPTIONAL): Execute JavaScript 'document.querySelector('input[name="schoolMail"]').value=''' successfully

03-01-2025T15:12:11 - [MESSAGE][PASSED] - Execute JavaScript 'document.querySelector('input[name="schoolMail"]').value=''' successfully

03-01-2025T15:12:11 - [TEST_STEP][PASSED] - setText(findTestObject("Pengaturan Sistem/Admin Sekolah/Email/input_Edit Sekolah_schoolMail"), "reach.us@aigen-global.com", OPTIONAL): Text 'reach.us@aigen-global.com' is set on object 'Object Repository/Pengaturan Sistem/Admin Sekolah/Email/input_Edit Sekolah_schoolMail'

03-01-2025T15:12:12 - [MESSAGE][PASSED] - Text 'reach.us@aigen-global.com' is set on object 'Object Repository/Pengaturan Sistem/Admin Sekolah/Email/input_Edit Sekolah_schoolMail'

03-01-2025T15:12:12 - [TEST_STEP][PASSED] - click(findTestObject("Pengaturan Sistem/Admin Sekolah/Email/input_Edit Sekolah_schoolMail"), OPTIONAL): Object: 'Object Repository/Pengaturan Sistem/Admin Sekolah/Email/input_Edit Sekolah_schoolMail' is clicked on

03-01-2025T15:12:12 - [MESSAGE][PASSED] - Object: 'Object Repository/Pengaturan Sistem/Admin Sekolah/Email/input_Edit Sekolah_schoolMail' is clicked on

03-01-2025T15:12:12 - [TEST_STEP][PASSED] - delay(2, OPTIONAL): Delayed 2 second(s)

03-01-2025T15:12:14 - [MESSAGE][PASSED] - Delayed 2 second(s)

03-01-2025T15:12:14 - [TEST_STEP][PASSED] - executeJavaScript("document.querySelector("input[type='file']").style.display = "block";", null, OPTIONAL): Execute JavaScript 'document.querySelector("input[type='file']").style.display = "block";' successfully

03-01-2025T15:12:14 - [MESSAGE][PASSED] - Execute JavaScript 'document.querySelector("input[type='file']").style.display = "block";' successfully

03-01-2025T15:12:14 - [TEST_STEP][PASSED] - delay(2, OPTIONAL): Delayed 2 second(s)

03-01-2025T15:12:16 - [MESSAGE][PASSED] - Delayed 2 second(s)

03-01-2025T15:12:16 - [TEST_STEP][PASSED] - filePath = "C:\Users\Khairul Pandunata\Desktop\Aigen_Logo.jpeg": null

03-01-2025T15:12:16 - [TEST_STEP][PASSED] - uploadFile(findTestObject("Object Repository/Pengaturan Sistem/Admin Sekolah/Page_Upload/Input_UnggahFile"), filePath, OPTIONAL): Unable to upload file 'C:\Users\Khairul Pandunata\Desktop\Aigen_Logo.jpeg' to object 'Object Repository/Pengaturan Sistem/Admin Sekolah/Page_Upload/Input_UnggahFile' (Root cause: com.kms.katalon.core.exception.StepFailedException: Unable to upload file 'C:\Users\Khairul Pandunata\Desktop\Aigen_Logo.jpeg' to object 'Object Repository/Pengaturan Sistem/Admin Sekolah/Page_Upload/Input_UnggahFile'
	at com.kms.katalon.core.webui.keyword.internal.WebUIKeywordMain.stepFailed(WebUIKeywordMain.groovy:117)
	at com.kms.katalon.core.webui.keyword.internal.WebUIKeywordMain.runKeyword(WebUIKeywordMain.groovy:43)
	at com.kms.katalon.core.webui.keyword.builtin.UploadFileKeyword.uploadFile(UploadFileKeyword.groovy:87)
	at com.kms.katalon.core.webui.keyword.builtin.UploadFileKeyword.execute(UploadFileKeyword.groovy:68)
	at com.kms.katalon.core.keyword.internal.KeywordExecutor.executeKeywordForPlatform(KeywordExecutor.groovy:74)
	at com.kms.katalon.core.webui.keyword.WebUiBuiltInKeywords.uploadFile(WebUiBuiltInKeywords.groovy:4140)
	at Edit Informasi Sekolah.run(Edit Informasi Sekolah:108)
	at com.kms.katalon.core.main.ScriptEngine.run(ScriptEngine.java:194)
	at com.kms.katalon.core.main.ScriptEngine.runScriptAsRawText(ScriptEngine.java:119)
	at com.kms.katalon.core.main.TestCaseExecutor.runScript(TestCaseExecutor.java:448)
	at com.kms.katalon.core.main.TestCaseExecutor.doExecute(TestCaseExecutor.java:439)
	at com.kms.katalon.core.main.TestCaseExecutor.processExecutionPhase(TestCaseExecutor.java:418)
	at com.kms.katalon.core.main.TestCaseExecutor.accessMainPhase(TestCaseExecutor.java:410)
	at com.kms.katalon.core.main.TestCaseExecutor.execute(TestCaseExecutor.java:285)
	at com.kms.katalon.core.main.TestCaseMain.runTestCase(TestCaseMain.java:133)
	at com.kms.katalon.core.keyword.builtin.CallTestCaseKeyword$_callTestCase_closure1.doCall(CallTestCaseKeyword.groovy:59)
	at com.kms.katalon.core.keyword.builtin.CallTestCaseKeyword$_callTestCase_closure1.call(CallTestCaseKeyword.groovy)
	at com.kms.katalon.core.keyword.internal.KeywordMain.runKeyword(KeywordMain.groovy:75)
	at com.kms.katalon.core.keyword.builtin.CallTestCaseKeyword.callTestCase(CallTestCaseKeyword.groovy:81)
	at com.kms.katalon.core.keyword.builtin.CallTestCaseKeyword.execute(CallTestCaseKeyword.groovy:44)
	at com.kms.katalon.core.keyword.internal.KeywordExecutor.executeKeywordForPlatform(KeywordExecutor.groovy:74)
	at com.kms.katalon.core.keyword.BuiltinKeywords.callTestCase(BuiltinKeywords.groovy:310)
	at java.base/jdk.internal.reflect.NativeMethodAccessorImpl.invoke0(Native Method)
	at java.base/jdk.internal.reflect.NativeMethodAccessorImpl.invoke(NativeMethodAccessorImpl.java:77)
	at java.base/jdk.internal.reflect.DelegatingMethodAccessorImpl.invoke(DelegatingMethodAccessorImpl.java:43)
	at Regresi Informasi Sekolah.run(Regresi Informasi Sekolah:22)
	at com.kms.katalon.core.main.ScriptEngine.run(ScriptEngine.java:194)
	at com.kms.katalon.core.main.ScriptEngine.runScriptAsRawText(ScriptEngine.java:119)
	at com.kms.katalon.core.main.TestCaseExecutor.runScript(TestCaseExecutor.java:448)
	at com.kms.katalon.core.main.TestCaseExecutor.doExecute(TestCaseExecutor.java:439)
	at com.kms.katalon.core.main.TestCaseExecutor.processExecutionPhase(TestCaseExecutor.java:418)
	at com.kms.katalon.core.main.TestCaseExecutor.accessMainPhase(TestCaseExecutor.java:410)
	at com.kms.katalon.core.main.TestCaseExecutor.execute(TestCaseExecutor.java:285)
	at com.kms.katalon.core.common.CommonExecutor.accessTestCaseMainPhase(CommonExecutor.java:65)
	at com.kms.katalon.core.main.TestSuiteExecutor.accessTestSuiteMainPhase(TestSuiteExecutor.java:161)
	at com.kms.katalon.core.main.TestSuiteExecutor.execute(TestSuiteExecutor.java:107)
	at com.kms.katalon.core.main.TestCaseMain.startTestSuite(TestCaseMain.java:176)
	at TempTestSuite1735891848116.run(TempTestSuite1735891848116.groovy:35)
	at java.base/jdk.internal.reflect.NativeMethodAccessorImpl.invoke0(Native Method)
	at java.base/jdk.internal.reflect.NativeMethodAccessorImpl.invoke(NativeMethodAccessorImpl.java:77)
	at java.base/jdk.internal.reflect.DelegatingMethodAccessorImpl.invoke(DelegatingMethodAccessorImpl.java:43)
Caused by: org.openqa.selenium.InvalidArgumentException: invalid argument: File not found : C:\Users\Khairul Pandunata\Desktop\Aigen_Logo.jpeg
  (Session info: chrome=131.0.6778.205)
Build info: version: '4.22.0', revision: 'c5f3146703'
System info: os.name: 'Windows 11', os.arch: 'amd64', os.version: '10.0', java.version: '17.0.7'
Driver info: com.kms.katalon.selenium.driver.CChromeDriver
Command: [8411730e73855957434b8501a57f06d1, sendKeysToElement {id=f.72470AD714F33773C29DEA336D89BEA1.d.EB5A6409CF53BB4A45D6178EFE9C567F.e.59, value=[Ljava.lang.CharSequence;@7701b695}]
Capabilities {acceptInsecureCerts: false, browserName: chrome, browserVersion: 131.0.6778.205, chrome: {chromedriverVersion: 130.0.6723.58 (3a50e012e4c9..., userDataDir: C:\Users\henri\AppData\Loca...}, fedcm:accounts: true, goog:chromeOptions: {debuggerAddress: localhost:60337}, networkConnectionEnabled: false, pageLoadStrategy: normal, platformName: windows, proxy: Proxy(), se:cdp: ws://localhost:60337/devtoo..., se:cdpVersion: 131.0.6778.205, setWindowRect: true, strictFileInteractability: false, timeouts: {implicit: 0, pageLoad: 300000, script: 30000}, unhandledPromptBehavior: ignore, webSocketUrl: ws://localhost:20326/sessio..., webauthn:extension:credBlob: true, webauthn:extension:largeBlob: true, webauthn:extension:minPinLength: true, webauthn:extension:prf: true, webauthn:virtualAuthenticators: true}
Element: [[CChromeDriver: chrome on windows (8411730e73855957434b8501a57f06d1)] -> xpath: //input[@type='file' and @id='upload-change-file-Logo Sekolah']]
Session ID: 8411730e73855957434b8501a57f06d1
	at java.base/jdk.internal.reflect.NativeConstructorAccessorImpl.newInstance0(Native Method)
	at java.base/jdk.internal.reflect.NativeConstructorAccessorImpl.newInstance(NativeConstructorAccessorImpl.java:77)
	at java.base/jdk.internal.reflect.DelegatingConstructorAccessorImpl.newInstance(DelegatingConstructorAccessorImpl.java:45)
	at org.openqa.selenium.remote.ErrorCodec.decode(ErrorCodec.java:167)
	at org.openqa.selenium.remote.codec.w3c.W3CHttpResponseCodec.decode(W3CHttpResponseCodec.java:138)
	at org.openqa.selenium.remote.codec.w3c.W3CHttpResponseCodec.decode(W3CHttpResponseCodec.java:50)
	at org.openqa.selenium.remote.HttpCommandExecutor.execute(HttpCommandExecutor.java:190)
	at org.openqa.selenium.remote.service.DriverCommandExecutor.invokeExecute(DriverCommandExecutor.java:216)
	at org.openqa.selenium.remote.service.DriverCommandExecutor.execute(DriverCommandExecutor.java:174)
	at org.openqa.selenium.remote.RemoteWebDriver.execute(RemoteWebDriver.java:518)
	at org.openqa.selenium.remote.RemoteWebElement.execute(RemoteWebElement.java:223)
	at org.openqa.selenium.remote.RemoteWebElement.sendKeys(RemoteWebElement.java:110)
	at java.base/jdk.internal.reflect.NativeMethodAccessorImpl.invoke0(Native Method)
	at java.base/jdk.internal.reflect.NativeMethodAccessorImpl.invoke(NativeMethodAccessorImpl.java:77)
	at java.base/jdk.internal.reflect.DelegatingMethodAccessorImpl.invoke(DelegatingMethodAccessorImpl.java:43)
	at org.openqa.selenium.support.decorators.WebDriverDecorator.call(WebDriverDecorator.java:249)
	at org.openqa.selenium.support.decorators.DefaultDecorated.call(DefaultDecorated.java:48)
	at org.openqa.selenium.support.decorators.WebDriverDecorator.lambda$createProxy$2(WebDriverDecorator.java:321)
	at net.bytebuddy.renamed.java.lang.Object$ByteBuddy$ul1QWcqE.sendKeys(Unknown Source)
	at com.kms.katalon.core.webui.keyword.builtin.UploadFileKeyword$_uploadFile_closure1.doCall(UploadFileKeyword.groovy:80)
	at com.kms.katalon.core.webui.keyword.builtin.UploadFileKeyword$_uploadFile_closure1.call(UploadFileKeyword.groovy)
	at com.kms.katalon.core.webui.keyword.internal.WebUIKeywordMain.runKeyword(WebUIKeywordMain.groovy:35)
	at com.kms.katalon.core.webui.keyword.builtin.UploadFileKeyword.uploadFile(UploadFileKeyword.groovy:87)
	at com.kms.katalon.core.webui.keyword.builtin.UploadFileKeyword.execute(UploadFileKeyword.groovy:68)
	at com.kms.katalon.core.keyword.internal.KeywordExecutor.executeKeywordForPlatform(KeywordExecutor.groovy:74)
	at com.kms.katalon.core.webui.keyword.WebUiBuiltInKeywords.uploadFile(WebUiBuiltInKeywords.groovy:4140)
	at Script1733734833613.run(Script1733734833613.groovy:108)
	at com.kms.katalon.core.main.ScriptEngine.run(ScriptEngine.java:194)
	at com.kms.katalon.core.main.ScriptEngine.runScriptAsRawText(ScriptEngine.java:119)
	at com.kms.katalon.core.main.TestCaseExecutor.runScript(TestCaseExecutor.java:448)
	at com.kms.katalon.core.main.TestCaseExecutor.doExecute(TestCaseExecutor.java:439)
	at com.kms.katalon.core.main.TestCaseExecutor.processExecutionPhase(TestCaseExecutor.java:418)
	at com.kms.katalon.core.main.TestCaseExecutor.accessMainPhase(TestCaseExecutor.java:410)
	at com.kms.katalon.core.main.TestCaseExecutor.execute(TestCaseExecutor.java:285)
	at com.kms.katalon.core.main.TestCaseMain.runTestCase(TestCaseMain.java:133)
	at com.kms.katalon.core.keyword.builtin.CallTestCaseKeyword$_callTestCase_closure1.doCall(CallTestCaseKeyword.groovy:59)
	at com.kms.katalon.core.keyword.builtin.CallTestCaseKeyword$_callTestCase_closure1.call(CallTestCaseKeyword.groovy)
	at com.kms.katalon.core.keyword.internal.KeywordMain.runKeyword(KeywordMain.groovy:75)
	at com.kms.katalon.core.keyword.builtin.CallTestCaseKeyword.callTestCase(CallTestCaseKeyword.groovy:81)
	at com.kms.katalon.core.keyword.builtin.CallTestCaseKeyword.execute(CallTestCaseKeyword.groovy:44)
	at com.kms.katalon.core.keyword.internal.KeywordExecutor.executeKeywordForPlatform(KeywordExecutor.groovy:74)
	at com.kms.katalon.core.keyword.BuiltinKeywords.callTestCase(BuiltinKeywords.groovy:310)
	at java.base/jdk.internal.reflect.NativeMethodAccessorImpl.invoke0(Native Method)
	at java.base/jdk.internal.reflect.NativeMethodAccessorImpl.invoke(NativeMethodAccessorImpl.java:77)
	at java.base/jdk.internal.reflect.DelegatingMethodAccessorImpl.invoke(DelegatingMethodAccessorImpl.java:43)
	at Script1735747665131.run(Script1735747665131.groovy:22)
	... 15 more
)

03-01-2025T15:12:16 - [MESSAGE][WARNING] - Unable to upload file 'C:\Users\Khairul Pandunata\Desktop\Aigen_Logo.jpeg' to object 'Object Repository/Pengaturan Sistem/Admin Sekolah/Page_Upload/Input_UnggahFile' (Root cause: com.kms.katalon.core.exception.StepFailedException: Unable to upload file 'C:\Users\Khairul Pandunata\Desktop\Aigen_Logo.jpeg' to object 'Object Repository/Pengaturan Sistem/Admin Sekolah/Page_Upload/Input_UnggahFile'
	at com.kms.katalon.core.webui.keyword.internal.WebUIKeywordMain.stepFailed(WebUIKeywordMain.groovy:117)
	at com.kms.katalon.core.webui.keyword.internal.WebUIKeywordMain.runKeyword(WebUIKeywordMain.groovy:43)
	at com.kms.katalon.core.webui.keyword.builtin.UploadFileKeyword.uploadFile(UploadFileKeyword.groovy:87)
	at com.kms.katalon.core.webui.keyword.builtin.UploadFileKeyword.execute(UploadFileKeyword.groovy:68)
	at com.kms.katalon.core.keyword.internal.KeywordExecutor.executeKeywordForPlatform(KeywordExecutor.groovy:74)
	at com.kms.katalon.core.webui.keyword.WebUiBuiltInKeywords.uploadFile(WebUiBuiltInKeywords.groovy:4140)
	at Edit Informasi Sekolah.run(Edit Informasi Sekolah:108)
	at com.kms.katalon.core.main.ScriptEngine.run(ScriptEngine.java:194)
	at com.kms.katalon.core.main.ScriptEngine.runScriptAsRawText(ScriptEngine.java:119)
	at com.kms.katalon.core.main.TestCaseExecutor.runScript(TestCaseExecutor.java:448)
	at com.kms.katalon.core.main.TestCaseExecutor.doExecute(TestCaseExecutor.java:439)
	at com.kms.katalon.core.main.TestCaseExecutor.processExecutionPhase(TestCaseExecutor.java:418)
	at com.kms.katalon.core.main.TestCaseExecutor.accessMainPhase(TestCaseExecutor.java:410)
	at com.kms.katalon.core.main.TestCaseExecutor.execute(TestCaseExecutor.java:285)
	at com.kms.katalon.core.main.TestCaseMain.runTestCase(TestCaseMain.java:133)
	at com.kms.katalon.core.keyword.builtin.CallTestCaseKeyword$_callTestCase_closure1.doCall(CallTestCaseKeyword.groovy:59)
	at com.kms.katalon.core.keyword.builtin.CallTestCaseKeyword$_callTestCase_closure1.call(CallTestCaseKeyword.groovy)
	at com.kms.katalon.core.keyword.internal.KeywordMain.runKeyword(KeywordMain.groovy:75)
	at com.kms.katalon.core.keyword.builtin.CallTestCaseKeyword.callTestCase(CallTestCaseKeyword.groovy:81)
	at com.kms.katalon.core.keyword.builtin.CallTestCaseKeyword.execute(CallTestCaseKeyword.groovy:44)
	at com.kms.katalon.core.keyword.internal.KeywordExecutor.executeKeywordForPlatform(KeywordExecutor.groovy:74)
	at com.kms.katalon.core.keyword.BuiltinKeywords.callTestCase(BuiltinKeywords.groovy:310)
	at java.base/jdk.internal.reflect.NativeMethodAccessorImpl.invoke0(Native Method)
	at java.base/jdk.internal.reflect.NativeMethodAccessorImpl.invoke(NativeMethodAccessorImpl.java:77)
	at java.base/jdk.internal.reflect.DelegatingMethodAccessorImpl.invoke(DelegatingMethodAccessorImpl.java:43)
	at Regresi Informasi Sekolah.run(Regresi Informasi Sekolah:22)
	at com.kms.katalon.core.main.ScriptEngine.run(ScriptEngine.java:194)
	at com.kms.katalon.core.main.ScriptEngine.runScriptAsRawText(ScriptEngine.java:119)
	at com.kms.katalon.core.main.TestCaseExecutor.runScript(TestCaseExecutor.java:448)
	at com.kms.katalon.core.main.TestCaseExecutor.doExecute(TestCaseExecutor.java:439)
	at com.kms.katalon.core.main.TestCaseExecutor.processExecutionPhase(TestCaseExecutor.java:418)
	at com.kms.katalon.core.main.TestCaseExecutor.accessMainPhase(TestCaseExecutor.java:410)
	at com.kms.katalon.core.main.TestCaseExecutor.execute(TestCaseExecutor.java:285)
	at com.kms.katalon.core.common.CommonExecutor.accessTestCaseMainPhase(CommonExecutor.java:65)
	at com.kms.katalon.core.main.TestSuiteExecutor.accessTestSuiteMainPhase(TestSuiteExecutor.java:161)
	at com.kms.katalon.core.main.TestSuiteExecutor.execute(TestSuiteExecutor.java:107)
	at com.kms.katalon.core.main.TestCaseMain.startTestSuite(TestCaseMain.java:176)
	at TempTestSuite1735891848116.run(TempTestSuite1735891848116.groovy:35)
	at java.base/jdk.internal.reflect.NativeMethodAccessorImpl.invoke0(Native Method)
	at java.base/jdk.internal.reflect.NativeMethodAccessorImpl.invoke(NativeMethodAccessorImpl.java:77)
	at java.base/jdk.internal.reflect.DelegatingMethodAccessorImpl.invoke(DelegatingMethodAccessorImpl.java:43)
Caused by: org.openqa.selenium.InvalidArgumentException: invalid argument: File not found : C:\Users\Khairul Pandunata\Desktop\Aigen_Logo.jpeg
  (Session info: chrome=131.0.6778.205)
Build info: version: '4.22.0', revision: 'c5f3146703'
System info: os.name: 'Windows 11', os.arch: 'amd64', os.version: '10.0', java.version: '17.0.7'
Driver info: com.kms.katalon.selenium.driver.CChromeDriver
Command: [8411730e73855957434b8501a57f06d1, sendKeysToElement {id=f.72470AD714F33773C29DEA336D89BEA1.d.EB5A6409CF53BB4A45D6178EFE9C567F.e.59, value=[Ljava.lang.CharSequence;@7701b695}]
Capabilities {acceptInsecureCerts: false, browserName: chrome, browserVersion: 131.0.6778.205, chrome: {chromedriverVersion: 130.0.6723.58 (3a50e012e4c9..., userDataDir: C:\Users\henri\AppData\Loca...}, fedcm:accounts: true, goog:chromeOptions: {debuggerAddress: localhost:60337}, networkConnectionEnabled: false, pageLoadStrategy: normal, platformName: windows, proxy: Proxy(), se:cdp: ws://localhost:60337/devtoo..., se:cdpVersion: 131.0.6778.205, setWindowRect: true, strictFileInteractability: false, timeouts: {implicit: 0, pageLoad: 300000, script: 30000}, unhandledPromptBehavior: ignore, webSocketUrl: ws://localhost:20326/sessio..., webauthn:extension:credBlob: true, webauthn:extension:largeBlob: true, webauthn:extension:minPinLength: true, webauthn:extension:prf: true, webauthn:virtualAuthenticators: true}
Element: [[CChromeDriver: chrome on windows (8411730e73855957434b8501a57f06d1)] -> xpath: //input[@type='file' and @id='upload-change-file-Logo Sekolah']]
Session ID: 8411730e73855957434b8501a57f06d1
	at java.base/jdk.internal.reflect.NativeConstructorAccessorImpl.newInstance0(Native Method)
	at java.base/jdk.internal.reflect.NativeConstructorAccessorImpl.newInstance(NativeConstructorAccessorImpl.java:77)
	at java.base/jdk.internal.reflect.DelegatingConstructorAccessorImpl.newInstance(DelegatingConstructorAccessorImpl.java:45)
	at org.openqa.selenium.remote.ErrorCodec.decode(ErrorCodec.java:167)
	at org.openqa.selenium.remote.codec.w3c.W3CHttpResponseCodec.decode(W3CHttpResponseCodec.java:138)
	at org.openqa.selenium.remote.codec.w3c.W3CHttpResponseCodec.decode(W3CHttpResponseCodec.java:50)
	at org.openqa.selenium.remote.HttpCommandExecutor.execute(HttpCommandExecutor.java:190)
	at org.openqa.selenium.remote.service.DriverCommandExecutor.invokeExecute(DriverCommandExecutor.java:216)
	at org.openqa.selenium.remote.service.DriverCommandExecutor.execute(DriverCommandExecutor.java:174)
	at org.openqa.selenium.remote.RemoteWebDriver.execute(RemoteWebDriver.java:518)
	at org.openqa.selenium.remote.RemoteWebElement.execute(RemoteWebElement.java:223)
	at org.openqa.selenium.remote.RemoteWebElement.sendKeys(RemoteWebElement.java:110)
	at java.base/jdk.internal.reflect.NativeMethodAccessorImpl.invoke0(Native Method)
	at java.base/jdk.internal.reflect.NativeMethodAccessorImpl.invoke(NativeMethodAccessorImpl.java:77)
	at java.base/jdk.internal.reflect.DelegatingMethodAccessorImpl.invoke(DelegatingMethodAccessorImpl.java:43)
	at org.openqa.selenium.support.decorators.WebDriverDecorator.call(WebDriverDecorator.java:249)
	at org.openqa.selenium.support.decorators.DefaultDecorated.call(DefaultDecorated.java:48)
	at org.openqa.selenium.support.decorators.WebDriverDecorator.lambda$createProxy$2(WebDriverDecorator.java:321)
	at net.bytebuddy.renamed.java.lang.Object$ByteBuddy$ul1QWcqE.sendKeys(Unknown Source)
	at com.kms.katalon.core.webui.keyword.builtin.UploadFileKeyword$_uploadFile_closure1.doCall(UploadFileKeyword.groovy:80)
	at com.kms.katalon.core.webui.keyword.builtin.UploadFileKeyword$_uploadFile_closure1.call(UploadFileKeyword.groovy)
	at com.kms.katalon.core.webui.keyword.internal.WebUIKeywordMain.runKeyword(WebUIKeywordMain.groovy:35)
	at com.kms.katalon.core.webui.keyword.builtin.UploadFileKeyword.uploadFile(UploadFileKeyword.groovy:87)
	at com.kms.katalon.core.webui.keyword.builtin.UploadFileKeyword.execute(UploadFileKeyword.groovy:68)
	at com.kms.katalon.core.keyword.internal.KeywordExecutor.executeKeywordForPlatform(KeywordExecutor.groovy:74)
	at com.kms.katalon.core.webui.keyword.WebUiBuiltInKeywords.uploadFile(WebUiBuiltInKeywords.groovy:4140)
	at Script1733734833613.run(Script1733734833613.groovy:108)
	at com.kms.katalon.core.main.ScriptEngine.run(ScriptEngine.java:194)
	at com.kms.katalon.core.main.ScriptEngine.runScriptAsRawText(ScriptEngine.java:119)
	at com.kms.katalon.core.main.TestCaseExecutor.runScript(TestCaseExecutor.java:448)
	at com.kms.katalon.core.main.TestCaseExecutor.doExecute(TestCaseExecutor.java:439)
	at com.kms.katalon.core.main.TestCaseExecutor.processExecutionPhase(TestCaseExecutor.java:418)
	at com.kms.katalon.core.main.TestCaseExecutor.accessMainPhase(TestCaseExecutor.java:410)
	at com.kms.katalon.core.main.TestCaseExecutor.execute(TestCaseExecutor.java:285)
	at com.kms.katalon.core.main.TestCaseMain.runTestCase(TestCaseMain.java:133)
	at com.kms.katalon.core.keyword.builtin.CallTestCaseKeyword$_callTestCase_closure1.doCall(CallTestCaseKeyword.groovy:59)
	at com.kms.katalon.core.keyword.builtin.CallTestCaseKeyword$_callTestCase_closure1.call(CallTestCaseKeyword.groovy)
	at com.kms.katalon.core.keyword.internal.KeywordMain.runKeyword(KeywordMain.groovy:75)
	at com.kms.katalon.core.keyword.builtin.CallTestCaseKeyword.callTestCase(CallTestCaseKeyword.groovy:81)
	at com.kms.katalon.core.keyword.builtin.CallTestCaseKeyword.execute(CallTestCaseKeyword.groovy:44)
	at com.kms.katalon.core.keyword.internal.KeywordExecutor.executeKeywordForPlatform(KeywordExecutor.groovy:74)
	at com.kms.katalon.core.keyword.BuiltinKeywords.callTestCase(BuiltinKeywords.groovy:310)
	at java.base/jdk.internal.reflect.NativeMethodAccessorImpl.invoke0(Native Method)
	at java.base/jdk.internal.reflect.NativeMethodAccessorImpl.invoke(NativeMethodAccessorImpl.java:77)
	at java.base/jdk.internal.reflect.DelegatingMethodAccessorImpl.invoke(DelegatingMethodAccessorImpl.java:43)
	at Script1735747665131.run(Script1735747665131.groovy:22)
	... 15 more
)
[[ATTACHMENT|C:\\Users\\henri\\Videos\\school-payment-automation-testing\\Reports\\20250103_151048\\SPRINT 2\\20250103_151048\\1735891936847.png]]

03-01-2025T15:12:16 - [TEST_STEP][PASSED] - executeJavaScript("document.querySelector("input[type='file']").style.display = "block";", null, OPTIONAL): Execute JavaScript 'document.querySelector("input[type='file']").style.display = "block";' successfully

03-01-2025T15:12:17 - [MESSAGE][PASSED] - Execute JavaScript 'document.querySelector("input[type='file']").style.display = "block";' successfully

03-01-2025T15:12:17 - [TEST_STEP][PASSED] - delay(2, OPTIONAL): Delayed 2 second(s)

03-01-2025T15:12:19 - [MESSAGE][PASSED] - Delayed 2 second(s)

03-01-2025T15:12:19 - [TEST_STEP][PASSED] - filePathKop = "C:\Users\Khairul Pandunata\Desktop\Aigen_Kop.png": null

03-01-2025T15:12:19 - [TEST_STEP][PASSED] - uploadFile(findTestObject("Object Repository/Pengaturan Sistem/Admin Sekolah/Page_Upload_Kop/Input_UnggahFileKop"), filePathKop, OPTIONAL): Unable to upload file 'C:\Users\Khairul Pandunata\Desktop\Aigen_Kop.png' to object 'Object Repository/Pengaturan Sistem/Admin Sekolah/Page_Upload_Kop/Input_UnggahFileKop' (Root cause: com.kms.katalon.core.exception.StepFailedException: Unable to upload file 'C:\Users\Khairul Pandunata\Desktop\Aigen_Kop.png' to object 'Object Repository/Pengaturan Sistem/Admin Sekolah/Page_Upload_Kop/Input_UnggahFileKop'
	at com.kms.katalon.core.webui.keyword.internal.WebUIKeywordMain.stepFailed(WebUIKeywordMain.groovy:117)
	at com.kms.katalon.core.webui.keyword.internal.WebUIKeywordMain.runKeyword(WebUIKeywordMain.groovy:43)
	at com.kms.katalon.core.webui.keyword.builtin.UploadFileKeyword.uploadFile(UploadFileKeyword.groovy:87)
	at com.kms.katalon.core.webui.keyword.builtin.UploadFileKeyword.execute(UploadFileKeyword.groovy:68)
	at com.kms.katalon.core.keyword.internal.KeywordExecutor.executeKeywordForPlatform(KeywordExecutor.groovy:74)
	at com.kms.katalon.core.webui.keyword.WebUiBuiltInKeywords.uploadFile(WebUiBuiltInKeywords.groovy:4140)
	at Edit Informasi Sekolah.run(Edit Informasi Sekolah:121)
	at com.kms.katalon.core.main.ScriptEngine.run(ScriptEngine.java:194)
	at com.kms.katalon.core.main.ScriptEngine.runScriptAsRawText(ScriptEngine.java:119)
	at com.kms.katalon.core.main.TestCaseExecutor.runScript(TestCaseExecutor.java:448)
	at com.kms.katalon.core.main.TestCaseExecutor.doExecute(TestCaseExecutor.java:439)
	at com.kms.katalon.core.main.TestCaseExecutor.processExecutionPhase(TestCaseExecutor.java:418)
	at com.kms.katalon.core.main.TestCaseExecutor.accessMainPhase(TestCaseExecutor.java:410)
	at com.kms.katalon.core.main.TestCaseExecutor.execute(TestCaseExecutor.java:285)
	at com.kms.katalon.core.main.TestCaseMain.runTestCase(TestCaseMain.java:133)
	at com.kms.katalon.core.keyword.builtin.CallTestCaseKeyword$_callTestCase_closure1.doCall(CallTestCaseKeyword.groovy:59)
	at com.kms.katalon.core.keyword.builtin.CallTestCaseKeyword$_callTestCase_closure1.call(CallTestCaseKeyword.groovy)
	at com.kms.katalon.core.keyword.internal.KeywordMain.runKeyword(KeywordMain.groovy:75)
	at com.kms.katalon.core.keyword.builtin.CallTestCaseKeyword.callTestCase(CallTestCaseKeyword.groovy:81)
	at com.kms.katalon.core.keyword.builtin.CallTestCaseKeyword.execute(CallTestCaseKeyword.groovy:44)
	at com.kms.katalon.core.keyword.internal.KeywordExecutor.executeKeywordForPlatform(KeywordExecutor.groovy:74)
	at com.kms.katalon.core.keyword.BuiltinKeywords.callTestCase(BuiltinKeywords.groovy:310)
	at java.base/jdk.internal.reflect.NativeMethodAccessorImpl.invoke0(Native Method)
	at java.base/jdk.internal.reflect.NativeMethodAccessorImpl.invoke(NativeMethodAccessorImpl.java:77)
	at java.base/jdk.internal.reflect.DelegatingMethodAccessorImpl.invoke(DelegatingMethodAccessorImpl.java:43)
	at Regresi Informasi Sekolah.run(Regresi Informasi Sekolah:22)
	at com.kms.katalon.core.main.ScriptEngine.run(ScriptEngine.java:194)
	at com.kms.katalon.core.main.ScriptEngine.runScriptAsRawText(ScriptEngine.java:119)
	at com.kms.katalon.core.main.TestCaseExecutor.runScript(TestCaseExecutor.java:448)
	at com.kms.katalon.core.main.TestCaseExecutor.doExecute(TestCaseExecutor.java:439)
	at com.kms.katalon.core.main.TestCaseExecutor.processExecutionPhase(TestCaseExecutor.java:418)
	at com.kms.katalon.core.main.TestCaseExecutor.accessMainPhase(TestCaseExecutor.java:410)
	at com.kms.katalon.core.main.TestCaseExecutor.execute(TestCaseExecutor.java:285)
	at com.kms.katalon.core.common.CommonExecutor.accessTestCaseMainPhase(CommonExecutor.java:65)
	at com.kms.katalon.core.main.TestSuiteExecutor.accessTestSuiteMainPhase(TestSuiteExecutor.java:161)
	at com.kms.katalon.core.main.TestSuiteExecutor.execute(TestSuiteExecutor.java:107)
	at com.kms.katalon.core.main.TestCaseMain.startTestSuite(TestCaseMain.java:176)
	at TempTestSuite1735891848116.run(TempTestSuite1735891848116.groovy:35)
	at java.base/jdk.internal.reflect.NativeMethodAccessorImpl.invoke0(Native Method)
	at java.base/jdk.internal.reflect.NativeMethodAccessorImpl.invoke(NativeMethodAccessorImpl.java:77)
	at java.base/jdk.internal.reflect.DelegatingMethodAccessorImpl.invoke(DelegatingMethodAccessorImpl.java:43)
Caused by: org.openqa.selenium.InvalidArgumentException: invalid argument: File not found : C:\Users\Khairul Pandunata\Desktop\Aigen_Kop.png
  (Session info: chrome=131.0.6778.205)
Build info: version: '4.22.0', revision: 'c5f3146703'
System info: os.name: 'Windows 11', os.arch: 'amd64', os.version: '10.0', java.version: '17.0.7'
Driver info: com.kms.katalon.selenium.driver.CChromeDriver
Command: [8411730e73855957434b8501a57f06d1, sendKeysToElement {id=f.72470AD714F33773C29DEA336D89BEA1.d.EB5A6409CF53BB4A45D6178EFE9C567F.e.60, value=[Ljava.lang.CharSequence;@38821ada}]
Capabilities {acceptInsecureCerts: false, browserName: chrome, browserVersion: 131.0.6778.205, chrome: {chromedriverVersion: 130.0.6723.58 (3a50e012e4c9..., userDataDir: C:\Users\henri\AppData\Loca...}, fedcm:accounts: true, goog:chromeOptions: {debuggerAddress: localhost:60337}, networkConnectionEnabled: false, pageLoadStrategy: normal, platformName: windows, proxy: Proxy(), se:cdp: ws://localhost:60337/devtoo..., se:cdpVersion: 131.0.6778.205, setWindowRect: true, strictFileInteractability: false, timeouts: {implicit: 0, pageLoad: 300000, script: 30000}, unhandledPromptBehavior: ignore, webSocketUrl: ws://localhost:20326/sessio..., webauthn:extension:credBlob: true, webauthn:extension:largeBlob: true, webauthn:extension:minPinLength: true, webauthn:extension:prf: true, webauthn:virtualAuthenticators: true}
Element: [[CChromeDriver: chrome on windows (8411730e73855957434b8501a57f06d1)] -> xpath: //input[@type='file' and @id='upload-change-file-Kop Surat']]
Session ID: 8411730e73855957434b8501a57f06d1
	at java.base/jdk.internal.reflect.NativeConstructorAccessorImpl.newInstance0(Native Method)
	at java.base/jdk.internal.reflect.NativeConstructorAccessorImpl.newInstance(NativeConstructorAccessorImpl.java:77)
	at java.base/jdk.internal.reflect.DelegatingConstructorAccessorImpl.newInstance(DelegatingConstructorAccessorImpl.java:45)
	at org.openqa.selenium.remote.ErrorCodec.decode(ErrorCodec.java:167)
	at org.openqa.selenium.remote.codec.w3c.W3CHttpResponseCodec.decode(W3CHttpResponseCodec.java:138)
	at org.openqa.selenium.remote.codec.w3c.W3CHttpResponseCodec.decode(W3CHttpResponseCodec.java:50)
	at org.openqa.selenium.remote.HttpCommandExecutor.execute(HttpCommandExecutor.java:190)
	at org.openqa.selenium.remote.service.DriverCommandExecutor.invokeExecute(DriverCommandExecutor.java:216)
	at org.openqa.selenium.remote.service.DriverCommandExecutor.execute(DriverCommandExecutor.java:174)
	at org.openqa.selenium.remote.RemoteWebDriver.execute(RemoteWebDriver.java:518)
	at org.openqa.selenium.remote.RemoteWebElement.execute(RemoteWebElement.java:223)
	at org.openqa.selenium.remote.RemoteWebElement.sendKeys(RemoteWebElement.java:110)
	at java.base/jdk.internal.reflect.NativeMethodAccessorImpl.invoke0(Native Method)
	at java.base/jdk.internal.reflect.NativeMethodAccessorImpl.invoke(NativeMethodAccessorImpl.java:77)
	at java.base/jdk.internal.reflect.DelegatingMethodAccessorImpl.invoke(DelegatingMethodAccessorImpl.java:43)
	at org.openqa.selenium.support.decorators.WebDriverDecorator.call(WebDriverDecorator.java:249)
	at org.openqa.selenium.support.decorators.DefaultDecorated.call(DefaultDecorated.java:48)
	at org.openqa.selenium.support.decorators.WebDriverDecorator.lambda$createProxy$2(WebDriverDecorator.java:321)
	at net.bytebuddy.renamed.java.lang.Object$ByteBuddy$fFqHn5BH.sendKeys(Unknown Source)
	at com.kms.katalon.core.webui.keyword.builtin.UploadFileKeyword$_uploadFile_closure1.doCall(UploadFileKeyword.groovy:80)
	at com.kms.katalon.core.webui.keyword.builtin.UploadFileKeyword$_uploadFile_closure1.call(UploadFileKeyword.groovy)
	at com.kms.katalon.core.webui.keyword.internal.WebUIKeywordMain.runKeyword(WebUIKeywordMain.groovy:35)
	at com.kms.katalon.core.webui.keyword.builtin.UploadFileKeyword.uploadFile(UploadFileKeyword.groovy:87)
	at com.kms.katalon.core.webui.keyword.builtin.UploadFileKeyword.execute(UploadFileKeyword.groovy:68)
	at com.kms.katalon.core.keyword.internal.KeywordExecutor.executeKeywordForPlatform(KeywordExecutor.groovy:74)
	at com.kms.katalon.core.webui.keyword.WebUiBuiltInKeywords.uploadFile(WebUiBuiltInKeywords.groovy:4140)
	at Script1733734833613.run(Script1733734833613.groovy:121)
	at com.kms.katalon.core.main.ScriptEngine.run(ScriptEngine.java:194)
	at com.kms.katalon.core.main.ScriptEngine.runScriptAsRawText(ScriptEngine.java:119)
	at com.kms.katalon.core.main.TestCaseExecutor.runScript(TestCaseExecutor.java:448)
	at com.kms.katalon.core.main.TestCaseExecutor.doExecute(TestCaseExecutor.java:439)
	at com.kms.katalon.core.main.TestCaseExecutor.processExecutionPhase(TestCaseExecutor.java:418)
	at com.kms.katalon.core.main.TestCaseExecutor.accessMainPhase(TestCaseExecutor.java:410)
	at com.kms.katalon.core.main.TestCaseExecutor.execute(TestCaseExecutor.java:285)
	at com.kms.katalon.core.main.TestCaseMain.runTestCase(TestCaseMain.java:133)
	at com.kms.katalon.core.keyword.builtin.CallTestCaseKeyword$_callTestCase_closure1.doCall(CallTestCaseKeyword.groovy:59)
	at com.kms.katalon.core.keyword.builtin.CallTestCaseKeyword$_callTestCase_closure1.call(CallTestCaseKeyword.groovy)
	at com.kms.katalon.core.keyword.internal.KeywordMain.runKeyword(KeywordMain.groovy:75)
	at com.kms.katalon.core.keyword.builtin.CallTestCaseKeyword.callTestCase(CallTestCaseKeyword.groovy:81)
	at com.kms.katalon.core.keyword.builtin.CallTestCaseKeyword.execute(CallTestCaseKeyword.groovy:44)
	at com.kms.katalon.core.keyword.internal.KeywordExecutor.executeKeywordForPlatform(KeywordExecutor.groovy:74)
	at com.kms.katalon.core.keyword.BuiltinKeywords.callTestCase(BuiltinKeywords.groovy:310)
	at java.base/jdk.internal.reflect.NativeMethodAccessorImpl.invoke0(Native Method)
	at java.base/jdk.internal.reflect.NativeMethodAccessorImpl.invoke(NativeMethodAccessorImpl.java:77)
	at java.base/jdk.internal.reflect.DelegatingMethodAccessorImpl.invoke(DelegatingMethodAccessorImpl.java:43)
	at Script1735747665131.run(Script1735747665131.groovy:22)
	... 15 more
)

03-01-2025T15:12:19 - [MESSAGE][WARNING] - Unable to upload file 'C:\Users\Khairul Pandunata\Desktop\Aigen_Kop.png' to object 'Object Repository/Pengaturan Sistem/Admin Sekolah/Page_Upload_Kop/Input_UnggahFileKop' (Root cause: com.kms.katalon.core.exception.StepFailedException: Unable to upload file 'C:\Users\Khairul Pandunata\Desktop\Aigen_Kop.png' to object 'Object Repository/Pengaturan Sistem/Admin Sekolah/Page_Upload_Kop/Input_UnggahFileKop'
	at com.kms.katalon.core.webui.keyword.internal.WebUIKeywordMain.stepFailed(WebUIKeywordMain.groovy:117)
	at com.kms.katalon.core.webui.keyword.internal.WebUIKeywordMain.runKeyword(WebUIKeywordMain.groovy:43)
	at com.kms.katalon.core.webui.keyword.builtin.UploadFileKeyword.uploadFile(UploadFileKeyword.groovy:87)
	at com.kms.katalon.core.webui.keyword.builtin.UploadFileKeyword.execute(UploadFileKeyword.groovy:68)
	at com.kms.katalon.core.keyword.internal.KeywordExecutor.executeKeywordForPlatform(KeywordExecutor.groovy:74)
	at com.kms.katalon.core.webui.keyword.WebUiBuiltInKeywords.uploadFile(WebUiBuiltInKeywords.groovy:4140)
	at Edit Informasi Sekolah.run(Edit Informasi Sekolah:121)
	at com.kms.katalon.core.main.ScriptEngine.run(ScriptEngine.java:194)
	at com.kms.katalon.core.main.ScriptEngine.runScriptAsRawText(ScriptEngine.java:119)
	at com.kms.katalon.core.main.TestCaseExecutor.runScript(TestCaseExecutor.java:448)
	at com.kms.katalon.core.main.TestCaseExecutor.doExecute(TestCaseExecutor.java:439)
	at com.kms.katalon.core.main.TestCaseExecutor.processExecutionPhase(TestCaseExecutor.java:418)
	at com.kms.katalon.core.main.TestCaseExecutor.accessMainPhase(TestCaseExecutor.java:410)
	at com.kms.katalon.core.main.TestCaseExecutor.execute(TestCaseExecutor.java:285)
	at com.kms.katalon.core.main.TestCaseMain.runTestCase(TestCaseMain.java:133)
	at com.kms.katalon.core.keyword.builtin.CallTestCaseKeyword$_callTestCase_closure1.doCall(CallTestCaseKeyword.groovy:59)
	at com.kms.katalon.core.keyword.builtin.CallTestCaseKeyword$_callTestCase_closure1.call(CallTestCaseKeyword.groovy)
	at com.kms.katalon.core.keyword.internal.KeywordMain.runKeyword(KeywordMain.groovy:75)
	at com.kms.katalon.core.keyword.builtin.CallTestCaseKeyword.callTestCase(CallTestCaseKeyword.groovy:81)
	at com.kms.katalon.core.keyword.builtin.CallTestCaseKeyword.execute(CallTestCaseKeyword.groovy:44)
	at com.kms.katalon.core.keyword.internal.KeywordExecutor.executeKeywordForPlatform(KeywordExecutor.groovy:74)
	at com.kms.katalon.core.keyword.BuiltinKeywords.callTestCase(BuiltinKeywords.groovy:310)
	at java.base/jdk.internal.reflect.NativeMethodAccessorImpl.invoke0(Native Method)
	at java.base/jdk.internal.reflect.NativeMethodAccessorImpl.invoke(NativeMethodAccessorImpl.java:77)
	at java.base/jdk.internal.reflect.DelegatingMethodAccessorImpl.invoke(DelegatingMethodAccessorImpl.java:43)
	at Regresi Informasi Sekolah.run(Regresi Informasi Sekolah:22)
	at com.kms.katalon.core.main.ScriptEngine.run(ScriptEngine.java:194)
	at com.kms.katalon.core.main.ScriptEngine.runScriptAsRawText(ScriptEngine.java:119)
	at com.kms.katalon.core.main.TestCaseExecutor.runScript(TestCaseExecutor.java:448)
	at com.kms.katalon.core.main.TestCaseExecutor.doExecute(TestCaseExecutor.java:439)
	at com.kms.katalon.core.main.TestCaseExecutor.processExecutionPhase(TestCaseExecutor.java:418)
	at com.kms.katalon.core.main.TestCaseExecutor.accessMainPhase(TestCaseExecutor.java:410)
	at com.kms.katalon.core.main.TestCaseExecutor.execute(TestCaseExecutor.java:285)
	at com.kms.katalon.core.common.CommonExecutor.accessTestCaseMainPhase(CommonExecutor.java:65)
	at com.kms.katalon.core.main.TestSuiteExecutor.accessTestSuiteMainPhase(TestSuiteExecutor.java:161)
	at com.kms.katalon.core.main.TestSuiteExecutor.execute(TestSuiteExecutor.java:107)
	at com.kms.katalon.core.main.TestCaseMain.startTestSuite(TestCaseMain.java:176)
	at TempTestSuite1735891848116.run(TempTestSuite1735891848116.groovy:35)
	at java.base/jdk.internal.reflect.NativeMethodAccessorImpl.invoke0(Native Method)
	at java.base/jdk.internal.reflect.NativeMethodAccessorImpl.invoke(NativeMethodAccessorImpl.java:77)
	at java.base/jdk.internal.reflect.DelegatingMethodAccessorImpl.invoke(DelegatingMethodAccessorImpl.java:43)
Caused by: org.openqa.selenium.InvalidArgumentException: invalid argument: File not found : C:\Users\Khairul Pandunata\Desktop\Aigen_Kop.png
  (Session info: chrome=131.0.6778.205)
Build info: version: '4.22.0', revision: 'c5f3146703'
System info: os.name: 'Windows 11', os.arch: 'amd64', os.version: '10.0', java.version: '17.0.7'
Driver info: com.kms.katalon.selenium.driver.CChromeDriver
Command: [8411730e73855957434b8501a57f06d1, sendKeysToElement {id=f.72470AD714F33773C29DEA336D89BEA1.d.EB5A6409CF53BB4A45D6178EFE9C567F.e.60, value=[Ljava.lang.CharSequence;@38821ada}]
Capabilities {acceptInsecureCerts: false, browserName: chrome, browserVersion: 131.0.6778.205, chrome: {chromedriverVersion: 130.0.6723.58 (3a50e012e4c9..., userDataDir: C:\Users\henri\AppData\Loca...}, fedcm:accounts: true, goog:chromeOptions: {debuggerAddress: localhost:60337}, networkConnectionEnabled: false, pageLoadStrategy: normal, platformName: windows, proxy: Proxy(), se:cdp: ws://localhost:60337/devtoo..., se:cdpVersion: 131.0.6778.205, setWindowRect: true, strictFileInteractability: false, timeouts: {implicit: 0, pageLoad: 300000, script: 30000}, unhandledPromptBehavior: ignore, webSocketUrl: ws://localhost:20326/sessio..., webauthn:extension:credBlob: true, webauthn:extension:largeBlob: true, webauthn:extension:minPinLength: true, webauthn:extension:prf: true, webauthn:virtualAuthenticators: true}
Element: [[CChromeDriver: chrome on windows (8411730e73855957434b8501a57f06d1)] -> xpath: //input[@type='file' and @id='upload-change-file-Kop Surat']]
Session ID: 8411730e73855957434b8501a57f06d1
	at java.base/jdk.internal.reflect.NativeConstructorAccessorImpl.newInstance0(Native Method)
	at java.base/jdk.internal.reflect.NativeConstructorAccessorImpl.newInstance(NativeConstructorAccessorImpl.java:77)
	at java.base/jdk.internal.reflect.DelegatingConstructorAccessorImpl.newInstance(DelegatingConstructorAccessorImpl.java:45)
	at org.openqa.selenium.remote.ErrorCodec.decode(ErrorCodec.java:167)
	at org.openqa.selenium.remote.codec.w3c.W3CHttpResponseCodec.decode(W3CHttpResponseCodec.java:138)
	at org.openqa.selenium.remote.codec.w3c.W3CHttpResponseCodec.decode(W3CHttpResponseCodec.java:50)
	at org.openqa.selenium.remote.HttpCommandExecutor.execute(HttpCommandExecutor.java:190)
	at org.openqa.selenium.remote.service.DriverCommandExecutor.invokeExecute(DriverCommandExecutor.java:216)
	at org.openqa.selenium.remote.service.DriverCommandExecutor.execute(DriverCommandExecutor.java:174)
	at org.openqa.selenium.remote.RemoteWebDriver.execute(RemoteWebDriver.java:518)
	at org.openqa.selenium.remote.RemoteWebElement.execute(RemoteWebElement.java:223)
	at org.openqa.selenium.remote.RemoteWebElement.sendKeys(RemoteWebElement.java:110)
	at java.base/jdk.internal.reflect.NativeMethodAccessorImpl.invoke0(Native Method)
	at java.base/jdk.internal.reflect.NativeMethodAccessorImpl.invoke(NativeMethodAccessorImpl.java:77)
	at java.base/jdk.internal.reflect.DelegatingMethodAccessorImpl.invoke(DelegatingMethodAccessorImpl.java:43)
	at org.openqa.selenium.support.decorators.WebDriverDecorator.call(WebDriverDecorator.java:249)
	at org.openqa.selenium.support.decorators.DefaultDecorated.call(DefaultDecorated.java:48)
	at org.openqa.selenium.support.decorators.WebDriverDecorator.lambda$createProxy$2(WebDriverDecorator.java:321)
	at net.bytebuddy.renamed.java.lang.Object$ByteBuddy$fFqHn5BH.sendKeys(Unknown Source)
	at com.kms.katalon.core.webui.keyword.builtin.UploadFileKeyword$_uploadFile_closure1.doCall(UploadFileKeyword.groovy:80)
	at com.kms.katalon.core.webui.keyword.builtin.UploadFileKeyword$_uploadFile_closure1.call(UploadFileKeyword.groovy)
	at com.kms.katalon.core.webui.keyword.internal.WebUIKeywordMain.runKeyword(WebUIKeywordMain.groovy:35)
	at com.kms.katalon.core.webui.keyword.builtin.UploadFileKeyword.uploadFile(UploadFileKeyword.groovy:87)
	at com.kms.katalon.core.webui.keyword.builtin.UploadFileKeyword.execute(UploadFileKeyword.groovy:68)
	at com.kms.katalon.core.keyword.internal.KeywordExecutor.executeKeywordForPlatform(KeywordExecutor.groovy:74)
	at com.kms.katalon.core.webui.keyword.WebUiBuiltInKeywords.uploadFile(WebUiBuiltInKeywords.groovy:4140)
	at Script1733734833613.run(Script1733734833613.groovy:121)
	at com.kms.katalon.core.main.ScriptEngine.run(ScriptEngine.java:194)
	at com.kms.katalon.core.main.ScriptEngine.runScriptAsRawText(ScriptEngine.java:119)
	at com.kms.katalon.core.main.TestCaseExecutor.runScript(TestCaseExecutor.java:448)
	at com.kms.katalon.core.main.TestCaseExecutor.doExecute(TestCaseExecutor.java:439)
	at com.kms.katalon.core.main.TestCaseExecutor.processExecutionPhase(TestCaseExecutor.java:418)
	at com.kms.katalon.core.main.TestCaseExecutor.accessMainPhase(TestCaseExecutor.java:410)
	at com.kms.katalon.core.main.TestCaseExecutor.execute(TestCaseExecutor.java:285)
	at com.kms.katalon.core.main.TestCaseMain.runTestCase(TestCaseMain.java:133)
	at com.kms.katalon.core.keyword.builtin.CallTestCaseKeyword$_callTestCase_closure1.doCall(CallTestCaseKeyword.groovy:59)
	at com.kms.katalon.core.keyword.builtin.CallTestCaseKeyword$_callTestCase_closure1.call(CallTestCaseKeyword.groovy)
	at com.kms.katalon.core.keyword.internal.KeywordMain.runKeyword(KeywordMain.groovy:75)
	at com.kms.katalon.core.keyword.builtin.CallTestCaseKeyword.callTestCase(CallTestCaseKeyword.groovy:81)
	at com.kms.katalon.core.keyword.builtin.CallTestCaseKeyword.execute(CallTestCaseKeyword.groovy:44)
	at com.kms.katalon.core.keyword.internal.KeywordExecutor.executeKeywordForPlatform(KeywordExecutor.groovy:74)
	at com.kms.katalon.core.keyword.BuiltinKeywords.callTestCase(BuiltinKeywords.groovy:310)
	at java.base/jdk.internal.reflect.NativeMethodAccessorImpl.invoke0(Native Method)
	at java.base/jdk.internal.reflect.NativeMethodAccessorImpl.invoke(NativeMethodAccessorImpl.java:77)
	at java.base/jdk.internal.reflect.DelegatingMethodAccessorImpl.invoke(DelegatingMethodAccessorImpl.java:43)
	at Script1735747665131.run(Script1735747665131.groovy:22)
	... 15 more
)
[[ATTACHMENT|C:\\Users\\henri\\Videos\\school-payment-automation-testing\\Reports\\20250103_151048\\SPRINT 2\\20250103_151048\\1735891939286.png]]

03-01-2025T15:12:19 - [TEST_STEP][PASSED] - delay(2, OPTIONAL): Delayed 2 second(s)

03-01-2025T15:12:21 - [MESSAGE][PASSED] - Delayed 2 second(s)

03-01-2025T15:12:21 - [TEST_STEP][PASSED] - click(findTestObject("Pengaturan Sistem/Admin Sekolah/button_simpan/button_Simpan"), OPTIONAL): Object: 'Object Repository/Pengaturan Sistem/Admin Sekolah/button_simpan/button_Simpan' is clicked on

03-01-2025T15:12:21 - [MESSAGE][PASSED] - Object: 'Object Repository/Pengaturan Sistem/Admin Sekolah/button_simpan/button_Simpan' is clicked on

03-01-2025T15:12:21 - [TEST_STEP][PASSED] - delay(2, OPTIONAL): Delayed 2 second(s)

03-01-2025T15:12:23 - [MESSAGE][PASSED] - Delayed 2 second(s)

03-01-2025T15:12:23 - [TEST_STEP][PASSED] - click(findTestObject("Pengaturan Sistem/Admin Sekolah/Button_konfirm/div_Ya"), OPTIONAL): Object: 'Object Repository/Pengaturan Sistem/Admin Sekolah/Button_konfirm/div_Ya' is clicked on

03-01-2025T15:12:23 - [MESSAGE][PASSED] - Object: 'Object Repository/Pengaturan Sistem/Admin Sekolah/Button_konfirm/div_Ya' is clicked on

03-01-2025T15:12:23 - [TEST_STEP][PASSED] - delay(2, OPTIONAL): Delayed 2 second(s)

03-01-2025T15:12:25 - [MESSAGE][PASSED] - Delayed 2 second(s)

03-01-2025T15:12:25 - [TEST_STEP][PASSED] - closeBrowser(OPTIONAL): Browser is closed

03-01-2025T15:12:26 - [MESSAGE][PASSED] - Browser is closed

03-01-2025T15:12:26 - [MESSAGE][INFO] - 

03-01-2025T15:12:26 - [MESSAGE][INFO] - ===================== Self-healing Report ====================

03-01-2025T15:12:26 - [MESSAGE][INFO] - One of the failed test object locators has been recovered by Self-healing. Please refer to the Self-healing Insights tab for more details.

03-01-2025T15:12:26 - [MESSAGE][INFO] - To learn more about Self-healing, please read https://docs.katalon.com/katalon-studio/docs/self-healing.html

03-01-2025T15:12:26 - [MESSAGE][INFO] - ==============================================================

03-01-2025T15:12:26 - [MESSAGE][PASSED] - Call Test Case 'Test Cases/Pengaturan Sistem/Admin Sekolah/Master Informasi Sekolah/Edit Informasi Sekolah' successfully

03-01-2025T15:12:26 - [TEST_STEP][PASSED] - println("============================= Loop Again ==============================="): null]]></system-out>
         <system-err><![CDATA[]]></system-err>
      </testcase>
      <testcase name="Test Cases/Regresi Feature/Sprint 2/Regresi Pembayaran Siswa" time="85.147" classname="Test Cases/Regresi Feature/Sprint 2/Regresi Pembayaran Siswa" status="PASSED">
         <system-out><![CDATA[03-01-2025T15:12:26 - [TEST_CASE][PASSED] - Test Cases/Regresi Feature/Sprint 2/Regresi Pembayaran Siswa: Test Cases/Regresi Feature/Sprint 2/Regresi Pembayaran Siswa

03-01-2025T15:12:26 - [TEST_STEP][PASSED] - for ([i = 1, i <= maxLoop, (i++)]): null

03-01-2025T15:12:26 - [TEST_STEP][PASSED] - callTestCase(findTestCase("Test Cases/Master Tagihan/Admin Sekolah/Master Tagihan Pembayaran Siswa/Pembayaran Siswa"), [:], OPTIONAL): Call Test Case 'Test Cases/Master Tagihan/Admin Sekolah/Master Tagihan Pembayaran Siswa/Pembayaran Siswa' successfully

03-01-2025T15:12:26 - [TEST_CASE][PASSED] - Test Cases/Master Tagihan/Admin Sekolah/Master Tagihan Pembayaran Siswa/Pembayaran Siswa: Test Cases/Master Tagihan/Admin Sekolah/Master Tagihan Pembayaran Siswa/Pembayaran Siswa

03-01-2025T15:12:26 - [TEST_STEP][PASSED] - openBrowser(""): Browser is opened with url: ''

03-01-2025T15:12:26 - [MESSAGE][INFO] - Starting 'Chrome' driver

03-01-2025T15:12:26 - [MESSAGE][INFO] - Action delay is set to 0 milliseconds

03-01-2025T15:12:27 - [MESSAGE][PASSED] - Browser is opened with url: ''

03-01-2025T15:12:27 - [TEST_STEP][PASSED] - navigateToUrl("https://sit.siprusedu.com/login"): Navigate to 'https://sit.siprusedu.com/login' successfully

03-01-2025T15:12:27 - [MESSAGE][PASSED] - Navigate to 'https://sit.siprusedu.com/login' successfully

03-01-2025T15:12:27 - [TEST_STEP][PASSED] - maximizeWindow(): Current window maximized

03-01-2025T15:12:28 - [MESSAGE][PASSED] - Current window maximized

03-01-2025T15:12:28 - [TEST_STEP][PASSED] - setText(findTestObject("Master Data/Admin Sekolah/Login/Field Email"), "admin.sekolah@gmail.com"): Text 'admin.sekolah@gmail.com' is set on object 'Object Repository/Master Data/Admin Sekolah/Login/Field Email'

03-01-2025T15:12:29 - [MESSAGE][PASSED] - Text 'admin.sekolah@gmail.com' is set on object 'Object Repository/Master Data/Admin Sekolah/Login/Field Email'

03-01-2025T15:12:29 - [TEST_STEP][PASSED] - setText(findTestObject("Master Data/Admin Sekolah/Login/Input Password"), "Test1234"): Text 'Test1234' is set on object 'Object Repository/Master Data/Admin Sekolah/Login/Input Password'

03-01-2025T15:12:30 - [MESSAGE][PASSED] - Text 'Test1234' is set on object 'Object Repository/Master Data/Admin Sekolah/Login/Input Password'

03-01-2025T15:12:30 - [TEST_STEP][PASSED] - click(findTestObject("Master Data/Admin Sekolah/Login/Button Submit")): Object: 'Object Repository/Master Data/Admin Sekolah/Login/Button Submit' is clicked on

03-01-2025T15:12:30 - [MESSAGE][PASSED] - Object: 'Object Repository/Master Data/Admin Sekolah/Login/Button Submit' is clicked on

03-01-2025T15:12:30 - [TEST_STEP][PASSED] - click(findTestObject("Master Tagihan/Admin Sekolah/Pembayaran Siswa/Homepage/Menu Tagihan")): Object: 'Object Repository/Master Tagihan/Admin Sekolah/Pembayaran Siswa/Homepage/Menu Tagihan' is clicked on

03-01-2025T15:12:32 - [MESSAGE][PASSED] - Object: 'Object Repository/Master Tagihan/Admin Sekolah/Pembayaran Siswa/Homepage/Menu Tagihan' is clicked on

03-01-2025T15:12:32 - [TEST_STEP][PASSED] - click(findTestObject("Master Tagihan/Admin Sekolah/Pembayaran Siswa/Homepage/Sub Menu Pembayaran Siswa")): Object: 'Object Repository/Master Tagihan/Admin Sekolah/Pembayaran Siswa/Homepage/Sub Menu Pembayaran Siswa' is clicked on

03-01-2025T15:12:33 - [MESSAGE][PASSED] - Object: 'Object Repository/Master Tagihan/Admin Sekolah/Pembayaran Siswa/Homepage/Sub Menu Pembayaran Siswa' is clicked on

03-01-2025T15:12:33 - [TEST_STEP][PASSED] - setText(findTestObject("Master Tagihan/Admin Sekolah/Pembayaran Siswa/Homepage/Sub Menu Pembayaran Siswa (1)/Field Pencarian Siswa"), "adam"): Text 'adam' is set on object 'Object Repository/Master Tagihan/Admin Sekolah/Pembayaran Siswa/Homepage/Sub Menu Pembayaran Siswa (1)/Field Pencarian Siswa'

03-01-2025T15:12:54 - [MESSAGE][PASSED] - Text 'adam' is set on object 'Object Repository/Master Tagihan/Admin Sekolah/Pembayaran Siswa/Homepage/Sub Menu Pembayaran Siswa (1)/Field Pencarian Siswa'

03-01-2025T15:12:54 - [TEST_STEP][PASSED] - delay(2): Delayed 2 second(s)

03-01-2025T15:12:56 - [MESSAGE][PASSED] - Delayed 2 second(s)

03-01-2025T15:12:56 - [TEST_STEP][PASSED] - click(findTestObject("Master Tagihan/Admin Sekolah/Pembayaran Siswa/Homepage/Sub Menu Pembayaran Siswa (1)/Value Rekomendasi Siswa")): Object: 'Object Repository/Master Tagihan/Admin Sekolah/Pembayaran Siswa/Homepage/Sub Menu Pembayaran Siswa (1)/Value Rekomendasi Siswa' is clicked on

03-01-2025T15:12:57 - [MESSAGE][PASSED] - Object: 'Object Repository/Master Tagihan/Admin Sekolah/Pembayaran Siswa/Homepage/Sub Menu Pembayaran Siswa (1)/Value Rekomendasi Siswa' is clicked on

03-01-2025T15:12:57 - [TEST_STEP][PASSED] - click(findTestObject("Master Tagihan/Admin Sekolah/Pembayaran Siswa/Homepage/Sub Menu Pembayaran Siswa (1)/Page Pembayaran Siswa/Button Riwayat Pembayaran")): Object: 'Object Repository/Master Tagihan/Admin Sekolah/Pembayaran Siswa/Homepage/Sub Menu Pembayaran Siswa (1)/Page Pembayaran Siswa/Button Riwayat Pembayaran' is clicked on

03-01-2025T15:12:58 - [MESSAGE][PASSED] - Object: 'Object Repository/Master Tagihan/Admin Sekolah/Pembayaran Siswa/Homepage/Sub Menu Pembayaran Siswa (1)/Page Pembayaran Siswa/Button Riwayat Pembayaran' is clicked on

03-01-2025T15:12:58 - [TEST_STEP][PASSED] - verifyElementVisible(findTestObject("Master Tagihan/Admin Sekolah/Pembayaran Siswa/Homepage/Sub Menu Pembayaran Siswa (1)/Verifikasi Nama Siswa")): Object 'Object Repository/Master Tagihan/Admin Sekolah/Pembayaran Siswa/Homepage/Sub Menu Pembayaran Siswa (1)/Verifikasi Nama Siswa' is visible

03-01-2025T15:12:58 - [MESSAGE][PASSED] - Object 'Object Repository/Master Tagihan/Admin Sekolah/Pembayaran Siswa/Homepage/Sub Menu Pembayaran Siswa (1)/Verifikasi Nama Siswa' is visible

03-01-2025T15:12:58 - [TEST_STEP][PASSED] - back(): Navigate back successfully

03-01-2025T15:12:58 - [MESSAGE][PASSED] - Navigate back successfully

03-01-2025T15:12:58 - [TEST_STEP][PASSED] - setText(findTestObject("Master Tagihan/Admin Sekolah/Pembayaran Siswa/Homepage/Sub Menu Pembayaran Siswa (1)/Field Pencarian Siswa"), "adam"): Text 'adam' is set on object 'Object Repository/Master Tagihan/Admin Sekolah/Pembayaran Siswa/Homepage/Sub Menu Pembayaran Siswa (1)/Field Pencarian Siswa'

03-01-2025T15:12:59 - [MESSAGE][PASSED] - Text 'adam' is set on object 'Object Repository/Master Tagihan/Admin Sekolah/Pembayaran Siswa/Homepage/Sub Menu Pembayaran Siswa (1)/Field Pencarian Siswa'

03-01-2025T15:12:59 - [TEST_STEP][PASSED] - delay(2): Delayed 2 second(s)

03-01-2025T15:13:01 - [MESSAGE][PASSED] - Delayed 2 second(s)

03-01-2025T15:13:01 - [TEST_STEP][PASSED] - click(findTestObject("Master Tagihan/Admin Sekolah/Pembayaran Siswa/Homepage/Sub Menu Pembayaran Siswa (1)/Value Rekomendasi Siswa")): Object: 'Object Repository/Master Tagihan/Admin Sekolah/Pembayaran Siswa/Homepage/Sub Menu Pembayaran Siswa (1)/Value Rekomendasi Siswa' is clicked on

03-01-2025T15:13:01 - [MESSAGE][PASSED] - Object: 'Object Repository/Master Tagihan/Admin Sekolah/Pembayaran Siswa/Homepage/Sub Menu Pembayaran Siswa (1)/Value Rekomendasi Siswa' is clicked on

03-01-2025T15:13:01 - [TEST_STEP][PASSED] - ["Nama Tagihan", "Tipe Tagihan", "Tanggal Tagihan", "Jumlah Tagihan"].each({ java.lang.Object row -> ... }): Object: 'Object Repository/Master Tagihan/Admin Sekolah/Pembayaran Siswa/Homepage/Sub Menu Pembayaran Siswa (1)/Data in Table/Row Jumlah Tagihan' is clicked on

03-01-2025T15:13:03 - [MESSAGE][PASSED] - Object: 'Object Repository/Master Tagihan/Admin Sekolah/Pembayaran Siswa/Homepage/Sub Menu Pembayaran Siswa (1)/Data in Table/Row Nama Tagihan' is clicked on

03-01-2025T15:13:04 - [MESSAGE][PASSED] - Object: 'Object Repository/Master Tagihan/Admin Sekolah/Pembayaran Siswa/Homepage/Sub Menu Pembayaran Siswa (1)/Data in Table/Row Nama Tagihan' is clicked on

03-01-2025T15:13:05 - [MESSAGE][PASSED] - Object: 'Object Repository/Master Tagihan/Admin Sekolah/Pembayaran Siswa/Homepage/Sub Menu Pembayaran Siswa (1)/Data in Table/Row Nama Tagihan' is clicked on

03-01-2025T15:13:06 - [MESSAGE][PASSED] - Object: 'Object Repository/Master Tagihan/Admin Sekolah/Pembayaran Siswa/Homepage/Sub Menu Pembayaran Siswa (1)/Data in Table/Row Tipe Tagihan' is clicked on

03-01-2025T15:13:07 - [MESSAGE][PASSED] - Object: 'Object Repository/Master Tagihan/Admin Sekolah/Pembayaran Siswa/Homepage/Sub Menu Pembayaran Siswa (1)/Data in Table/Row Tipe Tagihan' is clicked on

03-01-2025T15:13:09 - [MESSAGE][PASSED] - Object: 'Object Repository/Master Tagihan/Admin Sekolah/Pembayaran Siswa/Homepage/Sub Menu Pembayaran Siswa (1)/Data in Table/Row Tipe Tagihan' is clicked on

03-01-2025T15:13:10 - [MESSAGE][PASSED] - Object: 'Object Repository/Master Tagihan/Admin Sekolah/Pembayaran Siswa/Homepage/Sub Menu Pembayaran Siswa (1)/Data in Table/Row Tanggal Tagihan' is clicked on

03-01-2025T15:13:11 - [MESSAGE][PASSED] - Object: 'Object Repository/Master Tagihan/Admin Sekolah/Pembayaran Siswa/Homepage/Sub Menu Pembayaran Siswa (1)/Data in Table/Row Tanggal Tagihan' is clicked on

03-01-2025T15:13:12 - [MESSAGE][PASSED] - Object: 'Object Repository/Master Tagihan/Admin Sekolah/Pembayaran Siswa/Homepage/Sub Menu Pembayaran Siswa (1)/Data in Table/Row Tanggal Tagihan' is clicked on

03-01-2025T15:13:13 - [MESSAGE][PASSED] - Object: 'Object Repository/Master Tagihan/Admin Sekolah/Pembayaran Siswa/Homepage/Sub Menu Pembayaran Siswa (1)/Data in Table/Row Jumlah Tagihan' is clicked on

03-01-2025T15:13:15 - [MESSAGE][PASSED] - Object: 'Object Repository/Master Tagihan/Admin Sekolah/Pembayaran Siswa/Homepage/Sub Menu Pembayaran Siswa (1)/Data in Table/Row Jumlah Tagihan' is clicked on

03-01-2025T15:13:16 - [MESSAGE][PASSED] - Object: 'Object Repository/Master Tagihan/Admin Sekolah/Pembayaran Siswa/Homepage/Sub Menu Pembayaran Siswa (1)/Data in Table/Row Jumlah Tagihan' is clicked on

03-01-2025T15:13:16 - [TEST_STEP][PASSED] - click(findTestObject("Master Tagihan/Admin Sekolah/Pembayaran Siswa/Homepage/Sub Menu Pembayaran Siswa (1)/Data in Table/Pilih Checkbox")): Object: 'Object Repository/Master Tagihan/Admin Sekolah/Pembayaran Siswa/Homepage/Sub Menu Pembayaran Siswa (1)/Data in Table/Pilih Checkbox' is clicked on

03-01-2025T15:13:17 - [MESSAGE][PASSED] - Object: 'Object Repository/Master Tagihan/Admin Sekolah/Pembayaran Siswa/Homepage/Sub Menu Pembayaran Siswa (1)/Data in Table/Pilih Checkbox' is clicked on

03-01-2025T15:13:17 - [TEST_STEP][PASSED] - click(findTestObject("Master Tagihan/Admin Sekolah/Pembayaran Siswa/Homepage/Sub Menu Pembayaran Siswa (1)/Data in Table/Button Bayar Sekarang")): Object: 'Object Repository/Master Tagihan/Admin Sekolah/Pembayaran Siswa/Homepage/Sub Menu Pembayaran Siswa (1)/Data in Table/Button Bayar Sekarang' is clicked on

03-01-2025T15:13:18 - [MESSAGE][PASSED] - Object: 'Object Repository/Master Tagihan/Admin Sekolah/Pembayaran Siswa/Homepage/Sub Menu Pembayaran Siswa (1)/Data in Table/Button Bayar Sekarang' is clicked on

03-01-2025T15:13:18 - [TEST_STEP][PASSED] - setText(findTestObject("Master Tagihan/Admin Sekolah/Pembayaran Siswa/Homepage/Sub Menu Pembayaran Siswa (1)/Pop Up Konfirmasi Pembayaran/Field Uang Yang Dibayarkan"), "5000000"): Text '5000000' is set on object 'Object Repository/Master Tagihan/Admin Sekolah/Pembayaran Siswa/Homepage/Sub Menu Pembayaran Siswa (1)/Pop Up Konfirmasi Pembayaran/Field Uang Yang Dibayarkan'

03-01-2025T15:13:19 - [MESSAGE][PASSED] - Text '5000000' is set on object 'Object Repository/Master Tagihan/Admin Sekolah/Pembayaran Siswa/Homepage/Sub Menu Pembayaran Siswa (1)/Pop Up Konfirmasi Pembayaran/Field Uang Yang Dibayarkan'

03-01-2025T15:13:19 - [TEST_STEP][PASSED] - handlePaymentErrorLoop(): null

03-01-2025T15:13:19 - [TEST_STEP][PASSED] - click(findTestObject("Master Tagihan/Admin Sekolah/Pembayaran Siswa/Homepage/Sub Menu Pembayaran Siswa (1)/Pop Up Konfirmasi Pembayaran/Button Lanjut Bayar")): Object: 'Object Repository/Master Tagihan/Admin Sekolah/Pembayaran Siswa/Homepage/Sub Menu Pembayaran Siswa (1)/Pop Up Konfirmasi Pembayaran/Button Lanjut Bayar' is clicked on

03-01-2025T15:13:19 - [MESSAGE][PASSED] - Object: 'Object Repository/Master Tagihan/Admin Sekolah/Pembayaran Siswa/Homepage/Sub Menu Pembayaran Siswa (1)/Pop Up Konfirmasi Pembayaran/Button Lanjut Bayar' is clicked on

03-01-2025T15:13:19 - [TEST_STEP][PASSED] - isErrorDisplayed = false: null

03-01-2025T15:13:19 - [TEST_STEP][PASSED] - attemptCount = 0: null

03-01-2025T15:13:19 - [TEST_STEP][PASSED] - maxAttempts = 5: null

03-01-2025T15:13:19 - [TEST_STEP][PASSED] - while (attemptCount < maxAttempts): null

03-01-2025T15:13:19 - [TEST_STEP][PASSED] - isErrorDisplayed = verifyElementPresent(findTestObject("//Toast[@type='error' and @message='Gagal Melakukan Pembayaran!' and @toastId='failed-billing-page']"), 5, OPTIONAL): Unable to verify object is present (Root cause: com.kms.katalon.core.exception.StepFailedException: Unable to verify object is present
	at com.kms.katalon.core.webui.keyword.internal.WebUIKeywordMain.stepFailed(WebUIKeywordMain.groovy:117)
	at com.kms.katalon.core.webui.keyword.internal.WebUIKeywordMain.runKeyword(WebUIKeywordMain.groovy:43)
	at com.kms.katalon.core.webui.keyword.builtin.VerifyElementPresentKeyword.verifyElementPresent(VerifyElementPresentKeyword.groovy:92)
	at com.kms.katalon.core.webui.keyword.builtin.VerifyElementPresentKeyword.execute(VerifyElementPresentKeyword.groovy:68)
	at com.kms.katalon.core.keyword.internal.KeywordExecutor.executeKeywordForPlatform(KeywordExecutor.groovy:74)
	at com.kms.katalon.core.webui.keyword.WebUiBuiltInKeywords.verifyElementPresent(WebUiBuiltInKeywords.groovy:1524)
	at Pembayaran Siswa.handlePaymentErrorLoop(Pembayaran Siswa:88)
	at Pembayaran Siswa.run(Pembayaran Siswa:72)
	at com.kms.katalon.core.main.ScriptEngine.run(ScriptEngine.java:194)
	at com.kms.katalon.core.main.ScriptEngine.runScriptAsRawText(ScriptEngine.java:119)
	at com.kms.katalon.core.main.TestCaseExecutor.runScript(TestCaseExecutor.java:448)
	at com.kms.katalon.core.main.TestCaseExecutor.doExecute(TestCaseExecutor.java:439)
	at com.kms.katalon.core.main.TestCaseExecutor.processExecutionPhase(TestCaseExecutor.java:418)
	at com.kms.katalon.core.main.TestCaseExecutor.accessMainPhase(TestCaseExecutor.java:410)
	at com.kms.katalon.core.main.TestCaseExecutor.execute(TestCaseExecutor.java:285)
	at com.kms.katalon.core.main.TestCaseMain.runTestCase(TestCaseMain.java:133)
	at com.kms.katalon.core.keyword.builtin.CallTestCaseKeyword$_callTestCase_closure1.doCall(CallTestCaseKeyword.groovy:59)
	at com.kms.katalon.core.keyword.builtin.CallTestCaseKeyword$_callTestCase_closure1.call(CallTestCaseKeyword.groovy)
	at com.kms.katalon.core.keyword.internal.KeywordMain.runKeyword(KeywordMain.groovy:75)
	at com.kms.katalon.core.keyword.builtin.CallTestCaseKeyword.callTestCase(CallTestCaseKeyword.groovy:81)
	at com.kms.katalon.core.keyword.builtin.CallTestCaseKeyword.execute(CallTestCaseKeyword.groovy:44)
	at com.kms.katalon.core.keyword.internal.KeywordExecutor.executeKeywordForPlatform(KeywordExecutor.groovy:74)
	at com.kms.katalon.core.keyword.BuiltinKeywords.callTestCase(BuiltinKeywords.groovy:310)
	at java.base/jdk.internal.reflect.NativeMethodAccessorImpl.invoke0(Native Method)
	at java.base/jdk.internal.reflect.NativeMethodAccessorImpl.invoke(NativeMethodAccessorImpl.java:77)
	at java.base/jdk.internal.reflect.DelegatingMethodAccessorImpl.invoke(DelegatingMethodAccessorImpl.java:43)
	at Regresi Pembayaran Siswa.run(Regresi Pembayaran Siswa:22)
	at com.kms.katalon.core.main.ScriptEngine.run(ScriptEngine.java:194)
	at com.kms.katalon.core.main.ScriptEngine.runScriptAsRawText(ScriptEngine.java:119)
	at com.kms.katalon.core.main.TestCaseExecutor.runScript(TestCaseExecutor.java:448)
	at com.kms.katalon.core.main.TestCaseExecutor.doExecute(TestCaseExecutor.java:439)
	at com.kms.katalon.core.main.TestCaseExecutor.processExecutionPhase(TestCaseExecutor.java:418)
	at com.kms.katalon.core.main.TestCaseExecutor.accessMainPhase(TestCaseExecutor.java:410)
	at com.kms.katalon.core.main.TestCaseExecutor.execute(TestCaseExecutor.java:285)
	at com.kms.katalon.core.common.CommonExecutor.accessTestCaseMainPhase(CommonExecutor.java:65)
	at com.kms.katalon.core.main.TestSuiteExecutor.accessTestSuiteMainPhase(TestSuiteExecutor.java:161)
	at com.kms.katalon.core.main.TestSuiteExecutor.execute(TestSuiteExecutor.java:107)
	at com.kms.katalon.core.main.TestCaseMain.startTestSuite(TestCaseMain.java:176)
	at TempTestSuite1735891848116.run(TempTestSuite1735891848116.groovy:35)
	at java.base/jdk.internal.reflect.NativeMethodAccessorImpl.invoke0(Native Method)
	at java.base/jdk.internal.reflect.NativeMethodAccessorImpl.invoke(NativeMethodAccessorImpl.java:77)
	at java.base/jdk.internal.reflect.DelegatingMethodAccessorImpl.invoke(DelegatingMethodAccessorImpl.java:43)
Caused by: java.lang.IllegalArgumentException: Object is null
	at com.kms.katalon.core.helper.KeywordHelper.checkTestObjectParameter(KeywordHelper.java:33)
	at com.kms.katalon.core.webui.keyword.builtin.VerifyElementPresentKeyword$_verifyElementPresent_closure1.doCall(VerifyElementPresentKeyword.groovy:76)
	at com.kms.katalon.core.webui.keyword.builtin.VerifyElementPresentKeyword$_verifyElementPresent_closure1.call(VerifyElementPresentKeyword.groovy)
	at com.kms.katalon.core.webui.keyword.internal.WebUIKeywordMain.runKeyword(WebUIKeywordMain.groovy:35)
	at com.kms.katalon.core.webui.keyword.builtin.VerifyElementPresentKeyword.verifyElementPresent(VerifyElementPresentKeyword.groovy:92)
	at com.kms.katalon.core.webui.keyword.builtin.VerifyElementPresentKeyword.execute(VerifyElementPresentKeyword.groovy:68)
	at com.kms.katalon.core.keyword.internal.KeywordExecutor.executeKeywordForPlatform(KeywordExecutor.groovy:74)
	at com.kms.katalon.core.webui.keyword.WebUiBuiltInKeywords.verifyElementPresent(WebUiBuiltInKeywords.groovy:1524)
	at Script1732261254829.handlePaymentErrorLoop(Script1732261254829.groovy:88)
	at Script1732261254829.run(Script1732261254829.groovy:72)
	at com.kms.katalon.core.main.ScriptEngine.run(ScriptEngine.java:194)
[...]

03-01-2025T15:18:29 - [MESSAGE][PASSED] - Keys 'CONTROL + a' sent to object: 'Object Repository/Master Tagihan/Admin Sekolah/Pembayaran Siswa/Homepage/Sub Menu Tagihan Persiswa/Tri Dots Icon/Edit Tagihan Persiswa/Edit Nama Tagihan'

03-01-2025T15:18:29 - [TEST_STEP][PASSED] - sendKeys(findTestObject("Master Tagihan/Admin Sekolah/Pembayaran Siswa/Homepage/Sub Menu Tagihan Persiswa/Tri Dots Icon/Edit Tagihan Persiswa/Edit Nama Tagihan"), Keys.chord(BACK_SPACE)): Keys 'BACK_SPACE + ' sent to object: 'Object Repository/Master Tagihan/Admin Sekolah/Pembayaran Siswa/Homepage/Sub Menu Tagihan Persiswa/Tri Dots Icon/Edit Tagihan Persiswa/Edit Nama Tagihan'

03-01-2025T15:18:29 - [MESSAGE][PASSED] - Keys 'BACK_SPACE + ' sent to object: 'Object Repository/Master Tagihan/Admin Sekolah/Pembayaran Siswa/Homepage/Sub Menu Tagihan Persiswa/Tri Dots Icon/Edit Tagihan Persiswa/Edit Nama Tagihan'

03-01-2025T15:18:29 - [TEST_STEP][PASSED] - setText(findTestObject("Master Tagihan/Admin Sekolah/Pembayaran Siswa/Homepage/Sub Menu Tagihan Persiswa/Tri Dots Icon/Edit Tagihan Persiswa/Edit Nama Tagihan"), "tagihan pempek goreng"): Text 'tagihan pempek goreng' is set on object 'Object Repository/Master Tagihan/Admin Sekolah/Pembayaran Siswa/Homepage/Sub Menu Tagihan Persiswa/Tri Dots Icon/Edit Tagihan Persiswa/Edit Nama Tagihan'

03-01-2025T15:18:30 - [MESSAGE][PASSED] - Text 'tagihan pempek goreng' is set on object 'Object Repository/Master Tagihan/Admin Sekolah/Pembayaran Siswa/Homepage/Sub Menu Tagihan Persiswa/Tri Dots Icon/Edit Tagihan Persiswa/Edit Nama Tagihan'

03-01-2025T15:18:30 - [TEST_STEP][PASSED] - click(findTestObject("Master Tagihan/Admin Sekolah/Pembayaran Siswa/Homepage/Sub Menu Tagihan Persiswa/Tri Dots Icon/Edit Tagihan Persiswa/Edit Total Tagihan")): Object: 'Object Repository/Master Tagihan/Admin Sekolah/Pembayaran Siswa/Homepage/Sub Menu Tagihan Persiswa/Tri Dots Icon/Edit Tagihan Persiswa/Edit Total Tagihan' is clicked on

03-01-2025T15:18:30 - [MESSAGE][PASSED] - Object: 'Object Repository/Master Tagihan/Admin Sekolah/Pembayaran Siswa/Homepage/Sub Menu Tagihan Persiswa/Tri Dots Icon/Edit Tagihan Persiswa/Edit Total Tagihan' is clicked on

03-01-2025T15:18:30 - [TEST_STEP][PASSED] - sendKeys(findTestObject("Master Tagihan/Admin Sekolah/Pembayaran Siswa/Homepage/Sub Menu Tagihan Persiswa/Tri Dots Icon/Edit Tagihan Persiswa/Edit Total Tagihan"), Keys.chord(CONTROL, "a")): Keys 'CONTROL + a' sent to object: 'Object Repository/Master Tagihan/Admin Sekolah/Pembayaran Siswa/Homepage/Sub Menu Tagihan Persiswa/Tri Dots Icon/Edit Tagihan Persiswa/Edit Total Tagihan'

03-01-2025T15:18:30 - [MESSAGE][PASSED] - Keys 'CONTROL + a' sent to object: 'Object Repository/Master Tagihan/Admin Sekolah/Pembayaran Siswa/Homepage/Sub Menu Tagihan Persiswa/Tri Dots Icon/Edit Tagihan Persiswa/Edit Total Tagihan'

03-01-2025T15:18:30 - [TEST_STEP][PASSED] - sendKeys(findTestObject("Master Tagihan/Admin Sekolah/Pembayaran Siswa/Homepage/Sub Menu Tagihan Persiswa/Tri Dots Icon/Edit Tagihan Persiswa/Edit Total Tagihan"), Keys.chord(BACK_SPACE)): Keys 'BACK_SPACE + ' sent to object: 'Object Repository/Master Tagihan/Admin Sekolah/Pembayaran Siswa/Homepage/Sub Menu Tagihan Persiswa/Tri Dots Icon/Edit Tagihan Persiswa/Edit Total Tagihan'

03-01-2025T15:18:30 - [MESSAGE][PASSED] - Keys 'BACK_SPACE + ' sent to object: 'Object Repository/Master Tagihan/Admin Sekolah/Pembayaran Siswa/Homepage/Sub Menu Tagihan Persiswa/Tri Dots Icon/Edit Tagihan Persiswa/Edit Total Tagihan'

03-01-2025T15:18:30 - [TEST_STEP][PASSED] - setText(findTestObject("Master Tagihan/Admin Sekolah/Pembayaran Siswa/Homepage/Sub Menu Tagihan Persiswa/Tri Dots Icon/Edit Tagihan Persiswa/Edit Total Tagihan"), randomNumber.toString()): Text '11549694' is set on object 'Object Repository/Master Tagihan/Admin Sekolah/Pembayaran Siswa/Homepage/Sub Menu Tagihan Persiswa/Tri Dots Icon/Edit Tagihan Persiswa/Edit Total Tagihan'

03-01-2025T15:18:31 - [MESSAGE][PASSED] - Text '11549694' is set on object 'Object Repository/Master Tagihan/Admin Sekolah/Pembayaran Siswa/Homepage/Sub Menu Tagihan Persiswa/Tri Dots Icon/Edit Tagihan Persiswa/Edit Total Tagihan'

03-01-2025T15:18:31 - [TEST_STEP][PASSED] - click(findTestObject("Master Tagihan/Admin Sekolah/Pembayaran Siswa/Homepage/Sub Menu Tagihan Persiswa/Tri Dots Icon/Edit Tagihan Persiswa/Tombol Simpan Tagihan/Tombol Simpan")): Object: 'Object Repository/Master Tagihan/Admin Sekolah/Pembayaran Siswa/Homepage/Sub Menu Tagihan Persiswa/Tri Dots Icon/Edit Tagihan Persiswa/Tombol Simpan Tagihan/Tombol Simpan' is clicked on

03-01-2025T15:18:31 - [MESSAGE][PASSED] - Object: 'Object Repository/Master Tagihan/Admin Sekolah/Pembayaran Siswa/Homepage/Sub Menu Tagihan Persiswa/Tri Dots Icon/Edit Tagihan Persiswa/Tombol Simpan Tagihan/Tombol Simpan' is clicked on

03-01-2025T15:18:31 - [TEST_STEP][PASSED] - closeBrowser(): Browser is closed

03-01-2025T15:18:31 - [MESSAGE][PASSED] - Browser is closed

03-01-2025T15:18:31 - [MESSAGE][PASSED] - Call Test Case 'Test Cases/Master Tagihan/Admin Sekolah/Master Tagihan Pembayaran Per Siswa/Edit Tagihan Persiswa' successfully

03-01-2025T15:18:31 - [TEST_STEP][PASSED] - callTestCase(findTestCase("Test Cases/Master Tagihan/Admin Sekolah/Master Tagihan Pembayaran Per Siswa/Delete Tagihan Persiswa"), [:], CONTINUE_ON_FAILURE): Call Test Case 'Test Cases/Master Tagihan/Admin Sekolah/Master Tagihan Pembayaran Per Siswa/Delete Tagihan Persiswa' successfully

03-01-2025T15:18:31 - [TEST_CASE][PASSED] - Test Cases/Master Tagihan/Admin Sekolah/Master Tagihan Pembayaran Per Siswa/Delete Tagihan Persiswa: Test Cases/Master Tagihan/Admin Sekolah/Master Tagihan Pembayaran Per Siswa/Delete Tagihan Persiswa

03-01-2025T15:18:31 - [TEST_STEP][PASSED] - openBrowser(""): Browser is opened with url: ''

03-01-2025T15:18:31 - [MESSAGE][INFO] - Starting 'Chrome' driver

03-01-2025T15:18:31 - [MESSAGE][INFO] - Action delay is set to 0 milliseconds

03-01-2025T15:18:32 - [MESSAGE][PASSED] - Browser is opened with url: ''

03-01-2025T15:18:32 - [TEST_STEP][PASSED] - navigateToUrl("https://sit.siprusedu.com/login"): Navigate to 'https://sit.siprusedu.com/login' successfully

03-01-2025T15:18:52 - [MESSAGE][PASSED] - Navigate to 'https://sit.siprusedu.com/login' successfully

03-01-2025T15:18:52 - [TEST_STEP][PASSED] - click(findTestObject("Master Data/Admin Sekolah/Login/Field Email")): Object: 'Object Repository/Master Data/Admin Sekolah/Login/Field Email' is clicked on

03-01-2025T15:18:52 - [MESSAGE][PASSED] - Object: 'Object Repository/Master Data/Admin Sekolah/Login/Field Email' is clicked on

03-01-2025T15:18:52 - [TEST_STEP][PASSED] - setText(findTestObject("Master Data/Admin Sekolah/Login/Field Email"), "admin.sekolah@gmail.com"): Text 'admin.sekolah@gmail.com' is set on object 'Object Repository/Master Data/Admin Sekolah/Login/Field Email'

03-01-2025T15:18:53 - [MESSAGE][PASSED] - Text 'admin.sekolah@gmail.com' is set on object 'Object Repository/Master Data/Admin Sekolah/Login/Field Email'

03-01-2025T15:18:53 - [TEST_STEP][PASSED] - delay(1): Delayed 1 second(s)

03-01-2025T15:18:54 - [MESSAGE][PASSED] - Delayed 1 second(s)

03-01-2025T15:18:54 - [TEST_STEP][PASSED] - click(findTestObject("Master Data/Admin Sekolah/Login/Input Password")): Object: 'Object Repository/Master Data/Admin Sekolah/Login/Input Password' is clicked on

03-01-2025T15:18:54 - [MESSAGE][PASSED] - Object: 'Object Repository/Master Data/Admin Sekolah/Login/Input Password' is clicked on

03-01-2025T15:18:54 - [TEST_STEP][PASSED] - setText(findTestObject("Master Data/Admin Sekolah/Login/Input Password"), "Test1234"): Text 'Test1234' is set on object 'Object Repository/Master Data/Admin Sekolah/Login/Input Password'

03-01-2025T15:18:54 - [MESSAGE][PASSED] - Text 'Test1234' is set on object 'Object Repository/Master Data/Admin Sekolah/Login/Input Password'

03-01-2025T15:18:54 - [TEST_STEP][PASSED] - delay(1): Delayed 1 second(s)

03-01-2025T15:18:55 - [MESSAGE][PASSED] - Delayed 1 second(s)

03-01-2025T15:18:55 - [TEST_STEP][PASSED] - click(findTestObject("Master Data/Admin Sekolah/Login/Button Submit")): Object: 'Object Repository/Master Data/Admin Sekolah/Login/Button Submit' is clicked on

03-01-2025T15:18:56 - [MESSAGE][PASSED] - Object: 'Object Repository/Master Data/Admin Sekolah/Login/Button Submit' is clicked on

03-01-2025T15:18:56 - [TEST_STEP][PASSED] - delay(1): Delayed 1 second(s)

03-01-2025T15:18:57 - [MESSAGE][PASSED] - Delayed 1 second(s)

03-01-2025T15:18:57 - [TEST_STEP][PASSED] - click(findTestObject("Master Tagihan/Admin Sekolah/Pembayaran Siswa/Homepage/Menu Tagihan")): Object: 'Object Repository/Master Tagihan/Admin Sekolah/Pembayaran Siswa/Homepage/Menu Tagihan' is clicked on

03-01-2025T15:18:58 - [MESSAGE][PASSED] - Object: 'Object Repository/Master Tagihan/Admin Sekolah/Pembayaran Siswa/Homepage/Menu Tagihan' is clicked on

03-01-2025T15:18:58 - [TEST_STEP][PASSED] - delay(1): Delayed 1 second(s)

03-01-2025T15:18:59 - [MESSAGE][PASSED] - Delayed 1 second(s)

03-01-2025T15:18:59 - [TEST_STEP][PASSED] - click(findTestObject("Master Tagihan/Admin Sekolah/Pembayaran Siswa/Homepage/Sub-Menu Tagihan Persiswa")): Object: 'Object Repository/Master Tagihan/Admin Sekolah/Pembayaran Siswa/Homepage/Sub-Menu Tagihan Persiswa' is clicked on

03-01-2025T15:18:59 - [MESSAGE][PASSED] - Object: 'Object Repository/Master Tagihan/Admin Sekolah/Pembayaran Siswa/Homepage/Sub-Menu Tagihan Persiswa' is clicked on

03-01-2025T15:18:59 - [TEST_STEP][PASSED] - delay(1): Delayed 1 second(s)

03-01-2025T15:19:00 - [MESSAGE][PASSED] - Delayed 1 second(s)

03-01-2025T15:19:00 - [TEST_STEP][PASSED] - click(findTestObject("Master Tagihan/Admin Sekolah/Pembayaran Siswa/Homepage/Sub Menu Tagihan Persiswa/Dropdown Unit/Klik Dropdown")): Object: 'Object Repository/Master Tagihan/Admin Sekolah/Pembayaran Siswa/Homepage/Sub Menu Tagihan Persiswa/Dropdown Unit/Klik Dropdown' is clicked on

03-01-2025T15:19:00 - [MESSAGE][PASSED] - Object: 'Object Repository/Master Tagihan/Admin Sekolah/Pembayaran Siswa/Homepage/Sub Menu Tagihan Persiswa/Dropdown Unit/Klik Dropdown' is clicked on

03-01-2025T15:19:00 - [TEST_STEP][PASSED] - delay(1): Delayed 1 second(s)

03-01-2025T15:19:01 - [MESSAGE][PASSED] - Delayed 1 second(s)

03-01-2025T15:19:01 - [TEST_STEP][PASSED] - click(findTestObject("Master Tagihan/Admin Sekolah/Pembayaran Siswa/Homepage/Sub Menu Tagihan Persiswa/Dropdown Unit/Pilih Value Unit")): Object: 'Object Repository/Master Tagihan/Admin Sekolah/Pembayaran Siswa/Homepage/Sub Menu Tagihan Persiswa/Dropdown Unit/Pilih Value Unit' is clicked on

03-01-2025T15:19:02 - [MESSAGE][PASSED] - Object: 'Object Repository/Master Tagihan/Admin Sekolah/Pembayaran Siswa/Homepage/Sub Menu Tagihan Persiswa/Dropdown Unit/Pilih Value Unit' is clicked on

03-01-2025T15:19:02 - [TEST_STEP][PASSED] - delay(1): Delayed 1 second(s)

03-01-2025T15:19:03 - [MESSAGE][PASSED] - Delayed 1 second(s)

03-01-2025T15:19:03 - [TEST_STEP][PASSED] - click(findTestObject("Master Tagihan/Admin Sekolah/Pembayaran Siswa/Homepage/Sub Menu Tagihan Persiswa/Dropdown Kelas/Klik Dropdown Kelas")): Object: 'Object Repository/Master Tagihan/Admin Sekolah/Pembayaran Siswa/Homepage/Sub Menu Tagihan Persiswa/Dropdown Kelas/Klik Dropdown Kelas' is clicked on

03-01-2025T15:19:03 - [MESSAGE][PASSED] - Object: 'Object Repository/Master Tagihan/Admin Sekolah/Pembayaran Siswa/Homepage/Sub Menu Tagihan Persiswa/Dropdown Kelas/Klik Dropdown Kelas' is clicked on

03-01-2025T15:19:03 - [TEST_STEP][PASSED] - delay(1): Delayed 1 second(s)

03-01-2025T15:19:04 - [MESSAGE][PASSED] - Delayed 1 second(s)

03-01-2025T15:19:04 - [TEST_STEP][PASSED] - click(findTestObject("Master Tagihan/Admin Sekolah/Pembayaran Siswa/Homepage/Sub Menu Tagihan Persiswa/Dropdown Kelas/Klik Field Cari Kelas")): Object: 'Object Repository/Master Tagihan/Admin Sekolah/Pembayaran Siswa/Homepage/Sub Menu Tagihan Persiswa/Dropdown Kelas/Klik Field Cari Kelas' is clicked on

03-01-2025T15:19:04 - [MESSAGE][PASSED] - Object: 'Object Repository/Master Tagihan/Admin Sekolah/Pembayaran Siswa/Homepage/Sub Menu Tagihan Persiswa/Dropdown Kelas/Klik Field Cari Kelas' is clicked on

03-01-2025T15:19:04 - [TEST_STEP][PASSED] - delay(1): Delayed 1 second(s)

03-01-2025T15:19:05 - [MESSAGE][PASSED] - Delayed 1 second(s)

03-01-2025T15:19:05 - [TEST_STEP][PASSED] - setText(findTestObject("Master Tagihan/Admin Sekolah/Pembayaran Siswa/Homepage/Sub Menu Tagihan Persiswa/Dropdown Kelas/Klik Field Cari Kelas"), "XI IPA"): Text 'XI IPA' is set on object 'Object Repository/Master Tagihan/Admin Sekolah/Pembayaran Siswa/Homepage/Sub Menu Tagihan Persiswa/Dropdown Kelas/Klik Field Cari Kelas'

03-01-2025T15:19:06 - [MESSAGE][PASSED] - Text 'XI IPA' is set on object 'Object Repository/Master Tagihan/Admin Sekolah/Pembayaran Siswa/Homepage/Sub Menu Tagihan Persiswa/Dropdown Kelas/Klik Field Cari Kelas'

03-01-2025T15:19:06 - [TEST_STEP][PASSED] - click(findTestObject("Master Tagihan/Admin Sekolah/Pembayaran Siswa/Homepage/Sub Menu Tagihan Persiswa/Dropdown Kelas/Pilih Kelas")): Object: 'Object Repository/Master Tagihan/Admin Sekolah/Pembayaran Siswa/Homepage/Sub Menu Tagihan Persiswa/Dropdown Kelas/Pilih Kelas' is clicked on

03-01-2025T15:19:06 - [MESSAGE][PASSED] - Object: 'Object Repository/Master Tagihan/Admin Sekolah/Pembayaran Siswa/Homepage/Sub Menu Tagihan Persiswa/Dropdown Kelas/Pilih Kelas' is clicked on

03-01-2025T15:19:06 - [TEST_STEP][PASSED] - delay(1): Delayed 1 second(s)

03-01-2025T15:19:07 - [MESSAGE][PASSED] - Delayed 1 second(s)

03-01-2025T15:19:07 - [TEST_STEP][PASSED] - click(findTestObject("Master Tagihan/Admin Sekolah/Pembayaran Siswa/Homepage/Sub Menu Tagihan Persiswa/Filter/Filter By NIS/Klik Dropdown Nama")): Object: 'Object Repository/Master Tagihan/Admin Sekolah/Pembayaran Siswa/Homepage/Sub Menu Tagihan Persiswa/Filter/Filter By NIS/Klik Dropdown Nama' is clicked on

03-01-2025T15:19:07 - [MESSAGE][PASSED] - Object: 'Object Repository/Master Tagihan/Admin Sekolah/Pembayaran Siswa/Homepage/Sub Menu Tagihan Persiswa/Filter/Filter By NIS/Klik Dropdown Nama' is clicked on

03-01-2025T15:19:07 - [TEST_STEP][PASSED] - click(findTestObject("Master Tagihan/Admin Sekolah/Pembayaran Siswa/Homepage/Sub Menu Tagihan Persiswa/Filter/Filter By NIS/Klik NIS")): Object: 'Object Repository/Master Tagihan/Admin Sekolah/Pembayaran Siswa/Homepage/Sub Menu Tagihan Persiswa/Filter/Filter By NIS/Klik NIS' is clicked on

03-01-2025T15:19:08 - [MESSAGE][PASSED] - Object: 'Object Repository/Master Tagihan/Admin Sekolah/Pembayaran Siswa/Homepage/Sub Menu Tagihan Persiswa/Filter/Filter By NIS/Klik NIS' is clicked on

03-01-2025T15:19:08 - [TEST_STEP][PASSED] - delay(1): Delayed 1 second(s)

03-01-2025T15:19:09 - [MESSAGE][PASSED] - Delayed 1 second(s)

03-01-2025T15:19:09 - [TEST_STEP][PASSED] - click(findTestObject("Master Tagihan/Admin Sekolah/Pembayaran Siswa/Homepage/Sub Menu Tagihan Persiswa/Field Nama/Klik Field Nama")): Object: 'Object Repository/Master Tagihan/Admin Sekolah/Pembayaran Siswa/Homepage/Sub Menu Tagihan Persiswa/Field Nama/Klik Field Nama' is clicked on

03-01-2025T15:19:09 - [MESSAGE][PASSED] - Object: 'Object Repository/Master Tagihan/Admin Sekolah/Pembayaran Siswa/Homepage/Sub Menu Tagihan Persiswa/Field Nama/Klik Field Nama' is clicked on

03-01-2025T15:19:09 - [TEST_STEP][PASSED] - setText(findTestObject("Master Tagihan/Admin Sekolah/Pembayaran Siswa/Homepage/Sub Menu Tagihan Persiswa/Field Nama/Klik Field Nama"), "2024"): Text '2024' is set on object 'Object Repository/Master Tagihan/Admin Sekolah/Pembayaran Siswa/Homepage/Sub Menu Tagihan Persiswa/Field Nama/Klik Field Nama'

03-01-2025T15:19:09 - [MESSAGE][PASSED] - Text '2024' is set on object 'Object Repository/Master Tagihan/Admin Sekolah/Pembayaran Siswa/Homepage/Sub Menu Tagihan Persiswa/Field Nama/Klik Field Nama'

03-01-2025T15:19:09 - [TEST_STEP][PASSED] - click(findTestObject("Master Tagihan/Admin Sekolah/Pembayaran Siswa/Homepage/Sub Menu Tagihan Persiswa/Filter/Filter By NIS/Pilih Value NIS")): Object: 'Object Repository/Master Tagihan/Admin Sekolah/Pembayaran Siswa/Homepage/Sub Menu Tagihan Persiswa/Filter/Filter By NIS/Pilih Value NIS' is clicked on

03-01-2025T15:19:11 - [MESSAGE][PASSED] - Object: 'Object Repository/Master Tagihan/Admin Sekolah/Pembayaran Siswa/Homepage/Sub Menu Tagihan Persiswa/Filter/Filter By NIS/Pilih Value NIS' is clicked on

03-01-2025T15:19:11 - [TEST_STEP][PASSED] - delay(1): Delayed 1 second(s)

03-01-2025T15:19:12 - [MESSAGE][PASSED] - Delayed 1 second(s)

03-01-2025T15:19:12 - [TEST_STEP][PASSED] - click(findTestObject("Master Tagihan/Admin Sekolah/Pembayaran Siswa/Homepage/Sub Menu Tagihan Persiswa/Tombol Terapkan/Klik Tombol Terapkan")): Object: 'Object Repository/Master Tagihan/Admin Sekolah/Pembayaran Siswa/Homepage/Sub Menu Tagihan Persiswa/Tombol Terapkan/Klik Tombol Terapkan' is clicked on

03-01-2025T15:19:12 - [MESSAGE][PASSED] - Object: 'Object Repository/Master Tagihan/Admin Sekolah/Pembayaran Siswa/Homepage/Sub Menu Tagihan Persiswa/Tombol Terapkan/Klik Tombol Terapkan' is clicked on

03-01-2025T15:19:12 - [TEST_STEP][PASSED] - delay(1): Delayed 1 second(s)

03-01-2025T15:19:13 - [MESSAGE][PASSED] - Delayed 1 second(s)

03-01-2025T15:19:13 - [TEST_STEP][PASSED] - click(findTestObject("Master Tagihan/Admin Sekolah/Pembayaran Siswa/Homepage/Sub Menu Tagihan Persiswa/Tri Dots Icon/Hapus Tagihan PerSiswa/Tridots Untuk Hapus")): Object: 'Object Repository/Master Tagihan/Admin Sekolah/Pembayaran Siswa/Homepage/Sub Menu Tagihan Persiswa/Tri Dots Icon/Hapus Tagihan PerSiswa/Tridots Untuk Hapus' is clicked on

03-01-2025T15:19:14 - [MESSAGE][PASSED] - Object: 'Object Repository/Master Tagihan/Admin Sekolah/Pembayaran Siswa/Homepage/Sub Menu Tagihan Persiswa/Tri Dots Icon/Hapus Tagihan PerSiswa/Tridots Untuk Hapus' is clicked on

03-01-2025T15:19:14 - [TEST_STEP][PASSED] - click(findTestObject("Master Tagihan/Admin Sekolah/Pembayaran Siswa/Homepage/Sub Menu Tagihan Persiswa/Tri Dots Icon/Hapus Tagihan PerSiswa/Option Hapus")): Object: 'Object Repository/Master Tagihan/Admin Sekolah/Pembayaran Siswa/Homepage/Sub Menu Tagihan Persiswa/Tri Dots Icon/Hapus Tagihan PerSiswa/Option Hapus' is clicked on

03-01-2025T15:19:14 - [MESSAGE][PASSED] - Object: 'Object Repository/Master Tagihan/Admin Sekolah/Pembayaran Siswa/Homepage/Sub Menu Tagihan Persiswa/Tri Dots Icon/Hapus Tagihan PerSiswa/Option Hapus' is clicked on

03-01-2025T15:19:14 - [TEST_STEP][PASSED] - click(findTestObject("Master Tagihan/Admin Sekolah/Pembayaran Siswa/Homepage/Sub Menu Tagihan Persiswa/Tri Dots Icon/Hapus Tagihan PerSiswa/Hapus Data")): Object: 'Object Repository/Master Tagihan/Admin Sekolah/Pembayaran Siswa/Homepage/Sub Menu Tagihan Persiswa/Tri Dots Icon/Hapus Tagihan PerSiswa/Hapus Data' is clicked on

03-01-2025T15:19:15 - [MESSAGE][PASSED] - Object: 'Object Repository/Master Tagihan/Admin Sekolah/Pembayaran Siswa/Homepage/Sub Menu Tagihan Persiswa/Tri Dots Icon/Hapus Tagihan PerSiswa/Hapus Data' is clicked on

03-01-2025T15:19:15 - [TEST_STEP][PASSED] - closeBrowser(): Browser is closed

03-01-2025T15:19:15 - [MESSAGE][PASSED] - Browser is closed

03-01-2025T15:19:15 - [MESSAGE][PASSED] - Call Test Case 'Test Cases/Master Tagihan/Admin Sekolah/Master Tagihan Pembayaran Per Siswa/Delete Tagihan Persiswa' successfully

03-01-2025T15:19:15 - [TEST_STEP][PASSED] - println("============================= Loop Again ==============================="): null]]></system-out>
         <system-err><![CDATA[]]></system-err>
      </testcase>
      <system-out><![CDATA[03-01-2025T15:10:54 - [TEST_SUITE][PASSED] - SPRINT 2: Test Cases/Regresi Feature/Sprint 2/Regresi Tagihan Persiswa]]></system-out>
      <system-err><![CDATA[]]></system-err>
   </testsuite>
</testsuites>
