<?xml version="1.0" encoding="UTF-8"?>
<testsuites name="SPRINT 2" time="1350.223" tests="6" failures="1" errors="0">
   <testsuite name="SPRINT 2" tests="6" failures="1" errors="0" time="1350.223" skipped="0" timestamp="01-01-2025T23:09:41" hostname="henri - Henri" id="Test Suites/SPRINT 2">
      <properties>
[...]
</properties>
      <testcase name="Test Cases/Regresi Feature/Sprint 2/Regresi Informasi Sekolah" time="292.347" classname="Test Cases/Regresi Feature/Sprint 2/Regresi Informasi Sekolah" status="PASSED">
         <system-out><![CDATA[01-01-2025T23:09:42 - [TEST_CASE][PASSED] - Test Cases/Regresi Feature/Sprint 2/Regresi Informasi Sekolah: Test Cases/Regresi Feature/Sprint 2/Regresi Informasi Sekolah

01-01-2025T23:09:42 - [TEST_STEP][PASSED] - for ([i = 1, i <= maxLoop, (i++)]): null

01-01-2025T23:09:42 - [TEST_STEP][PASSED] - callTestCase(findTestCase("Test Cases/Pengaturan Sistem/Admin Sekolah/Master Informasi Sekolah/Edit Informasi Sekolah"), [:], CONTINUE_ON_FAILURE): Call Test Case 'Test Cases/Pengaturan Sistem/Admin Sekolah/Master Informasi Sekolah/Edit Informasi Sekolah' successfully

01-01-2025T23:09:42 - [TEST_CASE][PASSED] - Test Cases/Pengaturan Sistem/Admin Sekolah/Master Informasi Sekolah/Edit Informasi Sekolah: Test Cases/Pengaturan Sistem/Admin Sekolah/Master Informasi Sekolah/Edit Informasi Sekolah

01-01-2025T23:09:42 - [TEST_STEP][PASSED] - openBrowser("", OPTIONAL): Browser is opened with url: ''

01-01-2025T23:09:42 - [MESSAGE][INFO] - Starting 'Chrome' driver

01-01-2025T23:09:42 - [MESSAGE][INFO] - Action delay is set to 0 milliseconds

01-01-2025T23:09:44 - [MESSAGE][PASSED] - Browser is opened with url: ''

01-01-2025T23:09:44 - [TEST_STEP][PASSED] - maximizeWindow(OPTIONAL): Current window maximized

01-01-2025T23:09:44 - [MESSAGE][PASSED] - Current window maximized

01-01-2025T23:09:44 - [TEST_STEP][PASSED] - navigateToUrl("https://school-payment.digiform.co.id/login", OPTIONAL): Navigate to 'https://school-payment.digiform.co.id/login' successfully

01-01-2025T23:09:45 - [MESSAGE][PASSED] - Navigate to 'https://school-payment.digiform.co.id/login' successfully

01-01-2025T23:09:45 - [TEST_STEP][PASSED] - setText(findTestObject("Object Repository/Master Data/Admin Sekolah/Login/Field Email"), "admin.sekolah@gmail.com", OPTIONAL): Text 'admin.sekolah@gmail.com' is set on object 'Object Repository/Master Data/Admin Sekolah/Login/Field Email'

01-01-2025T23:09:47 - [MESSAGE][PASSED] - Text 'admin.sekolah@gmail.com' is set on object 'Object Repository/Master Data/Admin Sekolah/Login/Field Email'

01-01-2025T23:09:47 - [TEST_STEP][PASSED] - setText(findTestObject("Object Repository/Master Data/Admin Sekolah/Login/Input Password"), "Test1234", OPTIONAL): Text 'Test1234' is set on object 'Object Repository/Master Data/Admin Sekolah/Login/Input Password'

01-01-2025T23:09:47 - [MESSAGE][PASSED] - Text 'Test1234' is set on object 'Object Repository/Master Data/Admin Sekolah/Login/Input Password'

01-01-2025T23:09:47 - [TEST_STEP][PASSED] - click(findTestObject("Object Repository/Master Data/Admin Sekolah/Login/Button Submit"), OPTIONAL): Object: 'Object Repository/Master Data/Admin Sekolah/Login/Button Submit' is clicked on

01-01-2025T23:09:48 - [MESSAGE][PASSED] - Object: 'Object Repository/Master Data/Admin Sekolah/Login/Button Submit' is clicked on

01-01-2025T23:09:48 - [TEST_STEP][PASSED] - delay(1, OPTIONAL): Delayed 1 second(s)

01-01-2025T23:09:49 - [MESSAGE][PASSED] - Delayed 1 second(s)

01-01-2025T23:09:49 - [TEST_STEP][PASSED] - click(findTestObject("Object Repository/Pengaturan Sistem/Admin Sekolah/Page_Beranda/Menu Pengaturan sistem"), OPTIONAL): Object: 'Object Repository/Pengaturan Sistem/Admin Sekolah/Page_Beranda/Menu Pengaturan sistem' is clicked on

01-01-2025T23:09:49 - [MESSAGE][PASSED] - Object: 'Object Repository/Pengaturan Sistem/Admin Sekolah/Page_Beranda/Menu Pengaturan sistem' is clicked on

01-01-2025T23:09:49 - [TEST_STEP][PASSED] - click(findTestObject("Object Repository/Pengaturan Sistem/Admin Sekolah/Page_Pengaturan Sistem - Pengaturan Sistem/Menu Informasi Sekolah"), OPTIONAL): Object: 'Object Repository/Pengaturan Sistem/Admin Sekolah/Page_Pengaturan Sistem - Pengaturan Sistem/Menu Informasi Sekolah' is clicked on

01-01-2025T23:09:50 - [MESSAGE][PASSED] - Object: 'Object Repository/Pengaturan Sistem/Admin Sekolah/Page_Pengaturan Sistem - Pengaturan Sistem/Menu Informasi Sekolah' is clicked on

01-01-2025T23:09:50 - [TEST_STEP][PASSED] - click(findTestObject("Object Repository/Pengaturan Sistem/Admin Sekolah/NPSN (Nomor Pokok Sekolah Nasional)/input_Edit Sekolah_npsn"), OPTIONAL): Object: 'Object Repository/Pengaturan Sistem/Admin Sekolah/NPSN (Nomor Pokok Sekolah Nasional)/input_Edit Sekolah_npsn' is clicked on

01-01-2025T23:09:50 - [MESSAGE][PASSED] - Object: 'Object Repository/Pengaturan Sistem/Admin Sekolah/NPSN (Nomor Pokok Sekolah Nasional)/input_Edit Sekolah_npsn' is clicked on

01-01-2025T23:09:50 - [TEST_STEP][PASSED] - executeJavaScript("document.querySelector('input[name="npsn"]').value=''", null, OPTIONAL): Execute JavaScript 'document.querySelector('input[name="npsn"]').value=''' successfully

01-01-2025T23:09:51 - [MESSAGE][PASSED] - Execute JavaScript 'document.querySelector('input[name="npsn"]').value=''' successfully

01-01-2025T23:09:51 - [TEST_STEP][PASSED] - delay(1, OPTIONAL): Delayed 1 second(s)

01-01-2025T23:09:52 - [MESSAGE][PASSED] - Delayed 1 second(s)

01-01-2025T23:09:52 - [TEST_STEP][PASSED] - setText(findTestObject("Object Repository/Pengaturan Sistem/Admin Sekolah/NPSN (Nomor Pokok Sekolah Nasional)/input_Edit Sekolah_npsn"), "20025002", OPTIONAL): Text '20025002' is set on object 'Object Repository/Pengaturan Sistem/Admin Sekolah/NPSN (Nomor Pokok Sekolah Nasional)/input_Edit Sekolah_npsn'

01-01-2025T23:09:52 - [MESSAGE][PASSED] - Text '20025002' is set on object 'Object Repository/Pengaturan Sistem/Admin Sekolah/NPSN (Nomor Pokok Sekolah Nasional)/input_Edit Sekolah_npsn'

01-01-2025T23:09:52 - [TEST_STEP][PASSED] - click(findTestObject("Object Repository/Pengaturan Sistem/Admin Sekolah/Nama Sekolah/input_Edit Sekolah_schoolName"), OPTIONAL): Object: 'Object Repository/Pengaturan Sistem/Admin Sekolah/Nama Sekolah/input_Edit Sekolah_schoolName' is clicked on

01-01-2025T23:09:52 - [MESSAGE][PASSED] - Object: 'Object Repository/Pengaturan Sistem/Admin Sekolah/Nama Sekolah/input_Edit Sekolah_schoolName' is clicked on

01-01-2025T23:09:52 - [TEST_STEP][PASSED] - executeJavaScript("document.querySelector('input[name="schoolName"]').value=''", null, OPTIONAL): Execute JavaScript 'document.querySelector('input[name="schoolName"]').value=''' successfully

01-01-2025T23:09:52 - [MESSAGE][PASSED] - Execute JavaScript 'document.querySelector('input[name="schoolName"]').value=''' successfully

01-01-2025T23:09:52 - [TEST_STEP][PASSED] - setText(findTestObject("Pengaturan Sistem/Admin Sekolah/Nama Sekolah/input_Edit Sekolah_schoolName"), "PT Aigen Global Teknologi", OPTIONAL): Text 'PT Aigen Global Teknologi' is set on object 'Object Repository/Pengaturan Sistem/Admin Sekolah/Nama Sekolah/input_Edit Sekolah_schoolName'

01-01-2025T23:09:53 - [MESSAGE][PASSED] - Text 'PT Aigen Global Teknologi' is set on object 'Object Repository/Pengaturan Sistem/Admin Sekolah/Nama Sekolah/input_Edit Sekolah_schoolName'

01-01-2025T23:09:53 - [TEST_STEP][PASSED] - click(findTestObject("Pengaturan Sistem/Admin Sekolah/Dropdown_Provinsi/dropdown_provinsi"), OPTIONAL): Object: 'Object Repository/Pengaturan Sistem/Admin Sekolah/Dropdown_Provinsi/dropdown_provinsi' is clicked on

01-01-2025T23:09:53 - [MESSAGE][PASSED] - Object: 'Object Repository/Pengaturan Sistem/Admin Sekolah/Dropdown_Provinsi/dropdown_provinsi' is clicked on

01-01-2025T23:09:53 - [TEST_STEP][PASSED] - click(findTestObject("Pengaturan Sistem/Admin Sekolah/Isi_Provinsi/p_BANTEN"), OPTIONAL): Object: 'Object Repository/Pengaturan Sistem/Admin Sekolah/Isi_Provinsi/p_BANTEN' is clicked on

01-01-2025T23:10:24 - [MESSAGE][INFO] - Unable to find the element located by 'By.xpath: (.//*[normalize-space(text()) and normalize-space(.)='Simpan'])[1]/following::p[18]'. Please recheck the objects properties to make sure the desired element is located. 

01-01-2025T23:10:24 - [MESSAGE][WARNING] - [SELF-HEALING] Failed to find element with id 'Object Repository/Pengaturan Sistem/Admin Sekolah/Isi_Provinsi/p_BANTEN'. Try using Self-healing.

01-01-2025T23:10:25 - [MESSAGE][WARNING] - [SELF-HEALING] The current locator of test object 'Object Repository/Pengaturan Sistem/Admin Sekolah/Isi_Provinsi/p_BANTEN' was broken. Propose an alternative one: '//*/text()[normalize-space(.)='BANTEN']/parent::*'.

01-01-2025T23:10:25 - [MESSAGE][PASSED] - Object: 'Object Repository/Pengaturan Sistem/Admin Sekolah/Isi_Provinsi/p_BANTEN' is clicked on

01-01-2025T23:10:25 - [TEST_STEP][PASSED] - click(findTestObject("Pengaturan Sistem/Admin Sekolah/Dropdown_Kota/dropdown_kota"), OPTIONAL): Object: 'Object Repository/Pengaturan Sistem/Admin Sekolah/Dropdown_Kota/dropdown_kota' is clicked on

01-01-2025T23:10:25 - [MESSAGE][PASSED] - Object: 'Object Repository/Pengaturan Sistem/Admin Sekolah/Dropdown_Kota/dropdown_kota' is clicked on

01-01-2025T23:10:25 - [TEST_STEP][PASSED] - click(findTestObject("Pengaturan Sistem/Admin Sekolah/Isi_Kota/p_KOTA TANGERANG SELATAN"), OPTIONAL): Object: 'Object Repository/Pengaturan Sistem/Admin Sekolah/Isi_Kota/p_KOTA TANGERANG SELATAN' is clicked on

01-01-2025T23:10:57 - [MESSAGE][INFO] - Unable to find the element located by 'By.xpath: (.//*[normalize-space(text()) and normalize-space(.)='Simpan'])[1]/following::p[10]'. Please recheck the objects properties to make sure the desired element is located. 

01-01-2025T23:10:57 - [MESSAGE][WARNING] - [SELF-HEALING] Failed to find element with id 'Object Repository/Pengaturan Sistem/Admin Sekolah/Isi_Kota/p_KOTA TANGERANG SELATAN'. Try using Self-healing.

01-01-2025T23:10:57 - [MESSAGE][WARNING] - [SELF-HEALING] The current locator of test object 'Object Repository/Pengaturan Sistem/Admin Sekolah/Isi_Kota/p_KOTA TANGERANG SELATAN' was broken. Propose an alternative one: '//*/text()[normalize-space(.)='KOTA TANGERANG SELATAN']/parent::*'.

01-01-2025T23:10:57 - [MESSAGE][PASSED] - Object: 'Object Repository/Pengaturan Sistem/Admin Sekolah/Isi_Kota/p_KOTA TANGERANG SELATAN' is clicked on

01-01-2025T23:10:57 - [TEST_STEP][PASSED] - click(findTestObject("Object Repository/Pengaturan Sistem/Admin Sekolah/Alamat Sekolah/TextArea Alamat sekolah"), OPTIONAL): Object: 'Object Repository/Pengaturan Sistem/Admin Sekolah/Alamat Sekolah/TextArea Alamat sekolah' is clicked on

01-01-2025T23:10:57 - [MESSAGE][PASSED] - Object: 'Object Repository/Pengaturan Sistem/Admin Sekolah/Alamat Sekolah/TextArea Alamat sekolah' is clicked on

01-01-2025T23:10:57 - [TEST_STEP][PASSED] - executeJavaScript("document.querySelector('textarea[name="schoolAddress"]').value=''", null, OPTIONAL): Execute JavaScript 'document.querySelector('textarea[name="schoolAddress"]').value=''' successfully

01-01-2025T23:10:57 - [MESSAGE][PASSED] - Execute JavaScript 'document.querySelector('textarea[name="schoolAddress"]').value=''' successfully

01-01-2025T23:10:57 - [TEST_STEP][PASSED] - setText(findTestObject("Object Repository/Pengaturan Sistem/Admin Sekolah/Alamat Sekolah/TextArea Alamat sekolah"), "Jl. Raya Rawa Buntu No 18D", OPTIONAL): Text 'Jl. Raya Rawa Buntu No 18D' is set on object 'Object Repository/Pengaturan Sistem/Admin Sekolah/Alamat Sekolah/TextArea Alamat sekolah'

01-01-2025T23:10:58 - [MESSAGE][PASSED] - Text 'Jl. Raya Rawa Buntu No 18D' is set on object 'Object Repository/Pengaturan Sistem/Admin Sekolah/Alamat Sekolah/TextArea Alamat sekolah'

01-01-2025T23:10:58 - [TEST_STEP][PASSED] - click(findTestObject("Object Repository/Pengaturan Sistem/Admin Sekolah/Phone/input_Edit Sekolah_schoolPhone"), OPTIONAL): Object: 'Object Repository/Pengaturan Sistem/Admin Sekolah/Phone/input_Edit Sekolah_schoolPhone' is clicked on

01-01-2025T23:10:59 - [MESSAGE][PASSED] - Object: 'Object Repository/Pengaturan Sistem/Admin Sekolah/Phone/input_Edit Sekolah_schoolPhone' is clicked on

01-01-2025T23:10:59 - [TEST_STEP][PASSED] - executeJavaScript("document.querySelector('input[name="schoolPhone"]').value=''", null, OPTIONAL): Execute JavaScript 'document.querySelector('input[name="schoolPhone"]').value=''' successfully

01-01-2025T23:10:59 - [MESSAGE][PASSED] - Execute JavaScript 'document.querySelector('input[name="schoolPhone"]').value=''' successfully

01-01-2025T23:10:59 - [TEST_STEP][PASSED] - setText(findTestObject("Object Repository/Pengaturan Sistem/Admin Sekolah/Phone/input_Edit Sekolah_schoolPhone"), "081332924555", OPTIONAL): Text '081332924555' is set on object 'Object Repository/Pengaturan Sistem/Admin Sekolah/Phone/input_Edit Sekolah_schoolPhone'

01-01-2025T23:10:59 - [MESSAGE][PASSED] - Text '081332924555' is set on object 'Object Repository/Pengaturan Sistem/Admin Sekolah/Phone/input_Edit Sekolah_schoolPhone'

01-01-2025T23:10:59 - [TEST_STEP][PASSED] - click(findTestObject("Pengaturan Sistem/Admin Sekolah/Email/input_Edit Sekolah_schoolMail"), OPTIONAL): Object: 'Object Repository/Pengaturan Sistem/Admin Sekolah/Email/input_Edit Sekolah_schoolMail' is clicked on

01-01-2025T23:10:59 - [MESSAGE][PASSED] - Object: 'Object Repository/Pengaturan Sistem/Admin Sekolah/Email/input_Edit Sekolah_schoolMail' is clicked on

01-01-2025T23:10:59 - [TEST_STEP][PASSED] - executeJavaScript("document.querySelector('input[name="schoolMail"]').value=''", null, OPTIONAL): Execute JavaScript 'document.querySelector('input[name="schoolMail"]').value=''' successfully

01-01-2025T23:11:00 - [MESSAGE][PASSED] - Execute JavaScript 'document.querySelector('input[name="schoolMail"]').value=''' successfully

01-01-2025T23:11:00 - [TEST_STEP][PASSED] - setText(findTestObject("Pengaturan Sistem/Admin Sekolah/Email/input_Edit Sekolah_schoolMail"), "reach.us@aigen-global.com", OPTIONAL): Text 'reach.us@aigen-global.com' is set on object 'Object Repository/Pengaturan Sistem/Admin Sekolah/Email/input_Edit Sekolah_schoolMail'

01-01-2025T23:11:00 - [MESSAGE][PASSED] - Text 'reach.us@aigen-global.com' is set on object 'Object Repository/Pengaturan Sistem/Admin Sekolah/Email/input_Edit Sekolah_schoolMail'

01-01-2025T23:11:00 - [TEST_STEP][PASSED] - click(findTestObject("Pengaturan Sistem/Admin Sekolah/Email/input_Edit Sekolah_schoolMail"), OPTIONAL): Object: 'Object Repository/Pengaturan Sistem/Admin Sekolah/Email/input_Edit Sekolah_schoolMail' is clicked on

01-01-2025T23:11:00 - [MESSAGE][PASSED] - Object: 'Object Repository/Pengaturan Sistem/Admin Sekolah/Email/input_Edit Sekolah_schoolMail' is clicked on

01-01-2025T23:11:00 - [TEST_STEP][PASSED] - delay(2, OPTIONAL): Delayed 2 second(s)

01-01-2025T23:11:02 - [MESSAGE][PASSED] - Delayed 2 second(s)

01-01-2025T23:11:02 - [TEST_STEP][PASSED] - executeJavaScript("document.querySelector("input[type='file']").style.display = "block";", null, OPTIONAL): Execute JavaScript 'document.querySelector("input[type='file']").style.display = "block";' successfully

01-01-2025T23:11:02 - [MESSAGE][PASSED] - Execute JavaScript 'document.querySelector("input[type='file']").style.display = "block";' successfully

01-01-2025T23:11:02 - [TEST_STEP][PASSED] - delay(2, OPTIONAL): Delayed 2 second(s)

01-01-2025T23:11:05 - [MESSAGE][PASSED] - Delayed 2 second(s)

01-01-2025T23:11:05 - [TEST_STEP][PASSED] - filePath = "C:\Users\Khairul Pandunata\Desktop\Aigen_Logo.jpeg": null

01-01-2025T23:11:05 - [TEST_STEP][PASSED] - uploadFile(findTestObject("Object Repository/Pengaturan Sistem/Admin Sekolah/Page_Upload/Input_UnggahFile"), filePath, OPTIONAL): Unable to upload file 'C:\Users\Khairul Pandunata\Desktop\Aigen_Logo.jpeg' to object 'Object Repository/Pengaturan Sistem/Admin Sekolah/Page_Upload/Input_UnggahFile' (Root cause: com.kms.katalon.core.exception.StepFailedException: Unable to upload file 'C:\Users\Khairul Pandunata\Desktop\Aigen_Logo.jpeg' to object 'Object Repository/Pengaturan Sistem/Admin Sekolah/Page_Upload/Input_UnggahFile'
	at com.kms.katalon.core.webui.keyword.internal.WebUIKeywordMain.stepFailed(WebUIKeywordMain.groovy:117)
	at com.kms.katalon.core.webui.keyword.internal.WebUIKeywordMain.runKeyword(WebUIKeywordMain.groovy:43)
	at com.kms.katalon.core.webui.keyword.builtin.UploadFileKeyword.uploadFile(UploadFileKeyword.groovy:87)
	at com.kms.katalon.core.webui.keyword.builtin.UploadFileKeyword.execute(UploadFileKeyword.groovy:68)
	at com.kms.katalon.core.keyword.internal.KeywordExecutor.executeKeywordForPlatform(KeywordExecutor.groovy:74)
	at com.kms.katalon.core.webui.keyword.WebUiBuiltInKeywords.uploadFile(WebUiBuiltInKeywords.groovy:4140)
	at Edit Informasi Sekolah.run(Edit Informasi Sekolah:108)
	at com.kms.katalon.core.main.ScriptEngine.run(ScriptEngine.java:194)
	at com.kms.katalon.core.main.ScriptEngine.runScriptAsRawText(ScriptEngine.java:119)
	at com.kms.katalon.core.main.TestCaseExecutor.runScript(TestCaseExecutor.java:448)
	at com.kms.katalon.core.main.TestCaseExecutor.doExecute(TestCaseExecutor.java:439)
	at com.kms.katalon.core.main.TestCaseExecutor.processExecutionPhase(TestCaseExecutor.java:418)
	at com.kms.katalon.core.main.TestCaseExecutor.accessMainPhase(TestCaseExecutor.java:410)
	at com.kms.katalon.core.main.TestCaseExecutor.execute(TestCaseExecutor.java:285)
	at com.kms.katalon.core.main.TestCaseMain.runTestCase(TestCaseMain.java:133)
	at com.kms.katalon.core.keyword.builtin.CallTestCaseKeyword$_callTestCase_closure1.doCall(CallTestCaseKeyword.groovy:59)
	at com.kms.katalon.core.keyword.builtin.CallTestCaseKeyword$_callTestCase_closure1.call(CallTestCaseKeyword.groovy)
	at com.kms.katalon.core.keyword.internal.KeywordMain.runKeyword(KeywordMain.groovy:75)
	at com.kms.katalon.core.keyword.builtin.CallTestCaseKeyword.callTestCase(CallTestCaseKeyword.groovy:81)
	at com.kms.katalon.core.keyword.builtin.CallTestCaseKeyword.execute(CallTestCaseKeyword.groovy:44)
	at com.kms.katalon.core.keyword.internal.KeywordExecutor.executeKeywordForPlatform(KeywordExecutor.groovy:74)
	at com.kms.katalon.core.keyword.BuiltinKeywords.callTestCase(BuiltinKeywords.groovy:310)
	at java.base/jdk.internal.reflect.NativeMethodAccessorImpl.invoke0(Native Method)
	at java.base/jdk.internal.reflect.NativeMethodAccessorImpl.invoke(NativeMethodAccessorImpl.java:77)
	at java.base/jdk.internal.reflect.DelegatingMethodAccessorImpl.invoke(DelegatingMethodAccessorImpl.java:43)
	at Regresi Informasi Sekolah.run(Regresi Informasi Sekolah:22)
	at com.kms.katalon.core.main.ScriptEngine.run(ScriptEngine.java:194)
	at com.kms.katalon.core.main.ScriptEngine.runScriptAsRawText(ScriptEngine.java:119)
	at com.kms.katalon.core.main.TestCaseExecutor.runScript(TestCaseExecutor.java:448)
	at com.kms.katalon.core.main.TestCaseExecutor.doExecute(TestCaseExecutor.java:439)
	at com.kms.katalon.core.main.TestCaseExecutor.processExecutionPhase(TestCaseExecutor.java:418)
	at com.kms.katalon.core.main.TestCaseExecutor.accessMainPhase(TestCaseExecutor.java:410)
	at com.kms.katalon.core.main.TestCaseExecutor.execute(TestCaseExecutor.java:285)
	at com.kms.katalon.core.common.CommonExecutor.accessTestCaseMainPhase(CommonExecutor.java:65)
	at com.kms.katalon.core.main.TestSuiteExecutor.accessTestSuiteMainPhase(TestSuiteExecutor.java:161)
	at com.kms.katalon.core.main.TestSuiteExecutor.execute(TestSuiteExecutor.java:107)
	at com.kms.katalon.core.main.TestCaseMain.startTestSuite(TestCaseMain.java:176)
	at TempTestSuite1735747775748.run(TempTestSuite1735747775748.groovy:35)
	at java.base/jdk.internal.reflect.NativeMethodAccessorImpl.invoke0(Native Method)
	at java.base/jdk.internal.reflect.NativeMethodAccessorImpl.invoke(NativeMethodAccessorImpl.java:77)
	at java.base/jdk.internal.reflect.DelegatingMethodAccessorImpl.invoke(DelegatingMethodAccessorImpl.java:43)
Caused by: org.openqa.selenium.InvalidArgumentException: invalid argument: File not found : C:\Users\Khairul Pandunata\Desktop\Aigen_Logo.jpeg
  (Session info: chrome=131.0.6778.205)
Build info: version: '4.22.0', revision: 'c5f3146703'
System info: os.name: 'Windows 11', os.arch: 'amd64', os.version: '10.0', java.version: '17.0.7'
Driver info: com.kms.katalon.selenium.driver.CChromeDriver
Command: [da99b89fe9923de540113b96442c0b0b, sendKeysToElement {id=f.7B6277503B3414C61BC61C3864493ECC.d.DFF30A4D90C85337D7EE7DC62877BE85.e.63, value=[Ljava.lang.CharSequence;@293988dc}]
Capabilities {acceptInsecureCerts: false, browserName: chrome, browserVersion: 131.0.6778.205, chrome: {chromedriverVersion: 130.0.6723.58 (3a50e012e4c9..., userDataDir: C:\Users\henri\AppData\Loca...}, fedcm:accounts: true, goog:chromeOptions: {debuggerAddress: localhost:58594}, networkConnectionEnabled: false, pageLoadStrategy: normal, platformName: windows, proxy: Proxy(), se:cdp: ws://localhost:58594/devtoo..., se:cdpVersion: 131.0.6778.205, setWindowRect: true, strictFileInteractability: false, timeouts: {implicit: 0, pageLoad: 300000, script: 30000}, unhandledPromptBehavior: ignore, webSocketUrl: ws://localhost:13119/sessio..., webauthn:extension:credBlob: true, webauthn:extension:largeBlob: true, webauthn:extension:minPinLength: true, webauthn:extension:prf: true, webauthn:virtualAuthenticators: true}
Element: [[CChromeDriver: chrome on windows (da99b89fe9923de540113b96442c0b0b)] -> xpath: //input[@type='file' and @id='upload-change-file-Logo Sekolah']]
Session ID: da99b89fe9923de540113b96442c0b0b
	at java.base/jdk.internal.reflect.NativeConstructorAccessorImpl.newInstance0(Native Method)
	at java.base/jdk.internal.reflect.NativeConstructorAccessorImpl.newInstance(NativeConstructorAccessorImpl.java:77)
	at java.base/jdk.internal.reflect.DelegatingConstructorAccessorImpl.newInstance(DelegatingConstructorAccessorImpl.java:45)
	at org.openqa.selenium.remote.ErrorCodec.decode(ErrorCodec.java:167)
	at org.openqa.selenium.remote.codec.w3c.W3CHttpResponseCodec.decode(W3CHttpResponseCodec.java:138)
	at org.openqa.selenium.remote.codec.w3c.W3CHttpResponseCodec.decode(W3CHttpResponseCodec.java:50)
	at org.openqa.selenium.remote.HttpCommandExecutor.execute(HttpCommandExecutor.java:190)
	at org.openqa.selenium.remote.service.DriverCommandExecutor.invokeExecute(DriverCommandExecutor.java:216)
	at org.openqa.selenium.remote.service.DriverCommandExecutor.execute(DriverCommandExecutor.java:174)
	at org.openqa.selenium.remote.RemoteWebDriver.execute(RemoteWebDriver.java:518)
	at org.openqa.selenium.remote.RemoteWebElement.execute(RemoteWebElement.java:223)
	at org.openqa.selenium.remote.RemoteWebElement.sendKeys(RemoteWebElement.java:110)
	at java.base/jdk.internal.reflect.NativeMethodAccessorImpl.invoke0(Native Method)
	at java.base/jdk.internal.reflect.NativeMethodAccessorImpl.invoke(NativeMethodAccessorImpl.java:77)
	at java.base/jdk.internal.reflect.DelegatingMethodAccessorImpl.invoke(DelegatingMethodAccessorImpl.java:43)
	at org.openqa.selenium.support.decorators.WebDriverDecorator.call(WebDriverDecorator.java:249)
	at org.openqa.selenium.support.decorators.DefaultDecorated.call(DefaultDecorated.java:48)
	at org.openqa.selenium.support.decorators.WebDriverDecorator.lambda$createProxy$2(WebDriverDecorator.java:321)
	at net.bytebuddy.renamed.java.lang.Object$ByteBuddy$J2fHNOqD.sendKeys(Unknown Source)
	at com.kms.katalon.core.webui.keyword.builtin.UploadFileKeyword$_uploadFile_closure1.doCall(UploadFileKeyword.groovy:80)
	at com.kms.katalon.core.webui.keyword.builtin.UploadFileKeyword$_uploadFile_closure1.call(UploadFileKeyword.groovy)
	at com.kms.katalon.core.webui.keyword.internal.WebUIKeywordMain.runKeyword(WebUIKeywordMain.groovy:35)
	at com.kms.katalon.core.webui.keyword.builtin.UploadFileKeyword.uploadFile(UploadFileKeyword.groovy:87)
	at com.kms.katalon.core.webui.keyword.builtin.UploadFileKeyword.execute(UploadFileKeyword.groovy:68)
	at com.kms.katalon.core.keyword.internal.KeywordExecutor.executeKeywordForPlatform(KeywordExecutor.groovy:74)
	at com.kms.katalon.core.webui.keyword.WebUiBuiltInKeywords.uploadFile(WebUiBuiltInKeywords.groovy:4140)
	at Script1733734833613.run(Script1733734833613.groovy:108)
	at com.kms.katalon.core.main.ScriptEngine.run(ScriptEngine.java:194)
	at com.kms.katalon.core.main.ScriptEngine.runScriptAsRawText(ScriptEngine.java:119)
	at com.kms.katalon.core.main.TestCaseExecutor.runScript(TestCaseExecutor.java:448)
	at com.kms.katalon.core.main.TestCaseExecutor.doExecute(TestCaseExecutor.java:439)
	at com.kms.katalon.core.main.TestCaseExecutor.processExecutionPhase(TestCaseExecutor.java:418)
	at com.kms.katalon.core.main.TestCaseExecutor.accessMainPhase(TestCaseExecutor.java:410)
	at com.kms.katalon.core.main.TestCaseExecutor.execute(TestCaseExecutor.java:285)
	at com.kms.katalon.core.main.TestCaseMain.runTestCase(TestCaseMain.java:133)
	at com.kms.katalon.core.keyword.builtin.CallTestCaseKeyword$_callTestCase_closure1.doCall(CallTestCaseKeyword.groovy:59)
	at com.kms.katalon.core.keyword.builtin.CallTestCaseKeyword$_callTestCase_closure1.call(CallTestCaseKeyword.groovy)
	at com.kms.katalon.core.keyword.internal.KeywordMain.runKeyword(KeywordMain.groovy:75)
	at com.kms.katalon.core.keyword.builtin.CallTestCaseKeyword.callTestCase(CallTestCaseKeyword.groovy:81)
	at com.kms.katalon.core.keyword.builtin.CallTestCaseKeyword.execute(CallTestCaseKeyword.groovy:44)
	at com.kms.katalon.core.keyword.internal.KeywordExecutor.executeKeywordForPlatform(KeywordExecutor.groovy:74)
	at com.kms.katalon.core.keyword.BuiltinKeywords.callTestCase(BuiltinKeywords.groovy:310)
	at java.base/jdk.internal.reflect.NativeMethodAccessorImpl.invoke0(Native Method)
	at java.base/jdk.internal.reflect.NativeMethodAccessorImpl.invoke(NativeMethodAccessorImpl.java:77)
	at java.base/jdk.internal.reflect.DelegatingMethodAccessorImpl.invoke(DelegatingMethodAccessorImpl.java:43)
	at Script1735747665131.run(Script1735747665131.groovy:22)
	... 15 more
)

01-01-2025T23:11:05 - [MESSAGE][WARNING] - Unable to upload file 'C:\Users\Khairul Pandunata\Desktop\Aigen_Logo.jpeg' to object 'Object Repository/Pengaturan Sistem/Admin Sekolah/Page_Upload/Input_UnggahFile' (Root cause: com.kms.katalon.core.exception.StepFailedException: Unable to upload file 'C:\Users\Khairul Pandunata\Desktop\Aigen_Logo.jpeg' to object 'Object Repository/Pengaturan Sistem/Admin Sekolah/Page_Upload/Input_UnggahFile'
	at com.kms.katalon.core.webui.keyword.internal.WebUIKeywordMain.stepFailed(WebUIKeywordMain.groovy:117)
	at com.kms.katalon.core.webui.keyword.internal.WebUIKeywordMain.runKeyword(WebUIKeywordMain.groovy:43)
	at com.kms.katalon.core.webui.keyword.builtin.UploadFileKeyword.uploadFile(UploadFileKeyword.groovy:87)
	at com.kms.katalon.core.webui.keyword.builtin.UploadFileKeyword.execute(UploadFileKeyword.groovy:68)
	at com.kms.katalon.core.keyword.internal.KeywordExecutor.executeKeywordForPlatform(KeywordExecutor.groovy:74)
	at com.kms.katalon.core.webui.keyword.WebUiBuiltInKeywords.uploadFile(WebUiBuiltInKeywords.groovy:4140)
	at Edit Informasi Sekolah.run(Edit Informasi Sekolah:108)
	at com.kms.katalon.core.main.ScriptEngine.run(ScriptEngine.java:194)
	at com.kms.katalon.core.main.ScriptEngine.runScriptAsRawText(ScriptEngine.java:119)
	at com.kms.katalon.core.main.TestCaseExecutor.runScript(TestCaseExecutor.java:448)
	at com.kms.katalon.core.main.TestCaseExecutor.doExecute(TestCaseExecutor.java:439)
	at com.kms.katalon.core.main.TestCaseExecutor.processExecutionPhase(TestCaseExecutor.java:418)
	at com.kms.katalon.core.main.TestCaseExecutor.accessMainPhase(TestCaseExecutor.java:410)
	at com.kms.katalon.core.main.TestCaseExecutor.execute(TestCaseExecutor.java:285)
	at com.kms.katalon.core.main.TestCaseMain.runTestCase(TestCaseMain.java:133)
	at com.kms.katalon.core.keyword.builtin.CallTestCaseKeyword$_callTestCase_closure1.doCall(CallTestCaseKeyword.groovy:59)
	at com.kms.katalon.core.keyword.builtin.CallTestCaseKeyword$_callTestCase_closure1.call(CallTestCaseKeyword.groovy)
	at com.kms.katalon.core.keyword.internal.KeywordMain.runKeyword(KeywordMain.groovy:75)
	at com.kms.katalon.core.keyword.builtin.CallTestCaseKeyword.callTestCase(CallTestCaseKeyword.groovy:81)
	at com.kms.katalon.core.keyword.builtin.CallTestCaseKeyword.execute(CallTestCaseKeyword.groovy:44)
	at com.kms.katalon.core.keyword.internal.KeywordExecutor.executeKeywordForPlatform(KeywordExecutor.groovy:74)
	at com.kms.katalon.core.keyword.BuiltinKeywords.callTestCase(BuiltinKeywords.groovy:310)
	at java.base/jdk.internal.reflect.NativeMethodAccessorImpl.invoke0(Native Method)
	at java.base/jdk.internal.reflect.NativeMethodAccessorImpl.invoke(NativeMethodAccessorImpl.java:77)
	at java.base/jdk.internal.reflect.DelegatingMethodAccessorImpl.invoke(DelegatingMethodAccessorImpl.java:43)
	at Regresi Informasi Sekolah.run(Regresi Informasi Sekolah:22)
	at com.kms.katalon.core.main.ScriptEngine.run(ScriptEngine.java:194)
	at com.kms.katalon.core.main.ScriptEngine.runScriptAsRawText(ScriptEngine.java:119)
	at com.kms.katalon.core.main.TestCaseExecutor.runScript(TestCaseExecutor.java:448)
	at com.kms.katalon.core.main.TestCaseExecutor.doExecute(TestCaseExecutor.java:439)
	at com.kms.katalon.core.main.TestCaseExecutor.processExecutionPhase(TestCaseExecutor.java:418)
	at com.kms.katalon.core.main.TestCaseExecutor.accessMainPhase(TestCaseExecutor.java:410)
	at com.kms.katalon.core.main.TestCaseExecutor.execute(TestCaseExecutor.java:285)
	at com.kms.katalon.core.common.CommonExecutor.accessTestCaseMainPhase(CommonExecutor.java:65)
	at com.kms.katalon.core.main.TestSuiteExecutor.accessTestSuiteMainPhase(TestSuiteExecutor.java:161)
	at com.kms.katalon.core.main.TestSuiteExecutor.execute(TestSuiteExecutor.java:107)
	at com.kms.katalon.core.main.TestCaseMain.startTestSuite(TestCaseMain.java:176)
	at TempTestSuite1735747775748.run(TempTestSuite1735747775748.groovy:35)
	at java.base/jdk.internal.reflect.NativeMethodAccessorImpl.invoke0(Native Method)
	at java.base/jdk.internal.reflect.NativeMethodAccessorImpl.invoke(NativeMethodAccessorImpl.java:77)
	at java.base/jdk.internal.reflect.DelegatingMethodAccessorImpl.invoke(DelegatingMethodAccessorImpl.java:43)
Caused by: org.openqa.selenium.InvalidArgumentException: invalid argument: File not found : C:\Users\Khairul Pandunata\Desktop\Aigen_Logo.jpeg
  (Session info: chrome=131.0.6778.205)
Build info: version: '4.22.0', revision: 'c5f3146703'
System info: os.name: 'Windows 11', os.arch: 'amd64', os.version: '10.0', java.version: '17.0.7'
Driver info: com.kms.katalon.selenium.driver.CChromeDriver
Command: [da99b89fe9923de540113b96442c0b0b, sendKeysToElement {id=f.7B6277503B3414C61BC61C3864493ECC.d.DFF30A4D90C85337D7EE7DC62877BE85.e.63, value=[Ljava.lang.CharSequence;@293988dc}]
Capabilities {acceptInsecureCerts: false, browserName: chrome, browserVersion: 131.0.6778.205, chrome: {chromedriverVersion: 130.0.6723.58 (3a50e012e4c9..., userDataDir: C:\Users\henri\AppData\Loca...}, fedcm:accounts: true, goog:chromeOptions: {debuggerAddress: localhost:58594}, networkConnectionEnabled: false, pageLoadStrategy: normal, platformName: windows, proxy: Proxy(), se:cdp: ws://localhost:58594/devtoo..., se:cdpVersion: 131.0.6778.205, setWindowRect: true, strictFileInteractability: false, timeouts: {implicit: 0, pageLoad: 300000, script: 30000}, unhandledPromptBehavior: ignore, webSocketUrl: ws://localhost:13119/sessio..., webauthn:extension:credBlob: true, webauthn:extension:largeBlob: true, webauthn:extension:minPinLength: true, webauthn:extension:prf: true, webauthn:virtualAuthenticators: true}
Element: [[CChromeDriver: chrome on windows (da99b89fe9923de540113b96442c0b0b)] -> xpath: //input[@type='file' and @id='upload-change-file-Logo Sekolah']]
Session ID: da99b89fe9923de540113b96442c0b0b
	at java.base/jdk.internal.reflect.NativeConstructorAccessorImpl.newInstance0(Native Method)
	at java.base/jdk.internal.reflect.NativeConstructorAccessorImpl.newInstance(NativeConstructorAccessorImpl.java:77)
	at java.base/jdk.internal.reflect.DelegatingConstructorAccessorImpl.newInstance(DelegatingConstructorAccessorImpl.java:45)
	at org.openqa.selenium.remote.ErrorCodec.decode(ErrorCodec.java:167)
	at org.openqa.selenium.remote.codec.w3c.W3CHttpResponseCodec.decode(W3CHttpResponseCodec.java:138)
	at org.openqa.selenium.remote.codec.w3c.W3CHttpResponseCodec.decode(W3CHttpResponseCodec.java:50)
	at org.openqa.selenium.remote.HttpCommandExecutor.execute(HttpCommandExecutor.java:190)
	at org.openqa.selenium.remote.service.DriverCommandExecutor.invokeExecute(DriverCommandExecutor.java:216)
	at org.openqa.selenium.remote.service.DriverCommandExecutor.execute(DriverCommandExecutor.java:174)
	at org.openqa.selenium.remote.RemoteWebDriver.execute(RemoteWebDriver.java:518)
	at org.openqa.selenium.remote.RemoteWebElement.execute(RemoteWebElement.java:223)
	at org.openqa.selenium.remote.RemoteWebElement.sendKeys(RemoteWebElement.java:110)
	at java.base/jdk.internal.reflect.NativeMethodAccessorImpl.invoke0(Native Method)
	at java.base/jdk.internal.reflect.NativeMethodAccessorImpl.invoke(NativeMethodAccessorImpl.java:77)
	at java.base/jdk.internal.reflect.DelegatingMethodAccessorImpl.invoke(DelegatingMethodAccessorImpl.java:43)
	at org.openqa.selenium.support.decorators.WebDriverDecorator.call(WebDriverDecorator.java:249)
	at org.openqa.selenium.support.decorators.DefaultDecorated.call(DefaultDecorated.java:48)
	at org.openqa.selenium.support.decorators.WebDriverDecorator.lambda$createProxy$2(WebDriverDecorator.java:321)
	at net.bytebuddy.renamed.java.lang.Object$ByteBuddy$J2fHNOqD.sendKeys(Unknown Source)
	at com.kms.katalon.core.webui.keyword.builtin.UploadFileKeyword$_uploadFile_closure1.doCall(UploadFileKeyword.groovy:80)
	at com.kms.katalon.core.webui.keyword.builtin.UploadFileKeyword$_uploadFile_closure1.call(UploadFileKeyword.groovy)
	at com.kms.katalon.core.webui.keyword.internal.WebUIKeywordMain.runKeyword(WebUIKeywordMain.groovy:35)
	at com.kms.katalon.core.webui.keyword.builtin.UploadFileKeyword.uploadFile(UploadFileKeyword.groovy:87)
	at com.kms.katalon.core.webui.keyword.builtin.UploadFileKeyword.execute(UploadFileKeyword.groovy:68)
	at com.kms.katalon.core.keyword.internal.KeywordExecutor.executeKeywordForPlatform(KeywordExecutor.groovy:74)
	at com.kms.katalon.core.webui.keyword.WebUiBuiltInKeywords.uploadFile(WebUiBuiltInKeywords.groovy:4140)
	at Script1733734833613.run(Script1733734833613.groovy:108)
	at com.kms.katalon.core.main.ScriptEngine.run(ScriptEngine.java:194)
	at com.kms.katalon.core.main.ScriptEngine.runScriptAsRawText(ScriptEngine.java:119)
	at com.kms.katalon.core.main.TestCaseExecutor.runScript(TestCaseExecutor.java:448)
	at com.kms.katalon.core.main.TestCaseExecutor.doExecute(TestCaseExecutor.java:439)
	at com.kms.katalon.core.main.TestCaseExecutor.processExecutionPhase(TestCaseExecutor.java:418)
	at com.kms.katalon.core.main.TestCaseExecutor.accessMainPhase(TestCaseExecutor.java:410)
	at com.kms.katalon.core.main.TestCaseExecutor.execute(TestCaseExecutor.java:285)
	at com.kms.katalon.core.main.TestCaseMain.runTestCase(TestCaseMain.java:133)
	at com.kms.katalon.core.keyword.builtin.CallTestCaseKeyword$_callTestCase_closure1.doCall(CallTestCaseKeyword.groovy:59)
	at com.kms.katalon.core.keyword.builtin.CallTestCaseKeyword$_callTestCase_closure1.call(CallTestCaseKeyword.groovy)
	at com.kms.katalon.core.keyword.internal.KeywordMain.runKeyword(KeywordMain.groovy:75)
	at com.kms.katalon.core.keyword.builtin.CallTestCaseKeyword.callTestCase(CallTestCaseKeyword.groovy:81)
	at com.kms.katalon.core.keyword.builtin.CallTestCaseKeyword.execute(CallTestCaseKeyword.groovy:44)
	at com.kms.katalon.core.keyword.internal.KeywordExecutor.executeKeywordForPlatform(KeywordExecutor.groovy:74)
	at com.kms.katalon.core.keyword.BuiltinKeywords.callTestCase(BuiltinKeywords.groovy:310)
	at java.base/jdk.internal.reflect.NativeMethodAccessorImpl.invoke0(Native Method)
	at java.base/jdk.internal.reflect.NativeMethodAccessorImpl.invoke(NativeMethodAccessorImpl.java:77)
	at java.base/jdk.internal.reflect.DelegatingMethodAccessorImpl.invoke(DelegatingMethodAccessorImpl.java:43)
	at Script1735747665131.run(Script1735747665131.groovy:22)
	... 15 more
)
[[ATTACHMENT|C:\\Users\\henri\\Videos\\school-payment-automation-testing\\Reports\\20250101_230934\\SPRINT 2\\20250101_230935\\1735747865271.png]]

01-01-2025T23:11:05 - [TEST_STEP][PASSED] - executeJavaScript("document.querySelector("input[type='file']").style.display = "block";", null, OPTIONAL): Execute JavaScript 'document.querySelector("input[type='file']").style.display = "block";' successfully

01-01-2025T23:11:05 - [MESSAGE][PASSED] - Execute JavaScript 'document.querySelector("input[type='file']").style.display = "block";' successfully

01-01-2025T23:11:05 - [TEST_STEP][PASSED] - delay(2, OPTIONAL): Delayed 2 second(s)

01-01-2025T23:11:07 - [MESSAGE][PASSED] - Delayed 2 second(s)

01-01-2025T23:11:07 - [TEST_STEP][PASSED] - filePathKop = "C:\Users\Khairul Pandunata\Desktop\Aigen_Kop.png": null

01-01-2025T23:11:07 - [TEST_STEP][PASSED] - uploadFile(findTestObject("Object Repository/Pengaturan Sistem/Admin Sekolah/Page_Upload_Kop/Input_UnggahFileKop"), filePathKop, OPTIONAL): Unable to upload file 'C:\Users\Khairul Pandunata\Desktop\Aigen_Kop.png' to object 'Object Repository/Pengaturan Sistem/Admin Sekolah/Page_Upload_Kop/Input_UnggahFileKop' (Root cause: com.kms.katalon.core.exception.StepFailedException: Unable to upload file 'C:\Users\Khairul Pandunata\Desktop\Aigen_Kop.png' to object 'Object Repository/Pengaturan Sistem/Admin Sekolah/Page_Upload_Kop/Input_UnggahFileKop'
	at com.kms.katalon.core.webui.keyword.internal.WebUIKeywordMain.stepFailed(WebUIKeywordMain.groovy:117)
	at com.kms.katalon.core.webui.keyword.internal.WebUIKeywordMain.runKeyword(WebUIKeywordMain.groovy:43)
	at com.kms.katalon.core.webui.keyword.builtin.UploadFileKeyword.uploadFile(UploadFileKeyword.groovy:87)
	at com.kms.katalon.core.webui.keyword.builtin.UploadFileKeyword.execute(UploadFileKeyword.groovy:68)
	at com.kms.katalon.core.keyword.internal.KeywordExecutor.executeKeywordForPlatform(KeywordExecutor.groovy:74)
	at com.kms.katalon.core.webui.keyword.WebUiBuiltInKeywords.uploadFile(WebUiBuiltInKeywords.groovy:4140)
	at Edit Informasi Sekolah.run(Edit Informasi Sekolah:121)
	at com.kms.katalon.core.main.ScriptEngine.run(ScriptEngine.java:194)
	at com.kms.katalon.core.main.ScriptEngine.runScriptAsRawText(ScriptEngine.java:119)
	at com.kms.katalon.core.main.TestCaseExecutor.runScript(TestCaseExecutor.java:448)
	at com.kms.katalon.core.main.TestCaseExecutor.doExecute(TestCaseExecutor.java:439)
	at com.kms.katalon.core.main.TestCaseExecutor.processExecutionPhase(TestCaseExecutor.java:418)
	at com.kms.katalon.core.main.TestCaseExecutor.accessMainPhase(TestCaseExecutor.java:410)
	at com.kms.katalon.core.main.TestCaseExecutor.execute(TestCaseExecutor.java:285)
	at com.kms.katalon.core.main.TestCaseMain.runTestCase(TestCaseMain.java:133)
	at com.kms.katalon.core.keyword.builtin.CallTestCaseKeyword$_callTestCase_closure1.doCall(CallTestCaseKeyword.groovy:59)
	at com.kms.katalon.core.keyword.builtin.CallTestCaseKeyword$_callTestCase_closure1.call(CallTestCaseKeyword.groovy)
	at com.kms.katalon.core.keyword.internal.KeywordMain.runKeyword(KeywordMain.groovy:75)
	at com.kms.katalon.core.keyword.builtin.CallTestCaseKeyword.callTestCase(CallTestCaseKeyword.groovy:81)
	at com.kms.katalon.core.keyword.builtin.CallTestCaseKeyword.execute(CallTestCaseKeyword.groovy:44)
	at com.kms.katalon.core.keyword.internal.KeywordExecutor.executeKeywordForPlatform(KeywordExecutor.groovy:74)
	at com.kms.katalon.core.keyword.BuiltinKeywords.callTestCase(BuiltinKeywords.groovy:310)
	at java.base/jdk.internal.reflect.NativeMethodAccessorImpl.invoke0(Native Method)
	at java.base/jdk.internal.reflect.NativeMethodAccessorImpl.invoke(NativeMethodAccessorImpl.java:77)
	at java.base/jdk.internal.reflect.DelegatingMethodAccessorImpl.invoke(DelegatingMethodAccessorImpl.java:43)
	at Regresi Informasi Sekolah.run(Regresi Informasi Sekolah:22)
	at com.kms.katalon.core.main.ScriptEngine.run(ScriptEngine.java:194)
	at com.kms.katalon.core.main.ScriptEngine.runScriptAsRawText(ScriptEngine.java:119)
	at com.kms.katalon.core.main.TestCaseExecutor.runScript(TestCaseExecutor.java:448)
	at com.kms.katalon.core.main.TestCaseExecutor.doExecute(TestCaseExecutor.java:439)
	at com.kms.katalon.core.main.TestCaseExecutor.processExecutionPhase(TestCaseExecutor.java:418)
	at com.kms.katalon.core.main.TestCaseExecutor.accessMainPhase(TestCaseExecutor.java:410)
	at com.kms.katalon.core.main.TestCaseExecutor.execute(TestCaseExecutor.java:285)
	at com.kms.katalon.core.common.CommonExecutor.accessTestCaseMainPhase(CommonExecutor.java:65)
	at com.kms.katalon.core.main.TestSuiteExecutor.accessTestSuiteMainPhase(TestSuiteExecutor.java:161)
	at com.kms.katalon.core.main.TestSuiteExecutor.execute(TestSuiteExecutor.java:107)
	at com.kms.katalon.core.main.TestCaseMain.startTestSuite(TestCaseMain.java:176)
	at TempTestSuite1735747775748.run(TempTestSuite1735747775748.groovy:35)
	at java.base/jdk.internal.reflect.NativeMethodAccessorImpl.invoke0(Native Method)
	at java.base/jdk.internal.reflect.NativeMethodAccessorImpl.invoke(NativeMethodAccessorImpl.java:77)
	at java.base/jdk.internal.reflect.DelegatingMethodAccessorImpl.invoke(DelegatingMethodAccessorImpl.java:43)
Caused by: org.openqa.selenium.InvalidArgumentException: invalid argument: File not found : C:\Users\Khairul Pandunata\Desktop\Aigen_Kop.png
  (Session info: chrome=131.0.6778.205)
Build info: version: '4.22.0', revision: 'c5f3146703'
System info: os.name: 'Windows 11', os.arch: 'amd64', os.version: '10.0', java.version: '17.0.7'
Driver info: com.kms.katalon.selenium.driver.CChromeDriver
Command: [da99b89fe9923de540113b96442c0b0b, sendKeysToElement {id=f.7B6277503B3414C61BC61C3864493ECC.d.DFF30A4D90C85337D7EE7DC62877BE85.e.64, value=[Ljava.lang.CharSequence;@296a350}]
Capabilities {acceptInsecureCerts: false, browserName: chrome, browserVersion: 131.0.6778.205, chrome: {chromedriverVersion: 130.0.6723.58 (3a50e012e4c9..., userDataDir: C:\Users\henri\AppData\Loca...}, fedcm:accounts: true, goog:chromeOptions: {debuggerAddress: localhost:58594}, networkConnectionEnabled: false, pageLoadStrategy: normal, platformName: windows, proxy: Proxy(), se:cdp: ws://localhost:58594/devtoo..., se:cdpVersion: 131.0.6778.205, setWindowRect: true, strictFileInteractability: false, timeouts: {implicit: 0, pageLoad: 300000, script: 30000}, unhandledPromptBehavior: ignore, webSocketUrl: ws://localhost:13119/sessio..., webauthn:extension:credBlob: true, webauthn:extension:largeBlob: true, webauthn:extension:minPinLength: true, webauthn:extension:prf: true, webauthn:virtualAuthenticators: true}
Element: [[CChromeDriver: chrome on windows (da99b89fe9923de540113b96442c0b0b)] -> xpath: //input[@type='file' and @id='upload-change-file-Kop Surat']]
Session ID: da99b89fe9923de540113b96442c0b0b
	at java.base/jdk.internal.reflect.NativeConstructorAccessorImpl.newInstance0(Native Method)
	at java.base/jdk.internal.reflect.NativeConstructorAccessorImpl.newInstance(NativeConstructorAccessorImpl.java:77)
	at java.base/jdk.internal.reflect.DelegatingConstructorAccessorImpl.newInstance(DelegatingConstructorAccessorImpl.java:45)
	at org.openqa.selenium.remote.ErrorCodec.decode(ErrorCodec.java:167)
	at org.openqa.selenium.remote.codec.w3c.W3CHttpResponseCodec.decode(W3CHttpResponseCodec.java:138)
	at org.openqa.selenium.remote.codec.w3c.W3CHttpResponseCodec.decode(W3CHttpResponseCodec.java:50)
	at org.openqa.selenium.remote.HttpCommandExecutor.execute(HttpCommandExecutor.java:190)
	at org.openqa.selenium.remote.service.DriverCommandExecutor.invokeExecute(DriverCommandExecutor.java:216)
	at org.openqa.selenium.remote.service.DriverCommandExecutor.execute(DriverCommandExecutor.java:174)
	at org.openqa.selenium.remote.RemoteWebDriver.execute(RemoteWebDriver.java:518)
	at org.openqa.selenium.remote.RemoteWebElement.execute(RemoteWebElement.java:223)
	at org.openqa.selenium.remote.RemoteWebElement.sendKeys(RemoteWebElement.java:110)
	at java.base/jdk.internal.reflect.NativeMethodAccessorImpl.invoke0(Native Method)
	at java.base/jdk.internal.reflect.NativeMethodAccessorImpl.invoke(NativeMethodAccessorImpl.java:77)
	at java.base/jdk.internal.reflect.DelegatingMethodAccessorImpl.invoke(DelegatingMethodAccessorImpl.java:43)
	at org.openqa.selenium.support.decorators.WebDriverDecorator.call(WebDriverDecorator.java:249)
	at org.openqa.selenium.support.decorators.DefaultDecorated.call(DefaultDecorated.java:48)
	at org.openqa.selenium.support.decorators.WebDriverDecorator.lambda$createProxy$2(WebDriverDecorator.java:321)
	at net.bytebuddy.renamed.java.lang.Object$ByteBuddy$4KEt31pR.sendKeys(Unknown Source)
	at com.kms.katalon.core.webui.keyword.builtin.UploadFileKeyword$_uploadFile_closure1.doCall(UploadFileKeyword.groovy:80)
	at com.kms.katalon.core.webui.keyword.builtin.UploadFileKeyword$_uploadFile_closure1.call(UploadFileKeyword.groovy)
	at com.kms.katalon.core.webui.keyword.internal.WebUIKeywordMain.runKeyword(WebUIKeywordMain.groovy:35)
	at com.kms.katalon.core.webui.keyword.builtin.UploadFileKeyword.uploadFile(UploadFileKeyword.groovy:87)
	at com.kms.katalon.core.webui.keyword.builtin.UploadFileKeyword.execute(UploadFileKeyword.groovy:68)
	at com.kms.katalon.core.keyword.internal.KeywordExecutor.executeKeywordForPlatform(KeywordExecutor.groovy:74)
	at com.kms.katalon.core.webui.keyword.WebUiBuiltInKeywords.uploadFile(WebUiBuiltInKeywords.groovy:4140)
	at Script1733734833613.run(Script1733734833613.groovy:121)
	at com.kms.katalon.core.main.ScriptEngine.run(ScriptEngine.java:194)
	at com.kms.katalon.core.main.ScriptEngine.runScriptAsRawText(ScriptEngine.java:119)
	at com.kms.katalon.core.main.TestCaseExecutor.runScript(TestCaseExecutor.java:448)
	at com.kms.katalon.core.main.TestCaseExecutor.doExecute(TestCaseExecutor.java:439)
	at com.kms.katalon.core.main.TestCaseExecutor.processExecutionPhase(TestCaseExecutor.java:418)
	at com.kms.katalon.core.main.TestCaseExecutor.accessMainPhase(TestCaseExecutor.java:410)
	at com.kms.katalon.core.main.TestCaseExecutor.execute(TestCaseExecutor.java:285)
	at com.kms.katalon.core.main.TestCaseMain.runTestCase(TestCaseMain.java:133)
	at com.kms.katalon.core.keyword.builtin.CallTestCaseKeyword$_callTestCase_closure1.doCall(CallTestCaseKeyword.groovy:59)
	at com.kms.katalon.core.keyword.builtin.CallTestCaseKeyword$_callTestCase_closure1.call(CallTestCaseKeyword.groovy)
	at com.kms.katalon.core.keyword.internal.KeywordMain.runKeyword(KeywordMain.groovy:75)
	at com.kms.katalon.core.keyword.builtin.CallTestCaseKeyword.callTestCase(CallTestCaseKeyword.groovy:81)
	at com.kms.katalon.core.keyword.builtin.CallTestCaseKeyword.execute(CallTestCaseKeyword.groovy:44)
	at com.kms.katalon.core.keyword.internal.KeywordExecutor.executeKeywordForPlatform(KeywordExecutor.groovy:74)
	at com.kms.katalon.core.keyword.BuiltinKeywords.callTestCase(BuiltinKeywords.groovy:310)
	at java.base/jdk.internal.reflect.NativeMethodAccessorImpl.invoke0(Native Method)
	at java.base/jdk.internal.reflect.NativeMethodAccessorImpl.invoke(NativeMethodAccessorImpl.java:77)
	at java.base/jdk.internal.reflect.DelegatingMethodAccessorImpl.invoke(DelegatingMethodAccessorImpl.java:43)
	at Script1735747665131.run(Script1735747665131.groovy:22)
	... 15 more
)

01-01-2025T23:11:07 - [MESSAGE][WARNING] - Unable to upload file 'C:\Users\Khairul Pandunata\Desktop\Aigen_Kop.png' to object 'Object Repository/Pengaturan Sistem/Admin Sekolah/Page_Upload_Kop/Input_UnggahFileKop' (Root cause: com.kms.katalon.core.exception.StepFailedException: Unable to upload file 'C:\Users\Khairul Pandunata\Desktop\Aigen_Kop.png' to object 'Object Repository/Pengaturan Sistem/Admin Sekolah/Page_Upload_Kop/Input_UnggahFileKop'
	at com.kms.katalon.core.webui.keyword.internal.WebUIKeywordMain.stepFailed(WebUIKeywordMain.groovy:117)
	at com.kms.katalon.core.webui.keyword.internal.WebUIKeywordMain.runKeyword(WebUIKeywordMain.groovy:43)
	at com.kms.katalon.core.webui.keyword.builtin.UploadFileKeyword.uploadFile(UploadFileKeyword.groovy:87)
	at com.kms.katalon.core.webui.keyword.builtin.UploadFileKeyword.execute(UploadFileKeyword.groovy:68)
	at com.kms.katalon.core.keyword.internal.KeywordExecutor.executeKeywordForPlatform(KeywordExecutor.groovy:74)
	at com.kms.katalon.core.webui.keyword.WebUiBuiltInKeywords.uploadFile(WebUiBuiltInKeywords.groovy:4140)
	at Edit Informasi Sekolah.run(Edit Informasi Sekolah:121)
	at com.kms.katalon.core.main.ScriptEngine.run(ScriptEngine.java:194)
	at com.kms.katalon.core.main.ScriptEngine.runScriptAsRawText(ScriptEngine.java:119)
	at com.kms.katalon.core.main.TestCaseExecutor.runScript(TestCaseExecutor.java:448)
	at com.kms.katalon.core.main.TestCaseExecutor.doExecute(TestCaseExecutor.java:439)
	at com.kms.katalon.core.main.TestCaseExecutor.processExecutionPhase(TestCaseExecutor.java:418)
	at com.kms.katalon.core.main.TestCaseExecutor.accessMainPhase(TestCaseExecutor.java:410)
	at com.kms.katalon.core.main.TestCaseExecutor.execute(TestCaseExecutor.java:285)
	at com.kms.katalon.core.main.TestCaseMain.runTestCase(TestCaseMain.java:133)
	at com.kms.katalon.core.keyword.builtin.CallTestCaseKeyword$_callTestCase_closure1.doCall(CallTestCaseKeyword.groovy:59)
	at com.kms.katalon.core.keyword.builtin.CallTestCaseKeyword$_callTestCase_closure1.call(CallTestCaseKeyword.groovy)
	at com.kms.katalon.core.keyword.internal.KeywordMain.runKeyword(KeywordMain.groovy:75)
	at com.kms.katalon.core.keyword.builtin.CallTestCaseKeyword.callTestCase(CallTestCaseKeyword.groovy:81)
	at com.kms.katalon.core.keyword.builtin.CallTestCaseKeyword.execute(CallTestCaseKeyword.groovy:44)
	at com.kms.katalon.core.keyword.internal.KeywordExecutor.executeKeywordForPlatform(KeywordExecutor.groovy:74)
	at com.kms.katalon.core.keyword.BuiltinKeywords.callTestCase(BuiltinKeywords.groovy:310)
	at java.base/jdk.internal.reflect.NativeMethodAccessorImpl.invoke0(Native Method)
	at java.base/jdk.internal.reflect.NativeMethodAccessorImpl.invoke(NativeMethodAccessorImpl.java:77)
	at java.base/jdk.internal.reflect.DelegatingMethodAccessorImpl.invoke(DelegatingMethodAccessorImpl.java:43)
	at Regresi Informasi Sekolah.run(Regresi Informasi Sekolah:22)
	at com.kms.katalon.core.main.ScriptEngine.run(ScriptEngine.java:194)
	at com.kms.katalon.core.main.ScriptEngine.runScriptAsRawText(ScriptEngine.java:119)
	at com.kms.katalon.core.main.TestCaseExecutor.runScript(TestCaseExecutor.java:448)
	at com.kms.katalon.core.main.TestCaseExecutor.doExecute(TestCaseExecutor.java:439)
	at com.kms.katalon.core.main.TestCaseExecutor.processExecutionPhase(TestCaseExecutor.java:418)
	at com.kms.katalon.core.main.TestCaseExecutor.accessMainPhase(TestCaseExecutor.java:410)
	at com.kms.katalon.core.main.TestCaseExecutor.execute(TestCaseExecutor.java:285)
	at com.kms.katalon.core.common.CommonExecutor.accessTestCaseMainPhase(CommonExecutor.java:65)
	at com.kms.katalon.core.main.TestSuiteExecutor.accessTestSuiteMainPhase(TestSuiteExecutor.java:161)
	at com.kms.katalon.core.main.TestSuiteExecutor.execute(TestSuiteExecutor.java:107)
	at com.kms.katalon.core.main.TestCaseMain.startTestSuite(TestCaseMain.java:176)
	at TempTestSuite1735747775748.run(TempTestSuite1735747775748.groovy:35)
	at java.base/jdk.internal.reflect.NativeMethodAccessorImpl.invoke0(Native Method)
	at java.base/jdk.internal.reflect.NativeMethodAccessorImpl.invoke(NativeMethodAccessorImpl.java:77)
	at java.base/jdk.internal.reflect.DelegatingMethodAccessorImpl.invoke(DelegatingMethodAccessorImpl.java:43)
Caused by: org.openqa.selenium.InvalidArgumentException: invalid argument: File not found : C:\Users\Khairul Pandunata\Desktop\Aigen_Kop.png
  (Session info: chrome=131.0.6778.205)
Build info: version: '4.22.0', revision: 'c5f3146703'
System info: os.name: 'Windows 11', os.arch: 'amd64', os.version: '10.0', java.version: '17.0.7'
Driver info: com.kms.katalon.selenium.driver.CChromeDriver
Command: [da99b89fe9923de540113b96442c0b0b, sendKeysToElement {id=f.7B6277503B3414C61BC61C3864493ECC.d.DFF30A4D90C85337D7EE7DC62877BE85.e.64, value=[Ljava.lang.CharSequence;@296a350}]
Capabilities {acceptInsecureCerts: false, browserName: chrome, browserVersion: 131.0.6778.205, chrome: {chromedriverVersion: 130.0.6723.58 (3a50e012e4c9..., userDataDir: C:\Users\henri\AppData\Loca...}, fedcm:accounts: true, goog:chromeOptions: {debuggerAddress: localhost:58594}, networkConnectionEnabled: false, pageLoadStrategy: normal, platformName: windows, proxy: Proxy(), se:cdp: ws://localhost:58594/devtoo..., se:cdpVersion: 131.0.6778.205, setWindowRect: true, strictFileInteractability: false, timeouts: {implicit: 0, pageLoad: 300000, script: 30000}, unhandledPromptBehavior: ignore, webSocketUrl: ws://localhost:13119/sessio..., webauthn:extension:credBlob: true, webauthn:extension:largeBlob: true, webauthn:extension:minPinLength: true, webauthn:extension:prf: true, webauthn:virtualAuthenticators: true}
Element: [[CChromeDriver: chrome on windows (da99b89fe9923de540113b96442c0b0b)] -> xpath: //input[@type='file' and @id='upload-change-file-Kop Surat']]
Session ID: da99b89fe9923de540113b96442c0b0b
	at java.base/jdk.internal.reflect.NativeConstructorAccessorImpl.newInstance0(Native Method)
	at java.base/jdk.internal.reflect.NativeConstructorAccessorImpl.newInstance(NativeConstructorAccessorImpl.java:77)
	at java.base/jdk.internal.reflect.DelegatingConstructorAccessorImpl.newInstance(DelegatingConstructorAccessorImpl.java:45)
	at org.openqa.selenium.remote.ErrorCodec.decode(ErrorCodec.java:167)
	at org.openqa.selenium.remote.codec.w3c.W3CHttpResponseCodec.decode(W3CHttpResponseCodec.java:138)
	at org.openqa.selenium.remote.codec.w3c.W3CHttpResponseCodec.decode(W3CHttpResponseCodec.java:50)
	at org.openqa.selenium.remote.HttpCommandExecutor.execute(HttpCommandExecutor.java:190)
	at org.openqa.selenium.remote.service.DriverCommandExecutor.invokeExecute(DriverCommandExecutor.java:216)
	at org.openqa.selenium.remote.service.DriverCommandExecutor.execute(DriverCommandExecutor.java:174)
	at org.openqa.selenium.remote.RemoteWebDriver.execute(RemoteWebDriver.java:518)
	at org.openqa.selenium.remote.RemoteWebElement.execute(RemoteWebElement.java:223)
	at org.openqa.selenium.remote.RemoteWebElement.sendKeys(RemoteWebElement.java:110)
	at java.base/jdk.internal.reflect.NativeMethodAccessorImpl.invoke0(Native Method)
	at java.base/jdk.internal.reflect.NativeMethodAccessorImpl.invoke(NativeMethodAccessorImpl.java:77)
	at java.base/jdk.internal.reflect.DelegatingMethodAccessorImpl.invoke(DelegatingMethodAccessorImpl.java:43)
	at org.openqa.selenium.support.decorators.WebDriverDecorator.call(WebDriverDecorator.java:249)
	at org.openqa.selenium.support.decorators.DefaultDecorated.call(DefaultDecorated.java:48)
	at org.openqa.selenium.support.decorators.WebDriverDecorator.lambda$createProxy$2(WebDriverDecorator.java:321)
	at net.bytebuddy.renamed.java.lang.Object$ByteBuddy$4KEt31pR.sendKeys(Unknown Source)
	at com.kms.katalon.core.webui.keyword.builtin.UploadFileKeyword$_uploadFile_closure1.doCall(UploadFileKeyword.groovy:80)
	at com.kms.katalon.core.webui.keyword.builtin.UploadFileKeyword$_uploadFile_closure1.call(UploadFileKeyword.groovy)
	at com.kms.katalon.core.webui.keyword.internal.WebUIKeywordMain.runKeyword(WebUIKeywordMain.groovy:35)
	at com.kms.katalon.core.webui.keyword.builtin.UploadFileKeyword.uploadFile(UploadFileKeyword.groovy:87)
	at com.kms.katalon.core.webui.keyword.builtin.UploadFileKeyword.execute(UploadFileKeyword.groovy:68)
	at com.kms.katalon.core.keyword.internal.KeywordExecutor.executeKeywordForPlatform(KeywordExecutor.groovy:74)
	at com.kms.katalon.core.webui.keyword.WebUiBuiltInKeywords.uploadFile(WebUiBuiltInKeywords.groovy:4140)
	at Script1733734833613.run(Script1733734833613.groovy:121)
	at com.kms.katalon.core.main.ScriptEngine.run(ScriptEngine.java:194)
	at com.kms.katalon.core.main.ScriptEngine.runScriptAsRawText(ScriptEngine.java:119)
	at com.kms.katalon.core.main.TestCaseExecutor.runScript(TestCaseExecutor.java:448)
	at com.kms.katalon.core.main.TestCaseExecutor.doExecute(TestCaseExecutor.java:439)
	at com.kms.katalon.core.main.TestCaseExecutor.processExecutionPhase(TestCaseExecutor.java:418)
	at com.kms.katalon.core.main.TestCaseExecutor.accessMainPhase(TestCaseExecutor.java:410)
	at com.kms.katalon.core.main.TestCaseExecutor.execute(TestCaseExecutor.java:285)
	at com.kms.katalon.core.main.TestCaseMain.runTestCase(TestCaseMain.java:133)
	at com.kms.katalon.core.keyword.builtin.CallTestCaseKeyword$_callTestCase_closure1.doCall(CallTestCaseKeyword.groovy:59)
	at com.kms.katalon.core.keyword.builtin.CallTestCaseKeyword$_callTestCase_closure1.call(CallTestCaseKeyword.groovy)
	at com.kms.katalon.core.keyword.internal.KeywordMain.runKeyword(KeywordMain.groovy:75)
	at com.kms.katalon.core.keyword.builtin.CallTestCaseKeyword.callTestCase(CallTestCaseKeyword.groovy:81)
	at com.kms.katalon.core.keyword.builtin.CallTestCaseKeyword.execute(CallTestCaseKeyword.groovy:44)
	at com.kms.katalon.core.keyword.internal.KeywordExecutor.executeKeywordForPlatform(KeywordExecutor.groovy:74)
	at com.kms.katalon.core.keyword.BuiltinKeywords.callTestCase(BuiltinKeywords.groovy:310)
	at java.base/jdk.internal.reflect.NativeMethodAccessorImpl.invoke0(Native Method)
	at java.base/jdk.internal.reflect.NativeMethodAccessorImpl.invoke(NativeMethodAccessorImpl.java:77)
	at java.base/jdk.internal.reflect.DelegatingMethodAccessorImpl.invoke(DelegatingMethodAccessorImpl.java:43)
	at Script1735747665131.run(Script1735747665131.groovy:22)
	... 15 more
)
[[ATTACHMENT|C:\\Users\\henri\\Videos\\school-payment-automation-testing\\Reports\\20250101_230934\\SPRINT 2\\20250101_230935\\1735747867700.png]]

01-01-2025T23:11:07 - [TEST_STEP][PASSED] - delay(2, OPTIONAL): Delayed 2 second(s)

01-01-2025T23:11:09 - [MESSAGE][PASSED] - Delayed 2 second(s)

01-01-2025T23:11:09 - [TEST_STEP][PASSED] - click(findTestObject("Pengaturan Sistem/Admin Sekolah/button_simpan/button_Simpan"), OPTIONAL): Object: 'Object Repository/Pengaturan Sistem/Admin Sekolah/button_simpan/button_Simpan' is clicked on

01-01-2025T23:11:10 - [MESSAGE][PASSED] - Object: 'Object Repository/Pengaturan Sistem/Admin Sekolah/button_simpan/button_Simpan' is clicked on

01-01-2025T23:11:10 - [TEST_STEP][PASSED] - delay(2, OPTIONAL): Delayed 2 second(s)

01-01-2025T23:11:12 - [MESSAGE][PASSED] - Delayed 2 second(s)

01-01-2025T23:11:12 - [TEST_STEP][PASSED] - click(findTestObject("Pengaturan Sistem/Admin Sekolah/Button_konfirm/div_Ya"), OPTIONAL): Object: 'Object Repository/Pengaturan Sistem/Admin Sekolah/Button_konfirm/div_Ya' is clicked on

01-01-2025T23:11:12 - [MESSAGE][PASSED] - Object: 'Object Repository/Pengaturan Sistem/Admin Sekolah/Button_konfirm/div_Ya' is clicked on

01-01-2025T23:11:12 - [TEST_STEP][PASSED] - delay(2, OPTIONAL): Delayed 2 second(s)

01-01-2025T23:11:14 - [MESSAGE][PASSED] - Delayed 2 second(s)

01-01-2025T23:11:14 - [TEST_STEP][PASSED] - closeBrowser(OPTIONAL): Browser is closed

01-01-2025T23:11:14 - [MESSAGE][PASSED] - Browser is closed

01-01-2025T23:11:14 - [MESSAGE][INFO] - 

01-01-2025T23:11:14 - [MESSAGE][INFO] - ===================== Self-healing Report ====================

01-01-2025T23:11:14 - [MESSAGE][INFO] - One of the failed test object locators has been recovered by Self-healing. Please refer to the Self-healing Insights tab for more details.

01-01-2025T23:11:14 - [MESSAGE][INFO] - To learn more about Self-healing, please read https://docs.katalon.com/katalon-studio/docs/self-healing.html

01-01-2025T23:11:14 - [MESSAGE][INFO] - ==============================================================

01-01-2025T23:11:14 - [MESSAGE][PASSED] - Call Test Case 'Test Cases/Pengaturan Sistem/Admin Sekolah/Master Informasi Sekolah/Edit Informasi Sekolah' successfully

01-01-2025T23:11:14 - [TEST_STEP][PASSED] - println("============================= Loop Again ==============================="): null

01-01-2025T23:11:14 - [TEST_STEP][PASSED] - callTestCase(findTestCase("Test Cases/Pengaturan Sistem/Admin Sekolah/Master Informasi Sekolah/Edit Informasi Sekolah"), [:], CONTINUE_ON_FAILURE): Call Test Case 'Test Cases/Pengaturan Sistem/Admin Sekolah/Master Informasi Sekolah/Edit Informasi Sekolah' successfully

01-01-2025T23:11:14 - [TEST_CASE][PASSED] - Test Cases/Pengaturan Sistem/Admin Sekolah/Master Informasi Sekolah/Edit Informasi Sekolah: Test Cases/Pengaturan Sistem/Admin Sekolah/Master Informasi Sekolah/Edit Informasi Sekolah

01-01-2025T23:11:14 - [TEST_STEP][PASSED] - openBrowser("", OPTIONAL): Browser is opened with url: ''

01-01-2025T23:11:14 - [MESSAGE][INFO] - Starting 'Chrome' driver

01-01-2025T23:11:14 - [MESSAGE][INFO] - Action delay is set to 0 milliseconds

01-01-2025T23:11:15 - [MESSAGE][PASSED] - Browser is opened with url: ''

01-01-2025T23:11:15 - [TEST_STEP][PASSED] - maximizeWindow(OPTIONAL): Current window maximized

01-01-2025T23:11:15 - [MESSAGE][PASSED] - Current window maximized

01-01-2025T23:11:15 - [TEST_STEP][PASSED] - navigateToUrl("https://school-payment.digiform.co.id/login", OPTIONAL): Navigate to 'https://school-payment.digiform.co.id/login' successfully

01-01-2025T23:11:16 - [MESSAGE][PASSED] - Navigate to 'https://school-payment.digiform.co.id/login' successfully

01-01-2025T23:11:16 - [TEST_STEP][PASSED] - setText(findTestObject("Object Repository/Master Data/Admin Sekolah/Login/Field Email"), "admin.sekolah@gmail.com", OPTIONAL): Text 'admin.sekolah@gmail.com' is set on object 'Object Repository/Master Data/Admin Sekolah/Login/Field Email'

01-01-2025T23:11:17 - [MESSAGE][PASSED] - Text 'admin.sekolah@gmail.com' is set on object 'Object Repository/Master Data/Admin Sekolah/Login/Field Email'

01-01-2025T23:11:17 - [TEST_STEP][PASSED] - setText(findTestObject("Object Repository/Master Data/Admin Sekolah/Login/Input Password"), "Test1234", OPTIONAL): Text 'Test1234' is set on object 'Object Repository/Master Data/Admin Sekolah/Login/Input Password'

01-01-2025T23:11:18 - [MESSAGE][PASSED] - Text 'Test1234' is set on object 'Object Repository/Master Data/Admin Sekolah/Login/Input Password'

01-01-2025T23:11:18 - [TEST_STEP][PASSED] - click(findTestObject("Object Repository/Master Data/Admin Sekolah/Login/Button Submit"), OPTIONAL): Object: 'Object Repository/Master Data/Admin Sekolah/Login/Button Submit' is clicked on

01-01-2025T23:11:18 - [MESSAGE][PASSED] - Object: 'Object Repository/Master Data/Admin Sekolah/Login/Button Submit' is clicked on

01-01-2025T23:11:18 - [TEST_STEP][PASSED] - delay(1, OPTIONAL): Delayed 1 second(s)

01-01-2025T23:11:19 - [MESSAGE][PASSED] - Delayed 1 second(s)

01-01-2025T23:11:19 - [TEST_STEP][PASSED] - click(findTestObject("Object Repository/Pengaturan Sistem/Admin Sekolah/Page_Beranda/Menu Pengaturan sistem"), OPTIONAL): Object: 'Object Repository/Pengaturan Sistem/Admin Sekolah/Page_Beranda/Menu Pengaturan sistem' is clicked on

01-01-2025T23:11:20 - [MESSAGE][PASSED] - Object: 'Object Repository/Pengaturan Sistem/Admin Sekolah/Page_Beranda/Menu Pengaturan sistem' is clicked on

01-01-2025T23:11:20 - [TEST_STEP][PASSED] - click(findTestObject("Object Repository/Pengaturan Sistem/Admin Sekolah/Page_Pengaturan Sistem - Pengaturan Sistem/Menu Informasi Sekolah"), OPTIONAL): Object: 'Object Repository/Pengaturan Sistem/Admin Sekolah/Page_Pengaturan Sistem - Pengaturan Sistem/Menu Informasi Sekolah' is clicked on

01-01-2025T23:11:21 - [MESSAGE][PASSED] - Object: 'Object Repository/Pengaturan Sistem/Admin Sekolah/Page_Pengaturan Sistem - Pengaturan Sistem/Menu Informasi Sekolah' is clicked on

01-01-2025T23:11:21 - [TEST_STEP][PASSED] - click(findTestObject("Object Repository/Pengaturan Sistem/Admin Sekolah/NPSN (Nomor Pokok Sekolah Nasional)/input_Edit Sekolah_npsn"), OPTIONAL): Object: 'Object Repository/Pengaturan Sistem/Admin Sekolah/NPSN (Nomor Pokok Sekolah Nasional)/input_Edit Sekolah_npsn' is clicked on

01-01-2025T23:11:21 - [MESSAGE][PASSED] - Object: 'Object Repository/Pengaturan Sistem/Admin Sekolah/NPSN (Nomor Pokok Sekolah Nasional)/input_Edit Sekolah_npsn' is clicked on

01-01-2025T23:11:21 - [TEST_STEP][PASSED] - executeJavaScript("document.querySelector('input[name="npsn"]').value=''", null, OPTIONAL): Execute JavaScript 'document.querySelector('input[name="npsn"]').value=''' successfully

01-01-2025T23:11:21 - [MESSAGE][PASSED] - Execute JavaScript 'document.querySelector('input[name="npsn"]').value=''' successfully

01-01-2025T23:11:21 - [TEST_STEP][PASSED] - delay(1, OPTIONAL): Delayed 1 second(s)

01-01-2025T23:11:22 - [MESSAGE][PASSED] - Delayed 1 second(s)

01-01-2025T23:11:22 - [TEST_STEP][PASSED] - setText(findTestObject("Object Repository/Pengaturan Sistem/Admin Sekolah/NPSN (Nomor Pokok Sekolah Nasional)/input_Edit Sekolah_npsn"), "20025002", OPTIONAL): Text '20025002' is set on object 'Object Repository/Pengaturan Sistem/Admin Sekolah/NPSN (Nomor Pokok Sekolah Nasional)/input_Edit Sekolah_npsn'

01-01-2025T23:11:23 - [MESSAGE][PASSED] - Text '20025002' is set on object 'Object Repository/Pengaturan Sistem/Admin Sekolah/NPSN (Nomor Pokok Sekolah Nasional)/input_Edit Sekolah_npsn'

01-01-2025T23:11:23 - [TEST_STEP][PASSED] - click(findTestObject("Object Repository/Pengaturan Sistem/Admin Sekolah/Nama Sekolah/input_Edit Sekolah_schoolName"), OPTIONAL): Object: 'Object Repository/Pengaturan Sistem/Admin Sekolah/Nama Sekolah/input_Edit Sekolah_schoolName' is clicked on

01-01-2025T23:11:23 - [MESSAGE][PASSED] - Object: 'Object Repository/Pengaturan Sistem/Admin Sekolah/Nama Sekolah/input_Edit Sekolah_schoolName' is clicked on

01-01-2025T23:11:23 - [TEST_STEP][PASSED] - executeJavaScript("document.querySelector('input[name="schoolName"]').value=''", null, OPTIONAL): Execute JavaScript 'document.querySelector('input[name="schoolName"]').value=''' successfully

01-01-2025T23:11:23 - [MESSAGE][PASSED] - Execute JavaScript 'document.querySelector('input[name="schoolName"]').value=''' successfully

01-01-2025T23:11:23 - [TEST_STEP][PASSED] - setText(findTestObject("Pengaturan Sistem/Admin Sekolah/Nama Sekolah/input_Edit Sekolah_schoolName"), "PT Aigen Global Teknologi", OPTIONAL): Text 'PT Aigen Global Teknologi' is set on object 'Object Repository/Pengaturan Sistem/Admin Sekolah/Nama Sekolah/input_Edit Sekolah_schoolName'

01-01-2025T23:11:24 - [MESSAGE][PASSED] - Text 'PT Aigen Global Teknologi' is set on object 'Object Repository/Pengaturan Sistem/Admin Sekolah/Nama Sekolah/input_Edit Sekolah_schoolName'

01-01-2025T23:11:24 - [TEST_STEP][PASSED] - click(findTestObject("Pengaturan Sistem/Admin Sekolah/Dropdown_Provinsi/dropdown_provinsi"), OPTIONAL): Object: 'Object Repository/Pengaturan Sistem/Admin Sekolah/Dropdown_Provinsi/dropdown_provinsi' is clicked on

01-01-2025T23:11:24 - [MESSAGE][PASSED] - Object: 'Object Repository/Pengaturan Sistem/Admin Sekolah/Dropdown_Provinsi/dropdown_provinsi' is clicked on

01-01-2025T23:11:24 - [TEST_STEP][PASSED] - click(findTestObject("Pengaturan Sistem/Admin Sekolah/Isi_Provinsi/p_BANTEN"), OPTIONAL): Object: 'Object Repository/Pengaturan Sistem/Admin Sekolah/Isi_Provinsi/p_BANTEN' is clicked on

01-01-2025T23:11:55 - [MESSAGE][INFO] - Unable to find the element located by 'By.xpath: (.//*[normalize-space(text()) and normalize-space(.)='Simpan'])[1]/following::p[18]'. Please recheck the objects properties to make sure the desired element is located. 

01-01-2025T23:11:55 - [MESSAGE][WARNING] - [SELF-HEALING] Failed to find element with id 'Object Repository/Pengaturan Sistem/Admin Sekolah/Isi_Provinsi/p_BANTEN'. Try using Self-healing.

01-01-2025T23:11:56 - [MESSAGE][WARNING] - [SELF-HEALING] The current locator of test object 'Object Repository/Pengaturan Sistem/Admin Sekolah/Isi_Provinsi/p_BANTEN' was broken. Propose an alternative one: '//*/text()[normalize-space(.)='BANTEN']/parent::*'.

01-01-2025T23:11:56 - [MESSAGE][PASSED] - Object: 'Object Repository/Pengaturan Sistem/Admin Sekolah/Isi_Provinsi/p_BANTEN' is clicked on

01-01-2025T23:11:56 - [TEST_STEP][PASSED] - click(findTestObject("Pengaturan Sistem/Admin Sekolah/Dropdown_Kota/dropdown_kota"), OPTIONAL): Object: 'Object Repository/Pengaturan Sistem/Admin Sekolah/Dropdown_Kota/dropdown_kota' is clicked on

01-01-2025T23:11:56 - [MESSAGE][PASSED] - Object: 'Object Repository/Pengaturan Sistem/Admin Sekolah/Dropdown_Kota/dropdown_kota' is clicked on

01-01-2025T23:11:56 - [TEST_STEP][PASSED] - click(findTestObject("Pengaturan Sistem/Admin Sekolah/Isi_Kota/p_KOTA TANGERANG SELATAN"), OPTIONAL): Object: 'Object Repository/Pengaturan Sistem/Admin Sekolah/Isi_Kota/p_KOTA TANGERANG SELATAN' is clicked on

01-01-2025T23:12:27 - [MESSAGE][INFO] - Unable to find the element located by 'By.xpath: (.//*[normalize-space(text()) and normalize-space(.)='Simpan'])[1]/following::p[10]'. Please recheck the objects properties to make sure the desired element is located. 

01-01-2025T23:12:27 - [MESSAGE][WARNING] - [SELF-HEALING] Failed to find element with id 'Object Repository/Pengaturan Sistem/Admin Sekolah/Isi_Kota/p_KOTA TANGERANG SELATAN'. Try using Self-healing.

01-01-2025T23:12:27 - [MESSAGE][WARNING] - [SELF-HEALING] The current locator of test object 'Object Repository/Pengaturan Sistem/Admin Sekolah/Isi_Kota/p_KOTA TANGERANG SELATAN' was broken. Propose an alternative one: '//*/text()[normalize-space(.)='KOTA TANGERANG SELATAN']/parent::*'.

01-01-2025T23:12:27 - [MESSAGE][PASSED] - Object: 'Object Repository/Pengaturan Sistem/Admin Sekolah/Isi_Kota/p_KOTA TANGERANG SELATAN' is clicked on

01-01-2025T23:12:27 - [TEST_STEP][PASSED] - click(findTestObject("Object Repository/Pengaturan Sistem/Admin Sekolah/Alamat Sekolah/TextArea Alamat sekolah"), OPTIONAL): Object: 'Object Repository/Pengaturan Sistem/Admin Sekolah/Alamat Sekolah/TextArea Alamat sekolah' is clicked on

01-01-2025T23:12:28 - [MESSAGE][PASSED] - Object: 'Object Repository/Pengaturan Sistem/Admin Sekolah/Alamat Sekolah/TextArea Alamat sekolah' is clicked on

01-01-2025T23:12:28 - [TEST_STEP][PASSED] - executeJavaScript("document.querySelector('textarea[name="schoolAddress"]').value=''", null, OPTIONAL): Execute JavaScript 'document.querySelector('textarea[name="schoolAddress"]').value=''' successfully

01-01-2025T23:12:28 - [MESSAGE][PASSED] - Execute JavaScript 'document.querySelector('textarea[name="schoolAddress"]').value=''' successfully

01-01-2025T23:12:28 - [TEST_STEP][PASSED] - setText(findTestObject("Object Repository/Pengaturan Sistem/Admin Sekolah/Alamat Sekolah/TextArea Alamat sekolah"), "Jl. Raya Rawa Buntu No 18D", OPTIONAL): Text 'Jl. Raya Rawa Buntu No 18D' is set on object 'Object Repository/Pengaturan Sistem/Admin Sekolah/Alamat Sekolah/TextArea Alamat sekolah'

01-01-2025T23:12:28 - [MESSAGE][PASSED] - Text 'Jl. Raya Rawa Buntu No 18D' is set on object 'Object Repository/Pengaturan Sistem/Admin Sekolah/Alamat Sekolah/TextArea Alamat sekolah'

01-01-2025T23:12:28 - [TEST_STEP][PASSED] - click(findTestObject("Object Repository/Pengaturan Sistem/Admin Sekolah/Phone/input_Edit Sekolah_schoolPhone"), OPTIONAL): Object: 'Object Repository/Pengaturan Sistem/Admin Sekolah/Phone/input_Edit Sekolah_schoolPhone' is clicked on

01-01-2025T23:12:29 - [MESSAGE][PASSED] - Object: 'Object Repository/Pengaturan Sistem/Admin Sekolah/Phone/input_Edit Sekolah_schoolPhone' is clicked on

01-01-2025T23:12:29 - [TEST_STEP][PASSED] - executeJavaScript("document.querySelector('input[name="schoolPhone"]').value=''", null, OPTIONAL): Execute JavaScript 'document.querySelector('input[name="schoolPhone"]').value=''' successfully

01-01-2025T23:12:29 - [MESSAGE][PASSED] - Execute JavaScript 'document.querySelector('input[name="schoolPhone"]').value=''' successfully

01-01-2025T23:12:29 - [TEST_STEP][PASSED] - setText(findTestObject("Object Repository/Pengaturan Sistem/Admin Sekolah/Phone/input_Edit Sekolah_schoolPhone"), "081332924555", OPTIONAL): Text '081332924555' is set on object 'Object Repository/Pengaturan Sistem/Admin Sekolah/Phone/input_Edit Sekolah_schoolPhone'

01-01-2025T23:12:29 - [MESSAGE][PASSED] - Text '081332924555' is set on object 'Object Repository/Pengaturan Sistem/Admin Sekolah/Phone/input_Edit Sekolah_schoolPhone'

01-01-2025T23:12:29 - [TEST_STEP][PASSED] - click(findTestObject("Pengaturan Sistem/Admin Sekolah/Email/input_Edit Sekolah_schoolMail"), OPTIONAL): Object: 'Object Repository/Pengaturan Sistem/Admin Sekolah/Email/input_Edit Sekolah_schoolMail' is clicked on

01-01-2025T23:12:30 - [MESSAGE][PASSED] - Object: 'Object Repository/Pengaturan Sistem/Admin Sekolah/Email/input_Edit Sekolah_schoolMail' is clicked on

01-01-2025T23:12:30 - [TEST_STEP][PASSED] - executeJavaScript("document.querySelector('input[name="schoolMail"]').value=''", null, OPTIONAL): Execute JavaScript 'document.querySelector('input[name="schoolMail"]').value=''' successfully

01-01-2025T23:12:30 - [MESSAGE][PASSED] - Execute JavaScript 'document.querySelector('input[name="schoolMail"]').value=''' successfully

01-01-2025T23:12:30 - [TEST_STEP][PASSED] - setText(findTestObject("Pengaturan Sistem/Admin Sekolah/Email/input_Edit Sekolah_schoolMail"), "reach.us@aigen-global.com", OPTIONAL): Text 'reach.us@aigen-global.com' is set on object 'Object Repository/Pengaturan Sistem/Admin Sekolah/Email/input_Edit Sekolah_schoolMail'

01-01-2025T23:12:30 - [MESSAGE][PASSED] - Text 'reach.us@aigen-global.com' is set on object 'Object Repository/Pengaturan Sistem/Admin Sekolah/Email/input_Edit Sekolah_schoolMail'

01-01-2025T23:12:30 - [TEST_STEP][PASSED] - click(findTestObject("Pengaturan Sistem/Admin Sekolah/Email/input_Edit Sekolah_schoolMail"), OPTIONAL): Object: 'Object Repository/Pengaturan Sistem/Admin Sekolah/Email/input_Edit Sekolah_schoolMail' is clicked on

01-01-2025T23:12:31 - [MESSAGE][PASSED] - Object: 'Object Repository/Pengaturan Sistem/Admin Sekolah/Email/input_Edit Sekolah_schoolMail' is clicked on

01-01-2025T23:12:31 - [TEST_STEP][PASSED] - delay(2, OPTIONAL): Delayed 2 second(s)

01-01-2025T23:12:33 - [MESSAGE][PASSED] - Delayed 2 second(s)

01-01-2025T23:12:33 - [TEST_STEP][PASSED] - executeJavaScript("document.querySelector("input[type='file']").style.display = "block";", null, OPTIONAL): Execute JavaScript 'document.querySelector("input[type='file']").style.display = "block";' successfully

01-01-2025T23:12:33 - [MESSAGE][PASSED] - Execute JavaScript 'document.querySelector("input[type='file']").style.display = "block";' successfully

01-01-2025T23:12:33 - [TEST_STEP][PASSED] - delay(2, OPTIONAL): Delayed 2 second(s)

01-01-2025T23:12:35 - [MESSAGE][PASSED] - Delayed 2 second(s)

01-01-2025T23:12:35 - [TEST_STEP][PASSED] - filePath = "C:\Users\Khairul Pandunata\Desktop\Aigen_Logo.jpeg": null

01-01-2025T23:12:35 - [TEST_STEP][PASSED] - uploadFile(findTestObject("Object Repository/Pengaturan Sistem/Admin Sekolah/Page_Upload/Input_UnggahFile"), filePath, OPTIONAL): Unable to upload file 'C:\Users\Khairul Pandunata\Desktop\Aigen_Logo.jpeg' to object 'Object Repository/Pengaturan Sistem/Admin Sekolah/Page_Upload/Input_UnggahFile' (Root cause: com.kms.katalon.core.exception.StepFailedException: Unable to upload file 'C:\Users\Khairul Pandunata\Desktop\Aigen_Logo.jpeg' to object 'Object Repository/Pengaturan Sistem/Admin Sekolah/Page_Upload/Input_UnggahFile'
	at com.kms.katalon.core.webui.keyword.internal.WebUIKeywordMain.stepFailed(WebUIKeywordMain.groovy:117)
	at com.kms.katalon.core.webui.keyword.internal.WebUIKeywordMain.runKeyword(WebUIKeywordMain.groovy:43)
	at com.kms.katalon.core.webui.keyword.builtin.UploadFileKeyword.uploadFile(UploadFileKeyword.groovy:87)
	at com.kms.katalon.core.webui.keyword.builtin.UploadFileKeyword.execute(UploadFileKeyword.groovy:68)
	at com.kms.katalon.core.keyword.internal.KeywordExecutor.executeKeywordForPlatform(KeywordExecutor.groovy:74)
	at com.kms.katalon.core.webui.keyword.WebUiBuiltInKeywords.uploadFile(WebUiBuiltInKeywords.groovy:4140)
	at Edit Informasi Sekolah.run(Edit Informasi Sekolah:108)
	at com.kms.katalon.core.main.ScriptEngine.run(ScriptEngine.java:194)
	at com.kms.katalon.core.main.ScriptEngine.runScriptAsRawText(ScriptEngine.java:119)
	at com.kms.katalon.core.main.TestCaseExecutor.runScript(TestCaseExecutor.java:448)
	at com.kms.katalon.core.main.TestCaseExecutor.doExecute(TestCaseExecutor.java:439)
	at com.kms.katalon.core.main.TestCaseExecutor.processExecutionPhase(TestCaseExecutor.java:418)
	at com.kms.katalon.core.main.TestCaseExecutor.accessMainPhase(TestCaseExecutor.java:410)
	at com.kms.katalon.core.main.TestCaseExecutor.execute(TestCaseExecutor.java:285)
	at com.kms.katalon.core.main.TestCaseMain.runTestCase(TestCaseMain.java:133)
	at com.kms.katalon.core.keyword.builtin.CallTestCaseKeyword$_callTestCase_closure1.doCall(CallTestCaseKeyword.groovy:59)
	at com.kms.katalon.core.keyword.builtin.CallTestCaseKeyword$_callTestCase_closure1.call(CallTestCaseKeyword.groovy)
	at com.kms.katalon.core.keyword.internal.KeywordMain.runKeyword(KeywordMain.groovy:75)
	at com.kms.katalon.core.keyword.builtin.CallTestCaseKeyword.callTestCase(CallTestCaseKeyword.groovy:81)
	at com.kms.katalon.core.keyword.builtin.CallTestCaseKeyword.execute(CallTestCaseKeyword.groovy:44)
	at com.kms.katalon.core.keyword.internal.KeywordExecutor.executeKeywordForPlatform(KeywordExecutor.groovy:74)
	at com.kms.katalon.core.keyword.BuiltinKeywords.callTestCase(BuiltinKeywords.groovy:310)
	at java.base/jdk.internal.reflect.NativeMethodAccessorImpl.invoke0(Native Method)
	at java.base/jdk.internal.reflect.NativeMethodAccessorImpl.invoke(NativeMethodAccessorImpl.java:77)
	at java.base/jdk.internal.reflect.DelegatingMethodAccessorImpl.invoke(DelegatingMethodAccessorImpl.java:43)
	at Regresi Informasi Sekolah.run(Regresi Informasi Sekolah:22)
	at com.kms.katalon.core.main.ScriptEngine.run(ScriptEngine.java:194)
	at com.kms.katalon.core.main.ScriptEngine.runScriptAsRawText(ScriptEngine.java:119)
	at com.kms.katalon.core.main.TestCaseExecutor.runScript(TestCaseExecutor.java:448)
	at com.kms.katalon.core.main.TestCaseExecutor.doExecute(TestCaseExecutor.java:439)
	at com.kms.katalon.core.main.TestCaseExecutor.processExecutionPhase(TestCaseExecutor.java:418)
	at com.kms.katalon.core.main.TestCaseExecutor.accessMainPhase(TestCaseExecutor.java:410)
	at com.kms.katalon.core.main.TestCaseExecutor.execute(TestCaseExecutor.java:285)
	at com.kms.katalon.core.common.CommonExecutor.accessTestCaseMainPhase(CommonExecutor.java:65)
	at com.kms.katalon.core.main.TestSuiteExecutor.accessTestSuiteMainPhase(TestSuiteExecutor.java:161)
	at com.kms.katalon.core.main.TestSuiteExecutor.execute(TestSuiteExecutor.java:107)
	at com.kms.katalon.core.main.TestCaseMain.startTestSuite(TestCaseMain.java:176)
	at TempTestSuite1735747775748.run(TempTestSuite1735747775748.groovy:35)
	at java.base/jdk.internal.reflect.NativeMethodAccessorImpl.invoke0(Native Method)
	at java.base/jdk.internal.reflect.NativeMethodAccessorImpl.invoke(NativeMethodAccessorImpl.java:77)
	at java.base/jdk.internal.reflect.DelegatingMethodAccessorImpl.invoke(DelegatingMethodAccessorImpl.java:43)
Caused by: org.openqa.selenium.InvalidArgumentException: invalid argument: File not found : C:\Users\Khairul Pandunata\Desktop\Aigen_Logo.jpeg
  (Session info: chrome=131.0.6778.205)
Build info: version: '4.22.0', revision: 'c5f3146703'
System info: os.name: 'Windows 11', os.arch: 'amd64', os.version: '10.0', java.version: '17.0.7'
Driver info: com.kms.katalon.selenium.driver.CChromeDriver
Command: [4b48850d19ab35956debb1593f3fef2d, sendKeysToElement {id=f.F9D2B4D4EC1C34DFB874F840F34CBCE8.d.5BAF3E51D7CC293F11F8E381332B5932.e.59, value=[Ljava.lang.CharSequence;@26c8b723}]
[...]
	at com.kms.katalon.core.keyword.builtin.CallTestCaseKeyword.execute(CallTestCaseKeyword.groovy:44)
	at com.kms.katalon.core.keyword.internal.KeywordExecutor.executeKeywordForPlatform(KeywordExecutor.groovy:74)
	at com.kms.katalon.core.keyword.BuiltinKeywords.callTestCase(BuiltinKeywords.groovy:310)
	at jdk.internal.reflect.GeneratedMethodAccessor52.invoke(Unknown Source)
	at java.base/jdk.internal.reflect.DelegatingMethodAccessorImpl.invoke(DelegatingMethodAccessorImpl.java:43)
	at Regresi Tagihan.run(Regresi Tagihan:28)
	at com.kms.katalon.core.main.ScriptEngine.run(ScriptEngine.java:194)
	at com.kms.katalon.core.main.ScriptEngine.runScriptAsRawText(ScriptEngine.java:119)
	at com.kms.katalon.core.main.TestCaseExecutor.runScript(TestCaseExecutor.java:448)
	at com.kms.katalon.core.main.TestCaseExecutor.doExecute(TestCaseExecutor.java:439)
	at com.kms.katalon.core.main.TestCaseExecutor.processExecutionPhase(TestCaseExecutor.java:418)
	at com.kms.katalon.core.main.TestCaseExecutor.accessMainPhase(TestCaseExecutor.java:410)
	at com.kms.katalon.core.main.TestCaseExecutor.execute(TestCaseExecutor.java:285)
	at com.kms.katalon.core.common.CommonExecutor.accessTestCaseMainPhase(CommonExecutor.java:65)
	at com.kms.katalon.core.main.TestSuiteExecutor.accessTestSuiteMainPhase(TestSuiteExecutor.java:161)
	at com.kms.katalon.core.main.TestSuiteExecutor.execute(TestSuiteExecutor.java:107)
	at com.kms.katalon.core.main.TestCaseMain.startTestSuite(TestCaseMain.java:176)
	at TempTestSuite1735747775748.run(TempTestSuite1735747775748.groovy:35)
	at java.base/jdk.internal.reflect.NativeMethodAccessorImpl.invoke0(Native Method)
	at java.base/jdk.internal.reflect.NativeMethodAccessorImpl.invoke(NativeMethodAccessorImpl.java:77)
	at java.base/jdk.internal.reflect.DelegatingMethodAccessorImpl.invoke(DelegatingMethodAccessorImpl.java:43)
Caused by: com.kms.katalon.core.exception.StepFailedException: Unable to click on object 'Object Repository/Master Data/Admin Sekolah/Tambah Tagihan/Klik Tahun Ajaran'
	at com.kms.katalon.core.webui.keyword.internal.WebUIKeywordMain.stepFailed(WebUIKeywordMain.groovy:117)
	at com.kms.katalon.core.webui.keyword.internal.WebUIKeywordMain.runKeyword(WebUIKeywordMain.groovy:43)
	at com.kms.katalon.core.webui.keyword.builtin.ClickKeyword.click(ClickKeyword.groovy:75)
	at com.kms.katalon.core.webui.keyword.builtin.ClickKeyword.execute(ClickKeyword.groovy:40)
	at com.kms.katalon.core.keyword.internal.KeywordExecutor.executeKeywordForPlatform(KeywordExecutor.groovy:74)
	at com.kms.katalon.core.webui.keyword.WebUiBuiltInKeywords.click(WebUiBuiltInKeywords.groovy:696)
	at Tambah Tagihan.run(Tambah Tagihan:45)
	at com.kms.katalon.core.main.ScriptEngine.run(ScriptEngine.java:194)
	at com.kms.katalon.core.main.ScriptEngine.runScriptAsRawText(ScriptEngine.java:119)
	at com.kms.katalon.core.main.TestCaseExecutor.runScript(TestCaseExecutor.java:448)
	at com.kms.katalon.core.main.TestCaseExecutor.doExecute(TestCaseExecutor.java:439)
	at com.kms.katalon.core.main.TestCaseExecutor.processExecutionPhase(TestCaseExecutor.java:418)
	at com.kms.katalon.core.main.TestCaseExecutor.accessMainPhase(TestCaseExecutor.java:410)
	at com.kms.katalon.core.main.TestCaseExecutor.execute(TestCaseExecutor.java:285)
	at com.kms.katalon.core.main.TestCaseMain.runTestCase(TestCaseMain.java:133)
	at com.kms.katalon.core.keyword.builtin.CallTestCaseKeyword$_callTestCase_closure1.doCall(CallTestCaseKeyword.groovy:59)
	... 24 more
Caused by: com.kms.katalon.core.webui.exception.WebElementNotFoundException: Web element with id: 'Object Repository/Master Data/Admin Sekolah/Tambah Tagihan/Klik Tahun Ajaran' located by '//*[@data-testid = 'select-field' and (text() = 'Pilih tahun ajaran' or . = 'Pilih tahun ajaran')]' not found
	at com.kms.katalon.core.webui.common.WebUiCommonHelper.findWebElement(WebUiCommonHelper.java:1426)
	at com.kms.katalon.core.webui.keyword.internal.WebUIAbstractKeyword.findWebElement(WebUIAbstractKeyword.groovy:27)
	at com.kms.katalon.core.webui.keyword.builtin.ClickKeyword$_click_closure1.doCall(ClickKeyword.groovy:66)
	at com.kms.katalon.core.webui.keyword.builtin.ClickKeyword$_click_closure1.call(ClickKeyword.groovy)
	at com.kms.katalon.core.webui.keyword.internal.WebUIKeywordMain.runKeyword(WebUIKeywordMain.groovy:35)
	... 38 more
)
	at com.kms.katalon.core.keyword.internal.KeywordMain.stepFailed(KeywordMain.groovy:39)
	at com.kms.katalon.core.keyword.internal.KeywordMain.stepFailed(KeywordMain.groovy)
	at com.kms.katalon.core.keyword.internal.KeywordMain.runKeyword(KeywordMain.groovy:77)
	at com.kms.katalon.core.keyword.builtin.CallTestCaseKeyword.callTestCase(CallTestCaseKeyword.groovy:81)
	at com.kms.katalon.core.keyword.builtin.CallTestCaseKeyword.execute(CallTestCaseKeyword.groovy:44)
	at com.kms.katalon.core.keyword.internal.KeywordExecutor.executeKeywordForPlatform(KeywordExecutor.groovy:74)
	at com.kms.katalon.core.keyword.BuiltinKeywords.callTestCase(BuiltinKeywords.groovy:310)
	at jdk.internal.reflect.GeneratedMethodAccessor52.invoke(Unknown Source)
	at java.base/jdk.internal.reflect.DelegatingMethodAccessorImpl.invoke(DelegatingMethodAccessorImpl.java:43)
	at Regresi Tagihan.run(Regresi Tagihan:28)
	at com.kms.katalon.core.main.ScriptEngine.run(ScriptEngine.java:194)
	at com.kms.katalon.core.main.ScriptEngine.runScriptAsRawText(ScriptEngine.java:119)
	at com.kms.katalon.core.main.TestCaseExecutor.runScript(TestCaseExecutor.java:448)
	at com.kms.katalon.core.main.TestCaseExecutor.doExecute(TestCaseExecutor.java:439)
	at com.kms.katalon.core.main.TestCaseExecutor.processExecutionPhase(TestCaseExecutor.java:418)
	at com.kms.katalon.core.main.TestCaseExecutor.accessMainPhase(TestCaseExecutor.java:410)
	at com.kms.katalon.core.main.TestCaseExecutor.execute(TestCaseExecutor.java:285)
	at com.kms.katalon.core.common.CommonExecutor.accessTestCaseMainPhase(CommonExecutor.java:65)
	at com.kms.katalon.core.main.TestSuiteExecutor.accessTestSuiteMainPhase(TestSuiteExecutor.java:161)
	at com.kms.katalon.core.main.TestSuiteExecutor.execute(TestSuiteExecutor.java:107)
	at com.kms.katalon.core.main.TestCaseMain.startTestSuite(TestCaseMain.java:176)
	at TempTestSuite1735747775748.run(TempTestSuite1735747775748.groovy:35)
	at java.base/jdk.internal.reflect.NativeMethodAccessorImpl.invoke0(Native Method)
	at java.base/jdk.internal.reflect.NativeMethodAccessorImpl.invoke(NativeMethodAccessorImpl.java:77)
	at java.base/jdk.internal.reflect.DelegatingMethodAccessorImpl.invoke(DelegatingMethodAccessorImpl.java:43)
Caused by: com.kms.katalon.core.exception.StepFailedException: Call Test Case 'Test Cases/Master Data/Admin Sekolah/Master Data Tagihan/Tambah Tagihan' failed
	at com.kms.katalon.core.keyword.builtin.CallTestCaseKeyword$_callTestCase_closure1.doCall(CallTestCaseKeyword.groovy:63)
	at com.kms.katalon.core.keyword.builtin.CallTestCaseKeyword$_callTestCase_closure1.call(CallTestCaseKeyword.groovy)
	at com.kms.katalon.core.keyword.internal.KeywordMain.runKeyword(KeywordMain.groovy:75)
	... 22 more
Caused by: com.kms.katalon.core.exception.StepFailedException: Unable to click on object 'Object Repository/Master Data/Admin Sekolah/Tambah Tagihan/Klik Tahun Ajaran'
	at com.kms.katalon.core.webui.keyword.internal.WebUIKeywordMain.stepFailed(WebUIKeywordMain.groovy:117)
	at com.kms.katalon.core.webui.keyword.internal.WebUIKeywordMain.runKeyword(WebUIKeywordMain.groovy:43)
	at com.kms.katalon.core.webui.keyword.builtin.ClickKeyword.click(ClickKeyword.groovy:75)
	at com.kms.katalon.core.webui.keyword.builtin.ClickKeyword.execute(ClickKeyword.groovy:40)
	at com.kms.katalon.core.keyword.internal.KeywordExecutor.executeKeywordForPlatform(KeywordExecutor.groovy:74)
	at com.kms.katalon.core.webui.keyword.WebUiBuiltInKeywords.click(WebUiBuiltInKeywords.groovy:696)
	at Tambah Tagihan.run(Tambah Tagihan:45)
	at com.kms.katalon.core.main.ScriptEngine.run(ScriptEngine.java:194)
	at com.kms.katalon.core.main.ScriptEngine.runScriptAsRawText(ScriptEngine.java:119)
	at com.kms.katalon.core.main.TestCaseExecutor.runScript(TestCaseExecutor.java:448)
	at com.kms.katalon.core.main.TestCaseExecutor.doExecute(TestCaseExecutor.java:439)
	at com.kms.katalon.core.main.TestCaseExecutor.processExecutionPhase(TestCaseExecutor.java:418)
	at com.kms.katalon.core.main.TestCaseExecutor.accessMainPhase(TestCaseExecutor.java:410)
	at com.kms.katalon.core.main.TestCaseExecutor.execute(TestCaseExecutor.java:285)
	at com.kms.katalon.core.main.TestCaseMain.runTestCase(TestCaseMain.java:133)
	at com.kms.katalon.core.keyword.builtin.CallTestCaseKeyword$_callTestCase_closure1.doCall(CallTestCaseKeyword.groovy:59)
	... 24 more
Caused by: com.kms.katalon.core.webui.exception.WebElementNotFoundException: Web element with id: 'Object Repository/Master Data/Admin Sekolah/Tambah Tagihan/Klik Tahun Ajaran' located by '//*[@data-testid = 'select-field' and (text() = 'Pilih tahun ajaran' or . = 'Pilih tahun ajaran')]' not found
	at com.kms.katalon.core.webui.common.WebUiCommonHelper.findWebElement(WebUiCommonHelper.java:1426)
	at com.kms.katalon.core.webui.keyword.internal.WebUIAbstractKeyword.findWebElement(WebUIAbstractKeyword.groovy:27)
	at com.kms.katalon.core.webui.keyword.builtin.ClickKeyword$_click_closure1.doCall(ClickKeyword.groovy:66)
	at com.kms.katalon.core.webui.keyword.builtin.ClickKeyword$_click_closure1.call(ClickKeyword.groovy)
	at com.kms.katalon.core.webui.keyword.internal.WebUIKeywordMain.runKeyword(WebUIKeywordMain.groovy:35)
	... 38 more]]></system-out>
      <system-err><![CDATA[01-01-2025T23:09:41 - [TEST_SUITE][FAILED] - SPRINT 2: Test Cases/Regresi Feature/Sprint 2/Regresi Tagihan FAILED.
Reason:
com.kms.katalon.core.exception.StepFailedException: Unable to call Test Case 'Test Cases/Master Data/Admin Sekolah/Master Data Tagihan/Tambah Tagihan' (Root cause: com.kms.katalon.core.exception.StepFailedException: Call Test Case 'Test Cases/Master Data/Admin Sekolah/Master Data Tagihan/Tambah Tagihan' failed
	at com.kms.katalon.core.keyword.builtin.CallTestCaseKeyword$_callTestCase_closure1.doCall(CallTestCaseKeyword.groovy:63)
	at com.kms.katalon.core.keyword.builtin.CallTestCaseKeyword$_callTestCase_closure1.call(CallTestCaseKeyword.groovy)
	at com.kms.katalon.core.keyword.internal.KeywordMain.runKeyword(KeywordMain.groovy:75)
	at com.kms.katalon.core.keyword.builtin.CallTestCaseKeyword.callTestCase(CallTestCaseKeyword.groovy:81)
	at com.kms.katalon.core.keyword.builtin.CallTestCaseKeyword.execute(CallTestCaseKeyword.groovy:44)
	at com.kms.katalon.core.keyword.internal.KeywordExecutor.executeKeywordForPlatform(KeywordExecutor.groovy:74)
	at com.kms.katalon.core.keyword.BuiltinKeywords.callTestCase(BuiltinKeywords.groovy:310)
	at jdk.internal.reflect.GeneratedMethodAccessor52.invoke(Unknown Source)
	at java.base/jdk.internal.reflect.DelegatingMethodAccessorImpl.invoke(DelegatingMethodAccessorImpl.java:43)
	at Regresi Tagihan.run(Regresi Tagihan:28)
	at com.kms.katalon.core.main.ScriptEngine.run(ScriptEngine.java:194)
	at com.kms.katalon.core.main.ScriptEngine.runScriptAsRawText(ScriptEngine.java:119)
	at com.kms.katalon.core.main.TestCaseExecutor.runScript(TestCaseExecutor.java:448)
	at com.kms.katalon.core.main.TestCaseExecutor.doExecute(TestCaseExecutor.java:439)
	at com.kms.katalon.core.main.TestCaseExecutor.processExecutionPhase(TestCaseExecutor.java:418)
	at com.kms.katalon.core.main.TestCaseExecutor.accessMainPhase(TestCaseExecutor.java:410)
	at com.kms.katalon.core.main.TestCaseExecutor.execute(TestCaseExecutor.java:285)
	at com.kms.katalon.core.common.CommonExecutor.accessTestCaseMainPhase(CommonExecutor.java:65)
	at com.kms.katalon.core.main.TestSuiteExecutor.accessTestSuiteMainPhase(TestSuiteExecutor.java:161)
	at com.kms.katalon.core.main.TestSuiteExecutor.execute(TestSuiteExecutor.java:107)
	at com.kms.katalon.core.main.TestCaseMain.startTestSuite(TestCaseMain.java:176)
	at TempTestSuite1735747775748.run(TempTestSuite1735747775748.groovy:35)
	at java.base/jdk.internal.reflect.NativeMethodAccessorImpl.invoke0(Native Method)
	at java.base/jdk.internal.reflect.NativeMethodAccessorImpl.invoke(NativeMethodAccessorImpl.java:77)
	at java.base/jdk.internal.reflect.DelegatingMethodAccessorImpl.invoke(DelegatingMethodAccessorImpl.java:43)
Caused by: com.kms.katalon.core.exception.StepFailedException: Unable to click on object 'Object Repository/Master Data/Admin Sekolah/Tambah Tagihan/Klik Tahun Ajaran'
	at com.kms.katalon.core.webui.keyword.internal.WebUIKeywordMain.stepFailed(WebUIKeywordMain.groovy:117)
	at com.kms.katalon.core.webui.keyword.internal.WebUIKeywordMain.runKeyword(WebUIKeywordMain.groovy:43)
	at com.kms.katalon.core.webui.keyword.builtin.ClickKeyword.click(ClickKeyword.groovy:75)
	at com.kms.katalon.core.webui.keyword.builtin.ClickKeyword.execute(ClickKeyword.groovy:40)
	at com.kms.katalon.core.keyword.internal.KeywordExecutor.executeKeywordForPlatform(KeywordExecutor.groovy:74)
	at com.kms.katalon.core.webui.keyword.WebUiBuiltInKeywords.click(WebUiBuiltInKeywords.groovy:696)
	at Tambah Tagihan.run(Tambah Tagihan:45)
	at com.kms.katalon.core.main.ScriptEngine.run(ScriptEngine.java:194)
	at com.kms.katalon.core.main.ScriptEngine.runScriptAsRawText(ScriptEngine.java:119)
	at com.kms.katalon.core.main.TestCaseExecutor.runScript(TestCaseExecutor.java:448)
	at com.kms.katalon.core.main.TestCaseExecutor.doExecute(TestCaseExecutor.java:439)
	at com.kms.katalon.core.main.TestCaseExecutor.processExecutionPhase(TestCaseExecutor.java:418)
	at com.kms.katalon.core.main.TestCaseExecutor.accessMainPhase(TestCaseExecutor.java:410)
	at com.kms.katalon.core.main.TestCaseExecutor.execute(TestCaseExecutor.java:285)
	at com.kms.katalon.core.main.TestCaseMain.runTestCase(TestCaseMain.java:133)
	at com.kms.katalon.core.keyword.builtin.CallTestCaseKeyword$_callTestCase_closure1.doCall(CallTestCaseKeyword.groovy:59)
	... 24 more
Caused by: com.kms.katalon.core.webui.exception.WebElementNotFoundException: Web element with id: 'Object Repository/Master Data/Admin Sekolah/Tambah Tagihan/Klik Tahun Ajaran' located by '//*[@data-testid = 'select-field' and (text() = 'Pilih tahun ajaran' or . = 'Pilih tahun ajaran')]' not found
	at com.kms.katalon.core.webui.common.WebUiCommonHelper.findWebElement(WebUiCommonHelper.java:1426)
	at com.kms.katalon.core.webui.keyword.internal.WebUIAbstractKeyword.findWebElement(WebUIAbstractKeyword.groovy:27)
	at com.kms.katalon.core.webui.keyword.builtin.ClickKeyword$_click_closure1.doCall(ClickKeyword.groovy:66)
	at com.kms.katalon.core.webui.keyword.builtin.ClickKeyword$_click_closure1.call(ClickKeyword.groovy)
	at com.kms.katalon.core.webui.keyword.internal.WebUIKeywordMain.runKeyword(WebUIKeywordMain.groovy:35)
	... 38 more
)
	at com.kms.katalon.core.keyword.internal.KeywordMain.stepFailed(KeywordMain.groovy:39)
	at com.kms.katalon.core.keyword.internal.KeywordMain.stepFailed(KeywordMain.groovy)
	at com.kms.katalon.core.keyword.internal.KeywordMain.runKeyword(KeywordMain.groovy:77)
	at com.kms.katalon.core.keyword.builtin.CallTestCaseKeyword.callTestCase(CallTestCaseKeyword.groovy:81)
	at com.kms.katalon.core.keyword.builtin.CallTestCaseKeyword.execute(CallTestCaseKeyword.groovy:44)
	at com.kms.katalon.core.keyword.internal.KeywordExecutor.executeKeywordForPlatform(KeywordExecutor.groovy:74)
	at com.kms.katalon.core.keyword.BuiltinKeywords.callTestCase(BuiltinKeywords.groovy:310)
	at jdk.internal.reflect.GeneratedMethodAccessor52.invoke(Unknown Source)
	at java.base/jdk.internal.reflect.DelegatingMethodAccessorImpl.invoke(DelegatingMethodAccessorImpl.java:43)
	at Regresi Tagihan.run(Regresi Tagihan:28)
	at com.kms.katalon.core.main.ScriptEngine.run(ScriptEngine.java:194)
	at com.kms.katalon.core.main.ScriptEngine.runScriptAsRawText(ScriptEngine.java:119)
	at com.kms.katalon.core.main.TestCaseExecutor.runScript(TestCaseExecutor.java:448)
	at com.kms.katalon.core.main.TestCaseExecutor.doExecute(TestCaseExecutor.java:439)
	at com.kms.katalon.core.main.TestCaseExecutor.processExecutionPhase(TestCaseExecutor.java:418)
	at com.kms.katalon.core.main.TestCaseExecutor.accessMainPhase(TestCaseExecutor.java:410)
	at com.kms.katalon.core.main.TestCaseExecutor.execute(TestCaseExecutor.java:285)
	at com.kms.katalon.core.common.CommonExecutor.accessTestCaseMainPhase(CommonExecutor.java:65)
	at com.kms.katalon.core.main.TestSuiteExecutor.accessTestSuiteMainPhase(TestSuiteExecutor.java:161)
	at com.kms.katalon.core.main.TestSuiteExecutor.execute(TestSuiteExecutor.java:107)
	at com.kms.katalon.core.main.TestCaseMain.startTestSuite(TestCaseMain.java:176)
	at TempTestSuite1735747775748.run(TempTestSuite1735747775748.groovy:35)
	at java.base/jdk.internal.reflect.NativeMethodAccessorImpl.invoke0(Native Method)
	at java.base/jdk.internal.reflect.NativeMethodAccessorImpl.invoke(NativeMethodAccessorImpl.java:77)
	at java.base/jdk.internal.reflect.DelegatingMethodAccessorImpl.invoke(DelegatingMethodAccessorImpl.java:43)
Caused by: com.kms.katalon.core.exception.StepFailedException: Call Test Case 'Test Cases/Master Data/Admin Sekolah/Master Data Tagihan/Tambah Tagihan' failed
	at com.kms.katalon.core.keyword.builtin.CallTestCaseKeyword$_callTestCase_closure1.doCall(CallTestCaseKeyword.groovy:63)
	at com.kms.katalon.core.keyword.builtin.CallTestCaseKeyword$_callTestCase_closure1.call(CallTestCaseKeyword.groovy)
	at com.kms.katalon.core.keyword.internal.KeywordMain.runKeyword(KeywordMain.groovy:75)
	... 22 more
Caused by: com.kms.katalon.core.exception.StepFailedException: Unable to click on object 'Object Repository/Master Data/Admin Sekolah/Tambah Tagihan/Klik Tahun Ajaran'
	at com.kms.katalon.core.webui.keyword.internal.WebUIKeywordMain.stepFailed(WebUIKeywordMain.groovy:117)
	at com.kms.katalon.core.webui.keyword.internal.WebUIKeywordMain.runKeyword(WebUIKeywordMain.groovy:43)
	at com.kms.katalon.core.webui.keyword.builtin.ClickKeyword.click(ClickKeyword.groovy:75)
	at com.kms.katalon.core.webui.keyword.builtin.ClickKeyword.execute(ClickKeyword.groovy:40)
	at com.kms.katalon.core.keyword.internal.KeywordExecutor.executeKeywordForPlatform(KeywordExecutor.groovy:74)
	at com.kms.katalon.core.webui.keyword.WebUiBuiltInKeywords.click(WebUiBuiltInKeywords.groovy:696)
	at Tambah Tagihan.run(Tambah Tagihan:45)
	at com.kms.katalon.core.main.ScriptEngine.run(ScriptEngine.java:194)
	at com.kms.katalon.core.main.ScriptEngine.runScriptAsRawText(ScriptEngine.java:119)
	at com.kms.katalon.core.main.TestCaseExecutor.runScript(TestCaseExecutor.java:448)
	at com.kms.katalon.core.main.TestCaseExecutor.doExecute(TestCaseExecutor.java:439)
	at com.kms.katalon.core.main.TestCaseExecutor.processExecutionPhase(TestCaseExecutor.java:418)
	at com.kms.katalon.core.main.TestCaseExecutor.accessMainPhase(TestCaseExecutor.java:410)
	at com.kms.katalon.core.main.TestCaseExecutor.execute(TestCaseExecutor.java:285)
	at com.kms.katalon.core.main.TestCaseMain.runTestCase(TestCaseMain.java:133)
	at com.kms.katalon.core.keyword.builtin.CallTestCaseKeyword$_callTestCase_closure1.doCall(CallTestCaseKeyword.groovy:59)
	... 24 more
Caused by: com.kms.katalon.core.webui.exception.WebElementNotFoundException: Web element with id: 'Object Repository/Master Data/Admin Sekolah/Tambah Tagihan/Klik Tahun Ajaran' located by '//*[@data-testid = 'select-field' and (text() = 'Pilih tahun ajaran' or . = 'Pilih tahun ajaran')]' not found
	at com.kms.katalon.core.webui.common.WebUiCommonHelper.findWebElement(WebUiCommonHelper.java:1426)
	at com.kms.katalon.core.webui.keyword.internal.WebUIAbstractKeyword.findWebElement(WebUIAbstractKeyword.groovy:27)
	at com.kms.katalon.core.webui.keyword.builtin.ClickKeyword$_click_closure1.doCall(ClickKeyword.groovy:66)
	at com.kms.katalon.core.webui.keyword.builtin.ClickKeyword$_click_closure1.call(ClickKeyword.groovy)
	at com.kms.katalon.core.webui.keyword.internal.WebUIKeywordMain.runKeyword(WebUIKeywordMain.groovy:35)
	... 38 more]]></system-err>
   </testsuite>
</testsuites>
